<?xml version="1.0" encoding="utf-8"?><testsuites name="pytest tests"><testsuite name="pytest" errors="0" failures="0" skipped="0" tests="10" time="5.020" timestamp="2026-07-28T20:44:23.195736+00:00" hostname="agent-env-5fea00b5-37f3-49c5-9521-8e803208718f"><testcase classname="backend.tests.test_core001_product_intelligence.TestProductMap" name="test_requires_auth" time="3.413" /><testcase classname="backend.tests.test_core001_product_intelligence.TestProductMap" name="test_get_product_map" time="0.519" /><testcase classname="backend.tests.test_core001_product_intelligence.TestProductMap" name="test_refresh_changes_generated_at" time="0.234" /><testcase classname="backend.tests.test_core001_product_intelligence.TestSnapshots" name="test_create_and_list" time="0.250" /><testcase classname="backend.tests.test_core001_product_intelligence.TestSnapshots" name="test_compare" time="0.117" /><testcase classname="backend.tests.test_core001_product_intelligence.TestSnapshots" name="test_compare_invalid" time="0.053" /><testcase classname="backend.tests.test_core001_product_intelligence.TestReport" name="test_report_generates_markdown" time="0.174" /><testcase classname="backend.tests.test_core001_product_intelligence.TestAIBrainRegression" name="test_status" time="0.081" /><testcase classname="backend.tests.test_core001_product_intelligence.TestAIBrainRegression" name="test_registry_modules" time="0.053" /><testcase classname="backend.tests.test_core001_product_intelligence.TestAIBrainRegression" name="test_graph_overview" time="0.070" /></testsuite></testsuites>