<?xml version="1.0" encoding="utf-8"?><testsuites name="pytest tests"><testsuite name="pytest" errors="0" failures="0" skipped="0" tests="21" time="7.276" timestamp="2026-07-27T09:47:05.711238+00:00" hostname="agent-env-5fea00b5-37f3-49c5-9521-8e803208718f"><testcase classname="backend.tests.test_cx3_passport_iter135.TestOwner" name="test_list_properties" time="3.766" /><testcase classname="backend.tests.test_cx3_passport_iter135.TestOwner" name="test_get_passport" time="0.054" /><testcase classname="backend.tests.test_cx3_passport_iter135.TestOwner" name="test_patch_privacy_show_address" time="0.166" /><testcase classname="backend.tests.test_cx3_passport_iter135.TestOwner" name="test_patch_privacy_hide_address" time="0.156" /><testcase classname="backend.tests.test_cx3_passport_iter135.TestOwner" name="test_disable_then_reenable" time="0.198" /><testcase classname="backend.tests.test_cx3_passport_iter135.TestPublic" name="test_public_payload_structure" time="0.101" /><testcase classname="backend.tests.test_cx3_passport_iter135.TestPublic" name="test_trust_score_sum_and_cap" time="0.110" /><testcase classname="backend.tests.test_cx3_passport_iter135.TestPublic" name="test_no_leakage_of_secrets" time="0.114" /><testcase classname="backend.tests.test_cx3_passport_iter135.TestPublic" name="test_qr_png" time="0.121" /><testcase classname="backend.tests.test_cx3_passport_iter135.TestPublic" name="test_invalid_slug_404" time="0.099" /><testcase classname="backend.tests.test_cx3_passport_iter135.TestPrivacy" name="test_hide_documents" time="0.228" /><testcase classname="backend.tests.test_cx3_passport_iter135.TestPrivacy" name="test_hide_timeline" time="0.232" /><testcase classname="backend.tests.test_cx3_passport_iter135.TestPrivacy" name="test_hide_scores" time="0.285" /><testcase classname="backend.tests.test_cx3_passport_iter135.TestSecurity" name="test_owner_endpoints_require_auth" time="0.352" /><testcase classname="backend.tests.test_cx3_passport_iter135.TestSecurity" name="test_other_owner_forbidden" time="0.558" /><testcase classname="backend.tests.test_cx3_passport_iter135.TestOG" name="test_bot_gets_html_og[facebookexternalhit/1.1]" time="0.104" /><testcase classname="backend.tests.test_cx3_passport_iter135.TestOG" name="test_bot_gets_html_og[WhatsApp/2.23]" time="0.109" /><testcase classname="backend.tests.test_cx3_passport_iter135.TestOG" name="test_bot_gets_html_og[LinkedInBot/1.0 (compatible; Mozilla/5.0)]" time="0.104" /><testcase classname="backend.tests.test_cx3_passport_iter135.TestOG" name="test_browser_gets_redirect" time="0.107" /><testcase classname="backend.tests.test_cx3_passport_iter135.TestOG" name="test_share_invalid_slug_404" time="0.103" /><testcase classname="backend.tests.test_cx3_passport_iter135.TestOG" name="test_og_fallback_image" time="0.147" /></testsuite></testsuites>