<?xml version="1.0" encoding="utf-8"?><testsuites name="pytest tests"><testsuite name="pytest" errors="0" failures="0" skipped="0" tests="14" time="6.406" timestamp="2026-08-24T10:54:09.629878+00:00" hostname="agent-env-5fea00b5-37f3-49c5-9521-8e803208718f"><testcase classname="backend.tests.test_entitlements_iter100.TestMeEntitlements" name="test_client_premium" time="4.001" /><testcase classname="backend.tests.test_entitlements_iter100.TestMeEntitlements" name="test_admin_bypass" time="0.436" /><testcase classname="backend.tests.test_entitlements_iter100.TestMeEntitlements" name="test_free_user" time="0.614" /><testcase classname="backend.tests.test_entitlements_iter100.TestHouseHealthGate" name="test_dashboard_free_no_twin" time="0.067" /><testcase classname="backend.tests.test_entitlements_iter100.TestHouseHealthGate" name="test_dashboard_client_premium_not_locked_by_sub" time="0.066" /><testcase classname="backend.tests.test_entitlements_iter100.TestHouseHealthGate" name="test_documents_post_free_402" time="0.046" /><testcase classname="backend.tests.test_entitlements_iter100.TestHouseHealthGate" name="test_documents_post_premium_not_402" time="0.066" /><testcase classname="backend.tests.test_entitlements_iter100.TestHouseHealthGate" name="test_eligibility_regression" time="0.062" /><testcase classname="backend.tests.test_entitlements_iter100.TestHouseHealthGate" name="test_documents_list_regression" time="0.062" /><testcase classname="backend.tests.test_entitlements_iter100.TestAdminEntitlements" name="test_catalog_admin" time="0.076" /><testcase classname="backend.tests.test_entitlements_iter100.TestAdminEntitlements" name="test_catalog_client_forbidden" time="0.064" /><testcase classname="backend.tests.test_entitlements_iter100.TestAdminEntitlements" name="test_admin_lookup_valid" time="0.143" /><testcase classname="backend.tests.test_entitlements_iter100.TestAdminEntitlements" name="test_admin_lookup_forbidden_for_client" time="0.064" /><testcase classname="backend.tests.test_entitlements_iter100.TestAdminEntitlements" name="test_admin_lookup_not_found" time="0.584" /></testsuite></testsuites>