<?xml version="1.0" encoding="utf-8"?><testsuites name="pytest tests"><testsuite name="pytest" errors="0" failures="0" skipped="0" tests="24" time="6.759" timestamp="2026-07-27T10:47:09.142994+00:00" hostname="agent-env-5fea00b5-37f3-49c5-9521-8e803208718f"><testcase classname="backend.tests.test_eo026_beta_gate_iter136.TestPassportTracking" name="test_track_view_qr" time="3.222" /><testcase classname="backend.tests.test_eo026_beta_gate_iter136.TestPassportTracking" name="test_track_leave_duration" time="0.099" /><testcase classname="backend.tests.test_eo026_beta_gate_iter136.TestPassportTracking" name="test_track_share_wa" time="0.095" /><testcase classname="backend.tests.test_eo026_beta_gate_iter136.TestPassportTracking" name="test_track_cta_click" time="0.111" /><testcase classname="backend.tests.test_eo026_beta_gate_iter136.TestPassportTracking" name="test_track_invalid_event_400" time="0.099" /><testcase classname="backend.tests.test_eo026_beta_gate_iter136.TestPassportTracking" name="test_track_nonexistent_slug_404" time="0.104" /><testcase classname="backend.tests.test_eo026_beta_gate_iter136.TestPassportTracking" name="test_track_bot_ua_skipped" time="0.098" /><testcase classname="backend.tests.test_eo026_beta_gate_iter136.TestOwnerAnalytics" name="test_owner_analytics_ok" time="0.369" /><testcase classname="backend.tests.test_eo026_beta_gate_iter136.TestOwnerAnalytics" name="test_owner_analytics_no_auth_401" time="0.099" /><testcase classname="backend.tests.test_eo026_beta_gate_iter136.TestOwnerAnalytics" name="test_owner_analytics_wrong_user_blocked" time="0.595" /><testcase classname="backend.tests.test_eo026_beta_gate_iter136.TestConversion" name="test_register_and_attribute" time="0.631" /><testcase classname="backend.tests.test_eo026_beta_gate_iter136.TestBetaCockpit" name="test_overview_admin" time="0.409" /><testcase classname="backend.tests.test_eo026_beta_gate_iter136.TestBetaCockpit" name="test_overview_client_forbidden" time="0.049" /><testcase classname="backend.tests.test_eo026_beta_gate_iter136.TestVoC" name="test_submit_feedback_ok" time="0.048" /><testcase classname="backend.tests.test_eo026_beta_gate_iter136.TestVoC" name="test_submit_feedback_empty_400" time="0.045" /><testcase classname="backend.tests.test_eo026_beta_gate_iter136.TestVoC" name="test_admin_list_feedback" time="0.051" /><testcase classname="backend.tests.test_eo026_beta_gate_iter136.TestVoC" name="test_client_forbidden_on_admin_feedback" time="0.046" /><testcase classname="backend.tests.test_eo026_beta_gate_iter136.TestVoC" name="test_feedback_dedup_same_day" time="0.049" /><testcase classname="backend.tests.test_eo026_beta_gate_iter136.TestPurgeDemo" name="test_purge_dry_run_ok" time="0.058" /><testcase classname="backend.tests.test_eo026_beta_gate_iter136.TestPurgeDemo" name="test_purge_wrong_code_400" time="0.050" /><testcase classname="backend.tests.test_eo026_beta_gate_iter136.TestPurgeDemo" name="test_purge_client_forbidden" time="0.055" /><testcase classname="backend.tests.test_eo026_beta_gate_iter136.TestOgQrRegression" name="test_og_share_browser_redirect" time="0.097" /><testcase classname="backend.tests.test_eo026_beta_gate_iter136.TestOgQrRegression" name="test_og_share_bot_html" time="0.103" /><testcase classname="backend.tests.test_eo026_beta_gate_iter136.TestOgQrRegression" name="test_qr_png" time="0.111" /></testsuite></testsuites>