<?xml version="1.0" encoding="utf-8"?><testsuites name="pytest tests"><testsuite name="pytest" errors="0" failures="1" skipped="1" tests="19" time="28.190" timestamp="2026-06-25T08:27:34.492296+00:00" hostname="agent-env-5fea00b5-37f3-49c5-9521-8e803208718f"><testcase classname="backend.tests.test_it_collaborators.TestITCollabsAuth" name="test_list_no_auth_returns_401" time="3.099" /><testcase classname="backend.tests.test_it_collaborators.TestITCollabsAuth" name="test_list_with_super_admin_returns_200" time="0.376" /><testcase classname="backend.tests.test_it_collaborators.TestITCollabsAuth" name="test_sub_admin_gets_403" time="0.331"><skipped type="pytest.skip" message="No scoped sub-admin available to test 403">/app/backend/tests/test_it_collaborators.py:60: No scoped sub-admin available to test 403</skipped></testcase><testcase classname="backend.tests.test_it_collaborators.TestITCollabsCRUD" name="test_create_collaborator_success" time="0.046" /><testcase classname="backend.tests.test_it_collaborators.TestITCollabsCRUD" name="test_create_invalid_role_returns_400" time="0.044" /><testcase classname="backend.tests.test_it_collaborators.TestITCollabsCRUD" name="test_create_invalid_seniority_returns_400" time="0.047" /><testcase classname="backend.tests.test_it_collaborators.TestITCollabsCRUD" name="test_create_invalid_status_returns_400" time="0.046" /><testcase classname="backend.tests.test_it_collaborators.TestITCollabsCRUD" name="test_duplicate_email_returns_409" time="0.089" /><testcase classname="backend.tests.test_it_collaborators.TestITCollabsCRUD" name="test_get_existing_returns_200" time="0.048" /><testcase classname="backend.tests.test_it_collaborators.TestITCollabsCRUD" name="test_get_invalid_returns_404_or_400" time="0.043" /><testcase classname="backend.tests.test_it_collaborators.TestITCollabsCRUD" name="test_patch_collaborator" time="0.085" /><testcase classname="backend.tests.test_it_collaborators.TestITCollabsCRUD" name="test_update_metrics" time="0.045" /><testcase classname="backend.tests.test_it_collaborators.TestITCollabsCRUD" name="test_delete_soft_archives" time="0.086" /><testcase classname="backend.tests.test_it_collaborators.TestCopilot" name="test_copilot_analyze" time="23.482" /><testcase classname="backend.tests.test_it_collaborators.TestCopilot" name="test_copilot_history" time="0.052" /><testcase classname="backend.tests.test_it_collaborators.TestRegression" name="test_auth_me" time="0.043" /><testcase classname="backend.tests.test_it_collaborators.TestRegression" name="test_manual_tester_suites" time="0.045" /><testcase classname="backend.tests.test_it_collaborators.TestRegression" name="test_adaptive_maturity" time="0.045"><failure message="assert 404 in (200, 401, 403)&#10; +  where 404 = &lt;Response [404]&gt;.status_code">backend/tests/test_it_collaborators.py:214: in test_adaptive_maturity
    assert r.status_code in (200, 401, 403)  # may be public or auth
    ^^^^^^^^^^^^^^^^^^^^^^^^^^^^^^^^^^^^^^^
E   assert 404 in (200, 401, 403)
E    +  where 404 = &lt;Response [404]&gt;.status_code</failure></testcase><testcase classname="backend.tests.test_it_collaborators.TestRegression" name="test_house_health_plans" time="0.048" /></testsuite></testsuites>