<?xml version="1.0" encoding="utf-8"?><testsuites name="pytest tests"><testsuite name="pytest" errors="0" failures="0" skipped="0" tests="8" time="8.955" timestamp="2026-08-24T12:11:06.585835+00:00" hostname="agent-env-5fea00b5-37f3-49c5-9521-8e803208718f"><testcase classname="backend.tests.test_task5_regression_iter187.TestEntitlementsContract" name="test_free_user_entitlements" time="5.042" /><testcase classname="backend.tests.test_task5_regression_iter187.TestEntitlementsContract" name="test_client_premium_entitlements" time="0.478" /><testcase classname="backend.tests.test_task5_regression_iter187.TestEntitlementsContract" name="test_admin_entitlements_bypass" time="0.466" /><testcase classname="backend.tests.test_task5_regression_iter187.TestFreeUserGated402" name="test_free_user_dt_project_post_returns_402" time="0.665" /><testcase classname="backend.tests.test_task5_regression_iter187.TestFreeUserGated402" name="test_free_user_house_health_checkout_returns_2xx_or_402" time="0.689" /><testcase classname="backend.tests.test_task5_regression_iter187.TestCancelIdempotent" name="test_cancel_no_sub_returns_404" time="0.654" /><testcase classname="backend.tests.test_task5_regression_iter187.TestClientRegressions" name="test_client_get_house_health_dashboard" time="0.503" /><testcase classname="backend.tests.test_task5_regression_iter187.TestClientRegressions" name="test_client_can_post_dt_project" time="0.421" /></testsuite></testsuites>