<?xml version="1.0" encoding="utf-8"?><testsuites name="pytest tests"><testsuite name="pytest" errors="0" failures="0" skipped="0" tests="15" time="13.277" timestamp="2026-07-11T11:09:13.263677+00:00" hostname="agent-env-5fea00b5-37f3-49c5-9521-8e803208718f"><testcase classname="backend.tests.test_interior_design_iter106.TestPublicContent" name="test_content_no_auth" time="3.156" /><testcase classname="backend.tests.test_interior_design_iter106.TestLeadCreation" name="test_create_lead" time="0.054" /><testcase classname="backend.tests.test_interior_design_iter106.TestLeadCreation" name="test_lead_invalid_email" time="0.046" /><testcase classname="backend.tests.test_interior_design_iter106.TestAssistant" name="test_assistant_answers_ro" time="8.809" /><testcase classname="backend.tests.test_interior_design_iter106.TestAssistant" name="test_assistant_empty_question" time="0.047" /><testcase classname="backend.tests.test_interior_design_iter106.TestAdminAuthGate" name="test_admin_content_requires_auth" time="0.048" /><testcase classname="backend.tests.test_interior_design_iter106.TestAdminAuthGate" name="test_admin_leads_requires_auth" time="0.044" /><testcase classname="backend.tests.test_interior_design_iter106.TestAdminContent" name="test_admin_get_content" time="0.375" /><testcase classname="backend.tests.test_interior_design_iter106.TestAdminContent" name="test_admin_update_content_persists" time="0.176" /><testcase classname="backend.tests.test_interior_design_iter106.TestAdminContent" name="test_admin_update_rejects_invalid_field" time="0.080" /><testcase classname="backend.tests.test_interior_design_iter106.TestAdminLeads" name="test_admin_leads_list_contains_test_lead" time="0.043" /><testcase classname="backend.tests.test_interior_design_iter106.TestAdminLeads" name="test_admin_patch_lead_status" time="0.166" /><testcase classname="backend.tests.test_interior_design_iter106.TestAdminLeads" name="test_admin_patch_lead_invalid_status" time="0.081" /><testcase classname="backend.tests.test_interior_design_iter106.TestAdminLeads" name="test_admin_patch_lead_not_found" time="0.042" /><testcase classname="backend.tests.test_interior_design_iter106.TestSitemap" name="test_sitemap_includes_design_interior" time="0.059" /></testsuite></testsuites>