<?xml version="1.0" encoding="utf-8"?><testsuites name="pytest tests"><testsuite name="pytest" errors="0" failures="3" skipped="0" tests="27" time="23.244" timestamp="2026-06-25T13:50:15.677683+00:00" hostname="agent-env-5fea00b5-37f3-49c5-9521-8e803208718f"><testcase classname="backend.tests.test_marketing_performance.TestLogPerformance" name="test_log_on_draft_fails" time="2.875" /><testcase classname="backend.tests.test_marketing_performance.TestLogPerformance" name="test_log_on_approved_ok_with_deltas" time="0.116" /><testcase classname="backend.tests.test_marketing_performance.TestLogPerformance" name="test_log_invalid_id" time="0.049" /><testcase classname="backend.tests.test_marketing_performance.TestLogPerformance" name="test_log_validation_negative" time="0.043" /><testcase classname="backend.tests.test_marketing_performance.TestGetLogs" name="test_get_logs_sorted_desc" time="0.044" /><testcase classname="backend.tests.test_marketing_performance.TestGetLogs" name="test_campaign_has_last_performance" time="0.045" /><testcase classname="backend.tests.test_marketing_performance.TestComplete" name="test_complete_rejects_draft" time="0.044" /><testcase classname="backend.tests.test_marketing_performance.TestSummary" name="test_summary_structure" time="0.047" /><testcase classname="backend.tests.test_marketing_performance.TestLearnings" name="test_active_when_none" time="0.085" /><testcase classname="backend.tests.test_marketing_performance.TestLearnings" name="test_generate_learnings_min_3_or_400" time="18.555" /><testcase classname="backend.tests.test_marketing_performance.TestLearnings" name="test_active_after_generate" time="0.044" /><testcase classname="backend.tests.test_marketing_performance.TestCalibrationLoop" name="test_generator_marks_calibration_applied" time="0.094"><failure message="AssertionError: {&quot;detail&quot;:&quot;Obiectiv invalid. Permise: ['awareness', 'conversions', 'engagement', 'leads', 'retention']&quot;}&#10;assert 400 == 200&#10; +  where 400 = &lt;Response [400]&gt;.status_code">backend/tests/test_marketing_performance.py:268: in test_generator_marks_calibration_applied
    assert r.status_code == 200, r.text
E   AssertionError: {"detail":"Obiectiv invalid. Permise: ['awareness', 'conversions', 'engagement', 'leads', 'retention']"}
E   assert 400 == 200
E    +  where 400 = &lt;Response [400]&gt;.status_code</failure></testcase><testcase classname="backend.tests.test_marketing_performance.TestRBAC" name="test_client_forbidden[POST-/api/admin/marketing/campaigns/000000000000000000000000/performance-body0]" time="0.396" /><testcase classname="backend.tests.test_marketing_performance.TestRBAC" name="test_client_forbidden[GET-/api/admin/marketing/campaigns/000000000000000000000000/performance-None]" time="0.044" /><testcase classname="backend.tests.test_marketing_performance.TestRBAC" name="test_client_forbidden[POST-/api/admin/marketing/campaigns/000000000000000000000000/complete-None]" time="0.046" /><testcase classname="backend.tests.test_marketing_performance.TestRBAC" name="test_client_forbidden[GET-/api/admin/marketing/performance/summary-None]" time="0.047" /><testcase classname="backend.tests.test_marketing_performance.TestRBAC" name="test_client_forbidden[POST-/api/admin/marketing/performance/learnings/generate-None]" time="0.057" /><testcase classname="backend.tests.test_marketing_performance.TestRBAC" name="test_client_forbidden[GET-/api/admin/marketing/performance/learnings/active-None]" time="0.049" /><testcase classname="backend.tests.test_marketing_performance.TestRegression" name="test_endpoint_alive[/api/admin/marketing/campaigns]" time="0.045" /><testcase classname="backend.tests.test_marketing_performance.TestRegression" name="test_endpoint_alive[/api/admin/marketing/auto-triggers/recent]" time="0.046" /><testcase classname="backend.tests.test_marketing_performance.TestRegression" name="test_endpoint_alive[/api/admin/marketing/dashboard]" time="0.059" /><testcase classname="backend.tests.test_marketing_performance.TestRegression" name="test_endpoint_alive[/api/admin/marketing/insights]" time="0.089"><failure message="AssertionError: /api/admin/marketing/insights returned 405&#10;assert 405 == 200&#10; +  where 405 = &lt;Response [405]&gt;.status_code">backend/tests/test_marketing_performance.py:310: in test_endpoint_alive
    assert r.status_code == 200, f"{path} returned {r.status_code}"
E   AssertionError: /api/admin/marketing/insights returned 405
E   assert 405 == 200
E    +  where 405 = &lt;Response [405]&gt;.status_code</failure></testcase><testcase classname="backend.tests.test_marketing_performance.TestRegression" name="test_endpoint_alive[/api/admin/marketing/recommendations]" time="0.045"><failure message="AssertionError: /api/admin/marketing/recommendations returned 405&#10;assert 405 == 200&#10; +  where 405 = &lt;Response [405]&gt;.status_code">backend/tests/test_marketing_performance.py:310: in test_endpoint_alive
    assert r.status_code == 200, f"{path} returned {r.status_code}"
E   AssertionError: /api/admin/marketing/recommendations returned 405
E   assert 405 == 200
E    +  where 405 = &lt;Response [405]&gt;.status_code</failure></testcase><testcase classname="backend.tests.test_marketing_performance.TestRegression" name="test_endpoint_alive[/api/admin/marketing/segments]" time="0.049" /><testcase classname="backend.tests.test_marketing_performance.TestRegression" name="test_endpoint_alive[/api/admin/marketing/forecast]" time="0.045" /><testcase classname="backend.tests.test_marketing_performance.TestRegression" name="test_endpoint_alive[/api/admin/marketing/growth]" time="0.048" /><testcase classname="backend.tests.test_marketing_performance.TestRegression" name="test_endpoint_alive[/api/admin/marketing/future-ideas]" time="0.046" /></testsuite></testsuites>