<?xml version="1.0" encoding="utf-8"?><testsuites name="pytest tests"><testsuite name="pytest" errors="0" failures="0" skipped="0" tests="7" time="3.325" timestamp="2026-07-26T19:03:16.158859+00:00" hostname="agent-env-5fea00b5-37f3-49c5-9521-8e803208718f"><testcase classname="backend.tests.test_first_revenue_iter126.TestWarRoom" name="test_war_room_returns_structure" time="2.236" /><testcase classname="backend.tests.test_first_revenue_iter126.TestWarRoom" name="test_war_room_requires_auth" time="0.110" /><testcase classname="backend.tests.test_first_revenue_iter126.TestVECheckoutDemo" name="test_checkout_demo_creates_paid_order" time="0.257" /><testcase classname="backend.tests.test_first_revenue_iter126.TestMarkSold" name="test_mark_sold_computes_commission_and_hides_public" time="0.472" /><testcase classname="backend.tests.test_first_revenue_iter126.TestMarkSold" name="test_mark_sold_on_draft_returns_400" time="0.102" /><testcase classname="backend.tests.test_first_revenue_iter126.TestVEStatsAndSales" name="test_admin_sales_list" time="0.048" /><testcase classname="backend.tests.test_first_revenue_iter126.TestVEStatsAndSales" name="test_admin_stats_shape" time="0.052" /></testsuite></testsuites>