<?xml version="1.0" encoding="utf-8"?><testsuites name="pytest tests"><testsuite name="pytest" errors="0" failures="0" skipped="0" tests="18" time="3.487" timestamp="2026-07-11T17:24:39.925660+00:00" hostname="agent-env-5fea00b5-37f3-49c5-9521-8e803208718f"><testcase classname="backend.tests.test_iter114_service_hub_theme" name="test_public_content_full[design-exterior-Exterior Design]" time="0.520" /><testcase classname="backend.tests.test_iter114_service_hub_theme" name="test_public_content_full[arhitectura-Arhitectur\u0103]" time="0.100" /><testcase classname="backend.tests.test_iter114_service_hub_theme" name="test_public_content_invalid_slug" time="0.103" /><testcase classname="backend.tests.test_iter114_service_hub_theme" name="test_create_lead_dual_write" time="0.092" /><testcase classname="backend.tests.test_iter114_service_hub_theme" name="test_create_lead_minimal_ok" time="0.099" /><testcase classname="backend.tests.test_iter114_service_hub_theme" name="test_create_lead_invalid_email" time="0.120" /><testcase classname="backend.tests.test_iter114_service_hub_theme" name="test_create_lead_invalid_slug" time="0.111" /><testcase classname="backend.tests.test_iter114_service_hub_theme" name="test_admin_get_content" time="0.424" /><testcase classname="backend.tests.test_iter114_service_hub_theme" name="test_admin_put_content_and_restore" time="0.208" /><testcase classname="backend.tests.test_iter114_service_hub_theme" name="test_admin_put_only_disallowed_key" time="0.049" /><testcase classname="backend.tests.test_iter114_service_hub_theme" name="test_admin_put_unauth" time="0.106" /><testcase classname="backend.tests.test_iter114_service_hub_theme" name="test_admin_get_leads" time="0.046" /><testcase classname="backend.tests.test_iter114_service_hub_theme" name="test_admin_get_leads_unauth" time="0.100" /><testcase classname="backend.tests.test_iter114_service_hub_theme" name="test_unified_leads_has_service_source" time="0.681" /><testcase classname="backend.tests.test_iter114_service_hub_theme" name="test_experience_profile_default_theme" time="0.058" /><testcase classname="backend.tests.test_iter114_service_hub_theme" name="test_theme_manager_admin_put_and_restore" time="0.417" /><testcase classname="backend.tests.test_iter114_service_hub_theme" name="test_site_menu_has_new_hrefs" time="0.099" /><testcase classname="backend.tests.test_iter114_service_hub_theme" name="test_interior_design_content_regression" time="0.102" /></testsuite></testsuites>