<?xml version="1.0" encoding="utf-8"?><testsuites name="pytest tests"><testsuite name="pytest" errors="0" failures="1" skipped="0" tests="22" time="5.078" timestamp="2026-07-26T20:59:28.112225+00:00" hostname="agent-env-5fea00b5-37f3-49c5-9521-8e803208718f"><testcase classname="backend.tests.test_operations_center_iter128.TestOperationsCenterGet" name="test_structure" time="3.804" /><testcase classname="backend.tests.test_operations_center_iter128.TestOperationsCenterGet" name="test_leads_have_id" time="0.000" /><testcase classname="backend.tests.test_operations_center_iter128.TestOperationsCenterGet" name="test_coo_report_fields" time="0.000" /><testcase classname="backend.tests.test_operations_center_iter128.TestOperationsCenterGet" name="test_one_win" time="0.000" /><testcase classname="backend.tests.test_operations_center_iter128.TestLeadPatch" name="test_invalid_lead_id" time="0.096" /><testcase classname="backend.tests.test_operations_center_iter128.TestLeadPatch" name="test_invalid_stage" time="0.047" /><testcase classname="backend.tests.test_operations_center_iter128.TestLeadPatch" name="test_stage_change_and_note_persist" time="0.100" /><testcase classname="backend.tests.test_operations_center_iter128.TestGaps" name="test_list_open" time="0.050" /><testcase classname="backend.tests.test_operations_center_iter128.TestGaps" name="test_filter_all" time="0.049" /><testcase classname="backend.tests.test_operations_center_iter128.TestGaps" name="test_export_csv" time="0.048" /><testcase classname="backend.tests.test_operations_center_iter128.TestGaps" name="test_candidates_endpoint" time="0.100" /><testcase classname="backend.tests.test_operations_center_iter128.TestGaps" name="test_candidates_bad_gap" time="0.046" /><testcase classname="backend.tests.test_operations_center_iter128.TestManualPayments" name="test_list" time="0.047" /><testcase classname="backend.tests.test_operations_center_iter128.TestManualPayments" name="test_invalid_method" time="0.045" /><testcase classname="backend.tests.test_operations_center_iter128.TestManualPayments" name="test_zero_amount" time="0.048" /><testcase classname="backend.tests.test_operations_center_iter128.TestManualPayments" name="test_negative_amount" time="0.047" /><testcase classname="backend.tests.test_operations_center_iter128.TestManualPayments" name="test_missing_customer_no_lead" time="0.047" /><testcase classname="backend.tests.test_operations_center_iter128.TestManualPayments" name="test_invalid_lead" time="0.045" /><testcase classname="backend.tests.test_operations_center_iter128.TestManualPayments" name="test_create_generic_payment_and_verify" time="0.149" /><testcase classname="backend.tests.test_operations_center_iter128.TestWin" name="test_empty_win_rejected" time="0.048" /><testcase classname="backend.tests.test_operations_center_iter128.TestWin" name="test_save_win" time="0.101" /><testcase classname="backend.tests.test_operations_center_iter128.TestRegression" name="test_first_revenue_summary" time="0.087"><failure message="assert 404 == 200&#10; +  where 404 = &lt;Response [404]&gt;.status_code">backend/tests/test_operations_center_iter128.py:206: in test_first_revenue_summary
    assert r.status_code == 200
E   assert 404 == 200
E    +  where 404 = &lt;Response [404]&gt;.status_code</failure></testcase></testsuite></testsuites>