<?xml version="1.0" encoding="utf-8"?><testsuites name="pytest tests"><testsuite name="pytest" errors="0" failures="0" skipped="0" tests="12" time="5.013" timestamp="2026-07-10T20:56:02.946087+00:00" hostname="agent-env-5fea00b5-37f3-49c5-9521-8e803208718f"><testcase classname="tests.test_analytics_ds_iter91.TestAnalyticsOverviewKpiPrev" name="test_overview_returns_kpi_and_kpi_prev[day]" time="3.907" /><testcase classname="tests.test_analytics_ds_iter91.TestAnalyticsOverviewKpiPrev" name="test_overview_returns_kpi_and_kpi_prev[week]" time="0.055" /><testcase classname="tests.test_analytics_ds_iter91.TestAnalyticsOverviewKpiPrev" name="test_overview_returns_kpi_and_kpi_prev[month]" time="0.063" /><testcase classname="tests.test_analytics_ds_iter91.TestAnalyticsOverviewKpiPrev" name="test_overview_period_range_shape" time="0.058" /><testcase classname="tests.test_analytics_ds_iter91.TestAnalyticsOverviewKpiPrev" name="test_overview_requires_auth" time="0.109" /><testcase classname="tests.test_analytics_ds_iter91.TestAnalyticsOverviewKpiPrev" name="test_overview_forbidden_for_client" time="0.403" /><testcase classname="tests.test_analytics_ds_iter91.TestAnalyticsInsights" name="test_insights_shape" time="0.059" /><testcase classname="tests.test_analytics_ds_iter91.TestAnalyticsInsights" name="test_insights_all_periods[day]" time="0.058" /><testcase classname="tests.test_analytics_ds_iter91.TestAnalyticsInsights" name="test_insights_all_periods[week]" time="0.056" /><testcase classname="tests.test_analytics_ds_iter91.TestAnalyticsInsights" name="test_insights_all_periods[month]" time="0.053" /><testcase classname="tests.test_analytics_ds_iter91.TestAnalyticsInsights" name="test_insights_requires_admin_auth" time="0.092" /><testcase classname="tests.test_analytics_ds_iter91.TestAnalyticsInsights" name="test_insights_forbidden_for_client" time="0.055" /></testsuite></testsuites>