<?xml version="1.0" encoding="utf-8"?><testsuites name="pytest tests"><testsuite name="pytest" errors="0" failures="0" skipped="0" tests="9" time="9.466" timestamp="2026-08-24T11:13:31.378916+00:00" hostname="agent-env-5fea00b5-37f3-49c5-9521-8e803208718f"><testcase classname="backend.tests.test_pricing_basic_iter184" name="test_basic_plan_exists_and_is_9_eur" time="4.499" /><testcase classname="backend.tests.test_pricing_basic_iter184" name="test_checkout_session_basic_free_user" time="1.617" /><testcase classname="backend.tests.test_pricing_basic_iter184" name="test_checkout_session_unknown_plan_404" time="0.080" /><testcase classname="backend.tests.test_pricing_basic_iter184" name="test_checkout_status_valid_and_unknown" time="0.880" /><testcase classname="backend.tests.test_pricing_basic_iter184" name="test_simulated_activation_sets_client_basic" time="1.592" /><testcase classname="backend.tests.test_pricing_basic_iter184" name="test_dashboard_not_locked_by_subscription_after_activation" time="0.079" /><testcase classname="backend.tests.test_pricing_basic_iter184" name="test_regression_client_premium" time="0.062" /><testcase classname="backend.tests.test_pricing_basic_iter184" name="test_regression_admin_bypass" time="0.413" /><testcase classname="backend.tests.test_pricing_basic_iter184" name="test_checkout_session_requires_auth" time="0.131" /></testsuite></testsuites>