<?xml version="1.0" encoding="utf-8"?><testsuites name="pytest tests"><testsuite name="pytest" errors="0" failures="0" skipped="0" tests="17" time="3.848" timestamp="2026-07-11T15:03:13.972037+00:00" hostname="agent-env-5fea00b5-37f3-49c5-9521-8e803208718f"><testcase classname="backend.tests.test_xos_iter109.TestSpecialistLayout" name="test_public_specialist_layout_no_auth" time="2.427" /><testcase classname="backend.tests.test_xos_iter109.TestSpecialistLayout" name="test_public_client_layout_still_5" time="0.055" /><testcase classname="backend.tests.test_xos_iter109.TestSpecialistLayout" name="test_admin_surfaces_returns_2" time="0.058" /><testcase classname="backend.tests.test_xos_iter109.TestSpecialistLayout" name="test_put_specialist_layout_reorder_disable" time="0.106" /><testcase classname="backend.tests.test_xos_iter109.TestSpecialistLayout" name="test_reset_specialist_restores" time="0.112" /><testcase classname="backend.tests.test_xos_iter109.TestExperienceProfiles" name="test_get_profile_client" time="0.061" /><testcase classname="backend.tests.test_xos_iter109.TestExperienceProfiles" name="test_get_profile_specialist" time="0.050" /><testcase classname="backend.tests.test_xos_iter109.TestExperienceProfiles" name="test_get_profile_admin" time="0.055" /><testcase classname="backend.tests.test_xos_iter109.TestExperienceProfiles" name="test_unknown_role_404" time="0.052" /><testcase classname="backend.tests.test_xos_iter109.TestExperienceProfiles" name="test_admin_list_profiles" time="0.049" /><testcase classname="backend.tests.test_xos_iter109.TestExperienceProfiles" name="test_put_profile_persists" time="0.127" /><testcase classname="backend.tests.test_xos_iter109.TestExperienceProfiles" name="test_restore_client_profile" time="0.101" /><testcase classname="backend.tests.test_xos_iter109.TestExperienceProfiles" name="test_put_unknown_role_404" time="0.048" /><testcase classname="backend.tests.test_xos_iter109.TestExperienceProfiles" name="test_put_invalid_route_rejected" time="0.049" /><testcase classname="backend.tests.test_xos_iter109.TestRegistry" name="test_registry_all_tenant_main" time="0.047" /><testcase classname="backend.tests.test_xos_iter109.TestRegistry" name="test_admin_surfaces_requires_auth" time="0.055" /><testcase classname="backend.tests.test_xos_iter109.TestRegistry" name="test_admin_experience_profiles_requires_auth" time="0.339" /></testsuite></testsuites>