<?xml version="1.0" encoding="utf-8"?><testsuites name="pytest tests"><testsuite name="pytest" errors="0" failures="0" skipped="0" tests="10" time="5.809" timestamp="2026-07-25T16:51:18.294190+00:00" hostname="agent-env-5fea00b5-37f3-49c5-9521-8e803208718f"><testcase classname="backend.tests.test_property_dna.TestRequestLifecycleRegression" name="test_create_request_no_500" time="3.517" /><testcase classname="backend.tests.test_property_dna.TestRequestLifecycleRegression" name="test_request_visible_in_my" time="0.086" /><testcase classname="backend.tests.test_property_dna.TestRequestLifecycleRegression" name="test_specialist_can_list_requests" time="0.408" /><testcase classname="backend.tests.test_property_dna.TestPropertyDNA" name="test_dna_owner_ok" time="1.055" /><testcase classname="backend.tests.test_property_dna.TestPropertyDNA" name="test_dna_specialist_forbidden" time="0.048" /><testcase classname="backend.tests.test_property_dna.TestPropertyDNA" name="test_dna_unauth" time="0.131" /><testcase classname="backend.tests.test_property_dna.TestAgentRuns" name="test_admin_can_read" time="0.380" /><testcase classname="backend.tests.test_property_dna.TestAgentRuns" name="test_client_forbidden" time="0.046" /><testcase classname="backend.tests.test_property_dna.TestSmoke" name="test_client_me" time="0.045" /><testcase classname="backend.tests.test_property_dna.TestSmoke" name="test_specialist_me" time="0.045" /></testsuite></testsuites>