<?xml version="1.0" encoding="utf-8"?><testsuites name="pytest tests"><testsuite name="pytest" errors="0" failures="0" skipped="0" tests="20" time="21.671" timestamp="2026-07-25T20:04:46.101843+00:00" hostname="agent-env-5fea00b5-37f3-49c5-9521-8e803208718f"><testcase classname="backend.tests.test_marketing_intel_iter122" name="test_security_401[/api/admin/marketing-intel/latest-GET]" time="3.305" /><testcase classname="backend.tests.test_marketing_intel_iter122" name="test_security_401[/api/admin/marketing-intel/run-POST]" time="0.052" /><testcase classname="backend.tests.test_marketing_intel_iter122" name="test_security_401[/api/admin/marketing-intel/opportunity-queue-GET]" time="0.051" /><testcase classname="backend.tests.test_marketing_intel_iter122" name="test_security_401[/api/admin/marketing-intel/playbooks-GET]" time="0.049" /><testcase classname="backend.tests.test_marketing_intel_iter122" name="test_security_403_for_client[/api/admin/marketing-intel/latest-GET]" time="0.372" /><testcase classname="backend.tests.test_marketing_intel_iter122" name="test_security_403_for_client[/api/admin/marketing-intel/opportunity-queue-GET]" time="0.047" /><testcase classname="backend.tests.test_marketing_intel_iter122" name="test_run_scan_shape" time="0.422" /><testcase classname="backend.tests.test_marketing_intel_iter122" name="test_latest_persisted" time="0.056" /><testcase classname="backend.tests.test_marketing_intel_iter122" name="test_opportunity_queue" time="0.083" /><testcase classname="backend.tests.test_marketing_intel_iter122" name="test_playbook_shape" time="16.561" /><testcase classname="backend.tests.test_marketing_intel_iter122" name="test_playbook_decision_edited" time="0.061" /><testcase classname="backend.tests.test_marketing_intel_iter122" name="test_playbook_decision_invalid" time="0.060" /><testcase classname="backend.tests.test_marketing_intel_iter122" name="test_playbook_not_found" time="0.054" /><testcase classname="backend.tests.test_marketing_intel_iter122" name="test_playbook_target_invalid" time="0.051" /><testcase classname="backend.tests.test_marketing_intel_iter122" name="test_playbook_ref_missing" time="0.055" /><testcase classname="backend.tests.test_marketing_intel_iter122" name="test_playbooks_list" time="0.052" /><testcase classname="backend.tests.test_marketing_intel_iter122" name="test_regression[/api/admin/lead-intel/stats]" time="0.060" /><testcase classname="backend.tests.test_marketing_intel_iter122" name="test_regression[/api/admin/growth-intel/latest]" time="0.053" /><testcase classname="backend.tests.test_marketing_intel_iter122" name="test_regression[/api/admin/command-center/feed]" time="0.080" /><testcase classname="backend.tests.test_marketing_intel_iter122" name="test_regression[/api/admin/ceo]" time="0.085" /></testsuite></testsuites>