<?xml version="1.0" encoding="utf-8"?><testsuites name="pytest tests"><testsuite name="pytest" errors="0" failures="0" skipped="0" tests="19" time="8.836" timestamp="2026-06-25T14:25:05.759950+00:00" hostname="agent-env-5fea00b5-37f3-49c5-9521-8e803208718f"><testcase classname="backend.tests.test_demo_accounts" name="test_list_demo_accounts_as_super" time="4.404" /><testcase classname="backend.tests.test_demo_accounts" name="test_list_demo_accounts_forbidden_for_non_super" time="0.388" /><testcase classname="backend.tests.test_demo_accounts" name="test_demo_default_login[testing.admin@propmanage.io-Test!Demo2026Strong-testing-admin]" time="0.333" /><testcase classname="backend.tests.test_demo_accounts" name="test_demo_default_login[frontend.admin@propmanage.io-Front!Demo2026Strong-frontend-admin]" time="0.346" /><testcase classname="backend.tests.test_demo_accounts" name="test_demo_default_login[backend.admin@propmanage.io-Back!Demo2026Strong-backend-admin]" time="0.356" /><testcase classname="backend.tests.test_demo_accounts" name="test_demo_default_login[security.admin@propmanage.io-Sec!Demo2026Strong-security-admin]" time="0.326" /><testcase classname="backend.tests.test_demo_accounts" name="test_demo_default_login[marketing.admin@propmanage.io-Mkt!Demo2026Strong-marketing-marketing_manager]" time="0.330" /><testcase classname="backend.tests.test_demo_accounts" name="test_reset_password_returns_default" time="0.592" /><testcase classname="backend.tests.test_demo_accounts" name="test_reset_wrong_master_code" time="0.050" /><testcase classname="backend.tests.test_demo_accounts" name="test_reset_email_not_in_demo_list" time="0.047" /><testcase classname="backend.tests.test_demo_accounts" name="test_set_custom_password_and_old_default_revoked" time="1.233" /><testcase classname="backend.tests.test_demo_accounts" name="test_set_password_weak_no_digits" time="0.045" /><testcase classname="backend.tests.test_demo_accounts" name="test_set_password_too_short" time="0.044" /><testcase classname="backend.tests.test_demo_accounts" name="test_set_password_wrong_master" time="0.046" /><testcase classname="backend.tests.test_demo_accounts" name="test_non_super_forbidden_reset" time="0.045" /><testcase classname="backend.tests.test_demo_accounts" name="test_non_super_forbidden_set" time="0.043" /><testcase classname="backend.tests.test_demo_accounts" name="test_regression_marketing_dashboard" time="0.058" /><testcase classname="backend.tests.test_demo_accounts" name="test_regression_campaigns_list" time="0.047" /><testcase classname="backend.tests.test_demo_accounts" name="test_regression_perf_summary" time="0.056" /></testsuite></testsuites>