<?xml version="1.0" encoding="utf-8"?><testsuites name="pytest tests"><testsuite name="pytest" errors="0" failures="0" skipped="0" tests="25" time="124.158" timestamp="2026-07-11T09:08:08.556587+00:00" hostname="agent-env-5fea00b5-37f3-49c5-9521-8e803208718f"><testcase classname="backend.tests.test_design_intelligence_iter102.TestTargetsAndSummary" name="test_targets_pages_and_components" time="4.112" /><testcase classname="backend.tests.test_design_intelligence_iter102.TestTargetsAndSummary" name="test_summary_has_counts_and_top_pending" time="0.046" /><testcase classname="backend.tests.test_design_intelligence_iter102.TestComponentOptimizer" name="test_analyze_kpi_card_returns_proposals_with_impact" time="28.190" /><testcase classname="backend.tests.test_design_intelligence_iter102.TestComponentOptimizer" name="test_analyze_unknown_component_returns_404" time="0.090" /><testcase classname="backend.tests.test_design_intelligence_iter102.TestLayoutOptimizer" name="test_analyze_landing_returns_proposals" time="37.242" /><testcase classname="backend.tests.test_design_intelligence_iter102.TestLayoutOptimizer" name="test_analyze_unknown_page_returns_404" time="0.072" /><testcase classname="backend.tests.test_design_intelligence_iter102.TestEvolutionPipeline" name="test_full_pipeline_transitions" time="0.208" /><testcase classname="backend.tests.test_design_intelligence_iter102.TestEvolutionPipeline" name="test_invalid_transition_returns_400" time="0.100" /><testcase classname="backend.tests.test_design_intelligence_iter102.TestEvolutionPipeline" name="test_unknown_action_returns_400" time="0.110" /><testcase classname="backend.tests.test_design_intelligence_iter102.TestEvolutionPipeline" name="test_reject_from_proposed" time="0.104" /><testcase classname="backend.tests.test_design_intelligence_iter102.TestEvolutionPipeline" name="test_delete_only_for_proposed_or_rejected" time="0.408" /><testcase classname="backend.tests.test_design_intelligence_iter102.TestApplyRollbackTokens" name="test_apply_merges_patch_and_rollback_restores" time="0.452" /><testcase classname="backend.tests.test_design_intelligence_iter102.TestRoadmap" name="test_seed_and_counts" time="0.057" /><testcase classname="backend.tests.test_design_intelligence_iter102.TestRoadmap" name="test_seed_is_idempotent" time="0.119" /><testcase classname="backend.tests.test_design_intelligence_iter102.TestRoadmap" name="test_patch_updates_and_persists" time="0.107" /><testcase classname="backend.tests.test_design_intelligence_iter102.TestRoadmap" name="test_patch_invalid_priority_returns_400" time="0.047" /><testcase classname="backend.tests.test_design_intelligence_iter102.TestRoadmap" name="test_patch_unknown_key_returns_404" time="0.047" /><testcase classname="backend.tests.test_design_intelligence_iter102.TestRoadmap" name="test_analyze_and_latest" time="51.849" /><testcase classname="backend.tests.test_design_intelligence_iter102.TestRBAC" name="test_client_gets_403_on_admin_get[/api/admin/design-intelligence/targets]" time="0.420" /><testcase classname="backend.tests.test_design_intelligence_iter102.TestRBAC" name="test_client_gets_403_on_admin_get[/api/admin/design-intelligence/summary]" time="0.043" /><testcase classname="backend.tests.test_design_intelligence_iter102.TestRBAC" name="test_client_gets_403_on_admin_get[/api/admin/design-intelligence/proposals]" time="0.047" /><testcase classname="backend.tests.test_design_intelligence_iter102.TestRBAC" name="test_client_gets_403_on_admin_get[/api/admin/roadmap]" time="0.043" /><testcase classname="backend.tests.test_design_intelligence_iter102.TestRBAC" name="test_client_gets_403_on_admin_post[/api/admin/design-intelligence/layout/analyze-payload0]" time="0.083" /><testcase classname="backend.tests.test_design_intelligence_iter102.TestRBAC" name="test_client_gets_403_on_admin_post[/api/admin/design-intelligence/components/analyze-payload1]" time="0.047" /><testcase classname="backend.tests.test_design_intelligence_iter102.TestRBAC" name="test_client_gets_403_on_admin_post[/api/admin/roadmap/analyze-payload2]" time="0.046" /></testsuite></testsuites>