<?xml version="1.0" encoding="utf-8"?><testsuites name="pytest tests"><testsuite name="pytest" errors="0" failures="0" skipped="1" tests="26" time="8.542" timestamp="2026-07-11T16:26:23.407752+00:00" hostname="agent-env-5fea00b5-37f3-49c5-9521-8e803208718f"><testcase classname="backend.tests.test_iter111_tenant_kg_regression.TestAuthRegression" name="test_admin_login_ok" time="2.560" /><testcase classname="backend.tests.test_iter111_tenant_kg_regression.TestAuthRegression" name="test_client_login_ok" time="0.323" /><testcase classname="backend.tests.test_iter111_tenant_kg_regression.TestAuthRegression" name="test_specialist_login_ok" time="0.346" /><testcase classname="backend.tests.test_iter111_tenant_kg_regression.TestAuthRegression" name="test_auth_me_returns_current_user" time="0.357" /><testcase classname="backend.tests.test_iter111_tenant_kg_regression.TestAuthRegression" name="test_register_new_client_stamps_main_tenant" time="0.512" /><testcase classname="backend.tests.test_iter111_tenant_kg_regression.TestAuthRegression" name="test_register_duplicate_email_returns_400" time="0.587" /><testcase classname="backend.tests.test_iter111_tenant_kg_regression.TestAuthRegression" name="test_register_with_unknown_tenant_header_falls_back_to_main" time="0.495" /><testcase classname="backend.tests.test_iter111_tenant_kg_regression.TestAuthRegression" name="test_logout_clears_cookies" time="0.455" /><testcase classname="backend.tests.test_iter111_tenant_kg_regression.TestKGRegistry" name="test_registry_list_returns_27_entities" time="0.069" /><testcase classname="backend.tests.test_iter111_tenant_kg_regression.TestKGRegistry" name="test_registry_no_counts_omits_live_docs" time="0.045" /><testcase classname="backend.tests.test_iter111_tenant_kg_regression.TestKGRegistry" name="test_registry_requires_admin" time="0.389" /><testcase classname="backend.tests.test_iter111_tenant_kg_regression.TestKGRegistry" name="test_patch_status_deprecate_then_restore" time="0.097" /><testcase classname="backend.tests.test_iter111_tenant_kg_regression.TestKGRegistry" name="test_patch_invalid_status_returns_400" time="0.045" /><testcase classname="backend.tests.test_iter111_tenant_kg_regression.TestKGRegistry" name="test_patch_nonexistent_entity_returns_404" time="0.086" /><testcase classname="backend.tests.test_iter111_tenant_kg_regression.TestKGRegistry" name="test_registry_seed_idempotent" time="0.055" /><testcase classname="backend.tests.test_iter111_tenant_kg_regression.TestKGGovernance" name="test_governance_report_shape" time="0.186" /><testcase classname="backend.tests.test_iter111_tenant_kg_regression.TestKGGovernance" name="test_governance_requires_admin" time="0.051" /><testcase classname="backend.tests.test_iter111_tenant_kg_regression.TestKG0Regression" name="test_kg_stats" time="0.048" /><testcase classname="backend.tests.test_iter111_tenant_kg_regression.TestKG0Regression" name="test_entity_registered_type_ok" time="0.001"><skipped type="pytest.skip" message="no property in DB">/app/backend/tests/test_iter111_tenant_kg_regression.py:237: no property in DB</skipped></testcase><testcase classname="backend.tests.test_iter111_tenant_kg_regression.TestKG0Regression" name="test_entity_unregistered_type_returns_400_with_G1_message" time="0.045" /><testcase classname="backend.tests.test_iter111_tenant_kg_regression.TestKG0Regression" name="test_kg_stats_requires_admin" time="0.048" /><testcase classname="backend.tests.test_iter111_tenant_kg_regression.TestTenantsRegression" name="test_admin_tenants_list_has_main" time="0.048" /><testcase classname="backend.tests.test_iter111_tenant_kg_regression.TestTenantsRegression" name="test_admin_tenants_coverage_zero_unclassified" time="0.190" /><testcase classname="backend.tests.test_iter111_tenant_kg_regression.TestTenantsRegression" name="test_public_tenant_context_returns_main" time="0.105" /><testcase classname="backend.tests.test_iter111_tenant_kg_regression.TestGeneralRegression" name="test_demo_request_creates_lead" time="1.220" /><testcase classname="backend.tests.test_iter111_tenant_kg_regression.TestGeneralRegression" name="test_admin_xos_registry_ok" time="0.049" /></testsuite></testsuites>