<?xml version="1.0" encoding="utf-8"?><testsuites name="pytest tests"><testsuite name="pytest" errors="0" failures="0" skipped="0" tests="24" time="38.540" timestamp="2026-06-25T09:18:16.662852+00:00" hostname="agent-env-5fea00b5-37f3-49c5-9521-8e803208718f"><testcase classname="tests.test_iter69_digest_and_legal.TestDigestSettings" name="test_get_settings_super" time="0.722" /><testcase classname="tests.test_iter69_digest_and_legal.TestDigestSettings" name="test_get_settings_subadmin_403" time="0.362" /><testcase classname="tests.test_iter69_digest_and_legal.TestDigestSettings" name="test_post_settings_valid" time="0.097" /><testcase classname="tests.test_iter69_digest_and_legal.TestDigestSettings" name="test_post_settings_invalid_hour" time="0.047" /><testcase classname="tests.test_iter69_digest_and_legal.TestDigestSettings" name="test_post_settings_invalid_day" time="0.049" /><testcase classname="tests.test_iter69_digest_and_legal.TestDigestSettings" name="test_post_settings_subadmin_403" time="0.042" /><testcase classname="tests.test_iter69_digest_and_legal.TestDigestRun" name="test_run_subadmin_403" time="0.082" /><testcase classname="tests.test_iter69_digest_and_legal.TestDigestRun" name="test_run_super_ok" time="34.925" /><testcase classname="tests.test_iter69_digest_and_legal.TestLegalDocuments" name="test_list_documents_returns_6" time="0.062" /><testcase classname="tests.test_iter69_digest_and_legal.TestLegalDocuments" name="test_get_document_by_type" time="0.049" /><testcase classname="tests.test_iter69_digest_and_legal.TestLegalDocuments" name="test_get_document_unknown_404" time="0.049" /><testcase classname="tests.test_iter69_digest_and_legal.TestLegalSignAndStatus" name="test_non_strategic_user_compliant_true" time="0.407" /><testcase classname="tests.test_iter69_digest_and_legal.TestLegalSignAndStatus" name="test_strategic_status_required_six" time="0.381" /><testcase classname="tests.test_iter69_digest_and_legal.TestLegalSignAndStatus" name="test_accept_agreed_false_returns_400" time="0.096" /><testcase classname="tests.test_iter69_digest_and_legal.TestLegalSignAndStatus" name="test_accept_invalid_document_id_404" time="0.051" /><testcase classname="tests.test_iter69_digest_and_legal.TestLegalSignAndStatus" name="test_sign_all_pending_makes_compliant" time="0.345" /><testcase classname="tests.test_iter69_digest_and_legal.TestLegalAdmin" name="test_audit_super" time="0.051" /><testcase classname="tests.test_iter69_digest_and_legal.TestLegalAdmin" name="test_audit_subadmin_403" time="0.049" /><testcase classname="tests.test_iter69_digest_and_legal.TestLegalAdmin" name="test_audit_only_non_compliant_filter" time="0.098" /><testcase classname="tests.test_iter69_digest_and_legal.TestLegalAdmin" name="test_contracts_by_email_super" time="0.050" /><testcase classname="tests.test_iter69_digest_and_legal.TestLegalAdmin" name="test_contracts_by_email_subadmin_403" time="0.045" /><testcase classname="tests.test_iter69_digest_and_legal.TestLegalAdmin" name="test_create_new_version_deactivates_old" time="0.351" /><testcase classname="tests.test_iter69_digest_and_legal.TestLegalAdmin" name="test_seed_idempotent" time="0.051" /><testcase classname="tests.test_iter69_digest_and_legal.TestLegalAdmin" name="test_create_document_subadmin_403" time="0.046" /></testsuite></testsuites>