<?xml version="1.0" encoding="utf-8"?><testsuites name="pytest tests"><testsuite name="pytest" errors="0" failures="0" skipped="0" tests="10" time="80.982" timestamp="2026-06-25T13:51:03.963848+00:00" hostname="agent-env-5fea00b5-37f3-49c5-9521-8e803208718f"><testcase classname="backend.tests.test_marketing_performance.TestCalibrationLoop" name="test_generator_marks_calibration_applied" time="35.054" /><testcase classname="backend.tests.test_marketing_performance.TestRegression" name="test_endpoint_alive[/api/admin/marketing/campaigns-GET]" time="0.050" /><testcase classname="backend.tests.test_marketing_performance.TestRegression" name="test_endpoint_alive[/api/admin/marketing/auto-triggers/recent-GET]" time="0.047" /><testcase classname="backend.tests.test_marketing_performance.TestRegression" name="test_endpoint_alive[/api/admin/marketing/dashboard-GET]" time="0.060" /><testcase classname="backend.tests.test_marketing_performance.TestRegression" name="test_endpoint_alive[/api/admin/marketing/insights-POST]" time="19.024" /><testcase classname="backend.tests.test_marketing_performance.TestRegression" name="test_endpoint_alive[/api/admin/marketing/recommendations-POST]" time="26.385" /><testcase classname="backend.tests.test_marketing_performance.TestRegression" name="test_endpoint_alive[/api/admin/marketing/segments-GET]" time="0.049" /><testcase classname="backend.tests.test_marketing_performance.TestRegression" name="test_endpoint_alive[/api/admin/marketing/forecast-GET]" time="0.049" /><testcase classname="backend.tests.test_marketing_performance.TestRegression" name="test_endpoint_alive[/api/admin/marketing/growth-GET]" time="0.170" /><testcase classname="backend.tests.test_marketing_performance.TestRegression" name="test_endpoint_alive[/api/admin/marketing/future-ideas-GET]" time="0.047" /></testsuite></testsuites>