<?xml version="1.0" encoding="utf-8"?><testsuites name="pytest tests"><testsuite name="pytest" errors="0" failures="0" skipped="0" tests="18" time="8.770" timestamp="2026-08-20T20:43:29.939807+00:00" hostname="agent-env-5fea00b5-37f3-49c5-9521-8e803208718f"><testcase classname="backend.tests.test_property_technical_record_iter182.TestViewerFlag" name="test_client_viewer_is_not_verifier" time="4.845" /><testcase classname="backend.tests.test_property_technical_record_iter182.TestViewerFlag" name="test_admin_viewer_is_verifier" time="0.696" /><testcase classname="backend.tests.test_property_technical_record_iter182.TestDocumentsPicker" name="test_picker_returns_list" time="0.097" /><testcase classname="backend.tests.test_property_technical_record_iter182.TestVerifyRejectFlow" name="test_client_cannot_verify" time="0.152" /><testcase classname="backend.tests.test_property_technical_record_iter182.TestVerifyRejectFlow" name="test_admin_verify_without_evidence_fails" time="0.404" /><testcase classname="backend.tests.test_property_technical_record_iter182.TestVerifyRejectFlow" name="test_admin_verify_with_source_reference" time="0.236" /><testcase classname="backend.tests.test_property_technical_record_iter182.TestVerifyRejectFlow" name="test_admin_reject_short_reason_fails" time="0.345" /><testcase classname="backend.tests.test_property_technical_record_iter182.TestVerifyRejectFlow" name="test_admin_reject_valid_reason" time="0.227" /><testcase classname="backend.tests.test_property_technical_record_iter182.TestDiagnosticDocumentRef" name="test_invalid_document_ref_rejected" time="0.082" /><testcase classname="backend.tests.test_property_technical_record_iter182.TestDiagnosticDocumentRef" name="test_valid_document_ref_creates_snapshot" time="0.159" /><testcase classname="backend.tests.test_property_technical_record_iter182.TestBuildingAxis" name="test_neighbours" time="0.080" /><testcase classname="backend.tests.test_property_technical_record_iter182.TestBuildingAxis" name="test_search_short_query_empty" time="0.087" /><testcase classname="backend.tests.test_property_technical_record_iter182.TestBuildingAxis" name="test_search_returns_units_registered" time="0.072" /><testcase classname="backend.tests.test_property_technical_record_iter182.TestBuildingAxis" name="test_attach_building_not_found" time="0.076" /><testcase classname="backend.tests.test_property_technical_record_iter182.TestBuildingAxis" name="test_admin_verify_building_and_context_reset" time="0.347" /><testcase classname="backend.tests.test_property_technical_record_iter182.TestReadinessPDF" name="test_pdf_download" time="0.100" /><testcase classname="backend.tests.test_property_technical_record_iter182.TestRegression" name="test_technical_record_still_works" time="0.096" /><testcase classname="backend.tests.test_property_technical_record_iter182.TestRegression" name="test_transaction_readiness_json_10_criteria" time="0.603" /></testsuite></testsuites>