<?xml version="1.0" encoding="utf-8"?><testsuites name="pytest tests"><testsuite name="pytest" errors="0" failures="0" skipped="0" tests="14" time="14.573" timestamp="2026-06-25T10:33:04.613874+00:00" hostname="agent-env-5fea00b5-37f3-49c5-9521-8e803208718f"><testcase classname="tests.test_strategic_partners.TestDashboard" name="test_dashboard_admin_ok" time="1.918" /><testcase classname="tests.test_strategic_partners.TestDashboard" name="test_dashboard_client_forbidden" time="0.361" /><testcase classname="tests.test_strategic_partners.TestDashboard" name="test_dashboard_no_auth" time="0.100" /><testcase classname="tests.test_strategic_partners.TestUnmatched" name="test_unmatched_admin_ok" time="0.050" /><testcase classname="tests.test_strategic_partners.TestUnmatched" name="test_unmatched_client_forbidden" time="0.040" /><testcase classname="tests.test_strategic_partners.TestOpportunities" name="test_opportunities_admin_ok" time="0.057" /><testcase classname="tests.test_strategic_partners.TestOpportunities" name="test_opportunities_client_forbidden" time="0.040" /><testcase classname="tests.test_strategic_partners.TestCrossRef" name="test_cross_ref_invalid_id" time="0.045" /><testcase classname="tests.test_strategic_partners.TestCrossRef" name="test_cross_ref_unknown_id" time="0.045" /><testcase classname="tests.test_strategic_partners.TestCrossRef" name="test_cross_ref_full_flow" time="11.690" /><testcase classname="tests.test_strategic_partners.TestCrossRef" name="test_cross_ref_client_forbidden" time="0.042" /><testcase classname="tests.test_strategic_partners.TestRegression" name="test_admin_listings_still_ok[/api/admin/city-partners]" time="0.044" /><testcase classname="tests.test_strategic_partners.TestRegression" name="test_admin_listings_still_ok[/api/admin/marketplace-partners]" time="0.044" /><testcase classname="tests.test_strategic_partners.TestRegression" name="test_admin_listings_still_ok[/api/admin/it-collaborators]" time="0.049" /></testsuite></testsuites>