<?xml version="1.0" encoding="utf-8"?><testsuites name="pytest tests"><testsuite name="pytest" errors="0" failures="1" skipped="0" tests="17" time="7.373" timestamp="2026-07-25T19:07:29.153641+00:00" hostname="agent-env-5fea00b5-37f3-49c5-9521-8e803208718f"><testcase classname="tests.test_lead_intel_iter121.TestTrackIngest" name="test_track_public_no_auth_intent" time="3.528" /><testcase classname="tests.test_lead_intel_iter121.TestTrackIngest" name="test_track_with_user_id_identity_upsert" time="0.435" /><testcase classname="tests.test_lead_intel_iter121.TestLeadScoring" name="test_run_scan" time="0.647" /><testcase classname="tests.test_lead_intel_iter121.TestLeadScoring" name="test_hot_visitor_scored" time="0.071" /><testcase classname="tests.test_lead_intel_iter121.TestLeadScoring" name="test_stats_structure" time="0.066" /><testcase classname="tests.test_lead_intel_iter121.TestLeadScoring" name="test_leads_filter_hot" time="0.062" /><testcase classname="tests.test_lead_intel_iter121.TestLeadScoring" name="test_leads_filter_invalid" time="0.056" /><testcase classname="tests.test_lead_intel_iter121.TestSecurity" name="test_stats_requires_auth" time="0.104" /><testcase classname="tests.test_lead_intel_iter121.TestSecurity" name="test_leads_requires_auth" time="0.104" /><testcase classname="tests.test_lead_intel_iter121.TestSecurity" name="test_run_requires_auth" time="0.122" /><testcase classname="tests.test_lead_intel_iter121.TestSecurity" name="test_client_forbidden" time="0.585" /><testcase classname="tests.test_lead_intel_iter121.TestActivityEvents" name="test_scan_and_hot_events" time="0.686"><failure message="AssertionError: lead.scan_completed not emitted&#10;assert None is not None">tests/test_lead_intel_iter121.py:190: in test_scan_and_hot_events
    assert ev is not None, "lead.scan_completed not emitted"
E   AssertionError: lead.scan_completed not emitted
E   assert None is not None</failure></testcase><testcase classname="tests.test_lead_intel_iter121.TestCommandCenter" name="test_feed_has_hot_leads_warning" time="0.071" /><testcase classname="tests.test_lead_intel_iter121.TestRevenueHunterBoost" name="test_lead_boost_run" time="0.477" /><testcase classname="tests.test_lead_intel_iter121.TestRegression" name="test_growth_intel_latest" time="0.052" /><testcase classname="tests.test_lead_intel_iter121.TestRegression" name="test_ceo_dashboard" time="0.088" /><testcase classname="tests.test_lead_intel_iter121.TestRegression" name="test_analytics_overview" time="0.065" /></testsuite></testsuites>