<?xml version="1.0" encoding="utf-8"?><testsuites name="pytest tests"><testsuite name="pytest" errors="0" failures="0" skipped="0" tests="8" time="5.428" timestamp="2026-08-06T15:06:12.366768+00:00" hostname="agent-env-5fea00b5-37f3-49c5-9521-8e803208718f"><testcase classname="backend.tests.test_google_oauth_direct_iter175.TestGoogleDirectCallback" name="test_invalid_code_returns_401_with_romanian_detail" time="2.408" /><testcase classname="backend.tests.test_google_oauth_direct_iter175.TestGoogleDirectCallback" name="test_missing_fields_returns_422" time="0.139" /><testcase classname="backend.tests.test_google_oauth_direct_iter175.TestGoogleDirectCallback" name="test_missing_redirect_uri_returns_422" time="0.223" /><testcase classname="backend.tests.test_google_oauth_direct_iter175.TestGoogleEmergentLegacyEndpoint" name="test_legacy_session_endpoint_exists_and_responds" time="0.140" /><testcase classname="backend.tests.test_google_oauth_direct_iter175.TestOAuthHealthTracking" name="test_direct_flow_failure_does_not_crash_and_endpoint_reachable" time="0.171" /><testcase classname="backend.tests.test_google_oauth_direct_iter175.TestEmailPasswordRegression" name="test_login_client_success" time="0.350" /><testcase classname="backend.tests.test_google_oauth_direct_iter175.TestEmailPasswordRegression" name="test_login_invalid_password" time="0.359" /><testcase classname="backend.tests.test_google_oauth_direct_iter175.TestEmailPasswordRegression" name="test_register_and_login_temp_user" time="1.603" /></testsuite></testsuites>