<?xml version="1.0" encoding="utf-8"?><testsuites name="pytest tests"><testsuite name="pytest" errors="0" failures="0" skipped="0" tests="18" time="6.234" timestamp="2026-07-26T23:39:36.328083+00:00" hostname="agent-env-5fea00b5-37f3-49c5-9521-8e803208718f"><testcase classname="backend.tests.test_knowledge_center_iter130.TestAccessGate" name="test_unauth_tree_401" time="3.468" /><testcase classname="backend.tests.test_knowledge_center_iter130.TestAccessGate" name="test_admin_access_flag_false" time="0.371" /><testcase classname="backend.tests.test_knowledge_center_iter130.TestAccessGate" name="test_founder_access_flag_true" time="0.411" /><testcase classname="backend.tests.test_knowledge_center_iter130.TestAccessGate" name="test_admin_gets_403[tree]" time="0.050" /><testcase classname="backend.tests.test_knowledge_center_iter130.TestAccessGate" name="test_admin_gets_403[doc?path=memory/prompts/SYSTEM_ZERO.md]" time="0.051" /><testcase classname="backend.tests.test_knowledge_center_iter130.TestAccessGate" name="test_admin_gets_403[search?q=truth]" time="0.048" /><testcase classname="backend.tests.test_knowledge_center_iter130.TestAccessGate" name="test_admin_gets_403[registry]" time="0.047" /><testcase classname="backend.tests.test_knowledge_center_iter130.TestTree" name="test_tree_shape" time="0.067" /><testcase classname="backend.tests.test_knowledge_center_iter130.TestDoc" name="test_valid_doc_system_zero" time="0.045" /><testcase classname="backend.tests.test_knowledge_center_iter130.TestDoc" name="test_path_traversal_blocked[../../etc/passwd]" time="0.045" /><testcase classname="backend.tests.test_knowledge_center_iter130.TestDoc" name="test_path_traversal_blocked[memory/../../../etc/passwd]" time="0.047" /><testcase classname="backend.tests.test_knowledge_center_iter130.TestDoc" name="test_path_traversal_blocked[/etc/passwd]" time="0.045" /><testcase classname="backend.tests.test_knowledge_center_iter130.TestDoc" name="test_path_traversal_blocked[etc/passwd]" time="0.045" /><testcase classname="backend.tests.test_knowledge_center_iter130.TestDoc" name="test_path_traversal_blocked[memory/nonexistent.md]" time="0.052" /><testcase classname="backend.tests.test_knowledge_center_iter130.TestSearch" name="test_search_truth" time="0.060" /><testcase classname="backend.tests.test_knowledge_center_iter130.TestRegistry" name="test_registry_shape" time="0.047" /><testcase classname="backend.tests.test_knowledge_center_iter130.TestRegression" name="test_operations_still_up" time="0.062" /><testcase classname="backend.tests.test_knowledge_center_iter130.TestRegression" name="test_ceo_briefing_still_up" time="1.221" /></testsuite></testsuites>