<?xml version="1.0" encoding="utf-8"?><testsuites name="pytest tests"><testsuite name="pytest" errors="0" failures="0" skipped="0" tests="17" time="7.692" timestamp="2026-07-27T07:14:14.505945+00:00" hostname="agent-env-5fea00b5-37f3-49c5-9521-8e803208718f"><testcase classname="backend.tests.test_knowledge_center_iter132" name="test_access_founder" time="6.220" /><testcase classname="backend.tests.test_knowledge_center_iter132" name="test_access_admin_not_founder" time="0.406" /><testcase classname="backend.tests.test_knowledge_center_iter132" name="test_tree_founder" time="0.200" /><testcase classname="backend.tests.test_knowledge_center_iter132" name="test_tree_admin_403" time="0.045" /><testcase classname="backend.tests.test_knowledge_center_iter132" name="test_tree_unauth_401" time="0.135" /><testcase classname="backend.tests.test_knowledge_center_iter132" name="test_doc_system_zero" time="0.056" /><testcase classname="backend.tests.test_knowledge_center_iter132" name="test_doc_path_traversal_blocked" time="0.043" /><testcase classname="backend.tests.test_knowledge_center_iter132" name="test_doc_admin_403" time="0.046" /><testcase classname="backend.tests.test_knowledge_center_iter132" name="test_search" time="0.057" /><testcase classname="backend.tests.test_knowledge_center_iter132" name="test_registry" time="0.046" /><testcase classname="backend.tests.test_knowledge_center_iter132" name="test_registry_admin_403" time="0.044" /><testcase classname="backend.tests.test_knowledge_center_iter132" name="test_review" time="0.058" /><testcase classname="backend.tests.test_knowledge_center_iter132" name="test_review_grand_strategy_draft" time="0.057" /><testcase classname="backend.tests.test_knowledge_center_iter132" name="test_inspector_ceo_status" time="0.046" /><testcase classname="backend.tests.test_knowledge_center_iter132" name="test_inspector_unknown_404" time="0.084" /><testcase classname="backend.tests.test_knowledge_center_iter132" name="test_architecture" time="0.045" /><testcase classname="backend.tests.test_knowledge_center_iter132" name="test_architecture_admin_403" time="0.047" /></testsuite></testsuites>