<?xml version="1.0" encoding="utf-8"?><testsuites name="pytest tests"><testsuite name="pytest" errors="0" failures="0" skipped="0" tests="27" time="41.650" timestamp="2026-07-11T10:43:02.197748+00:00" hostname="agent-env-5fea00b5-37f3-49c5-9521-8e803208718f"><testcase classname="tests.test_iter105_hdi_cao_batch.TestHDI" name="test_autonomy_score_includes_human_axis" time="5.802" /><testcase classname="tests.test_iter105_hdi_cao_batch.TestHDI" name="test_human_breakdown_signals" time="0.042" /><testcase classname="tests.test_iter105_hdi_cao_batch.TestHDI" name="test_recommendations_include_human_when_below_target" time="0.043" /><testcase classname="tests.test_iter105_hdi_cao_batch.TestAutomationScheduler" name="test_run_due_rules_direct" time="0.333" /><testcase classname="tests.test_iter105_hdi_cao_batch.TestAutomationScheduler" name="test_scheduler_jobs_registered_in_server" time="0.000" /><testcase classname="tests.test_iter105_hdi_cao_batch.TestMorningCommandCenter" name="test_morning_command_center_runs" time="24.635" /><testcase classname="tests.test_iter105_hdi_cao_batch.TestMorningCommandCenter" name="test_latest_recos_regenerated" time="0.047" /><testcase classname="tests.test_iter105_hdi_cao_batch.TestMorningCommandCenter" name="test_business_alert_signal_emitted" time="0.001" /><testcase classname="tests.test_iter105_hdi_cao_batch.TestMorningCommandCenter" name="test_business_alert_playbook_in_ledger" time="0.001" /><testcase classname="tests.test_iter105_hdi_cao_batch.TestOrchestratorPlaybook" name="test_business_alert_playbook_registered" time="0.065" /><testcase classname="tests.test_iter105_hdi_cao_batch.TestAuditSentinel" name="test_manual_scan_returns_shape" time="0.047" /><testcase classname="tests.test_iter105_hdi_cao_batch.TestAuditSentinel" name="test_list_anomalies" time="0.045" /><testcase classname="tests.test_iter105_hdi_cao_batch.TestAuditSentinel" name="test_synthetic_anomaly_detection_and_dedupe" time="0.261" /><testcase classname="tests.test_iter105_hdi_cao_batch.TestNotificationCenter" name="test_notification_center_shape" time="0.063" /><testcase classname="tests.test_iter105_hdi_cao_batch.TestUserTimeline" name="test_search_returns_users" time="0.085" /><testcase classname="tests.test_iter105_hdi_cao_batch.TestUserTimeline" name="test_client_timeline" time="0.102" /><testcase classname="tests.test_iter105_hdi_cao_batch.TestUserTimeline" name="test_invalid_id_returns_400" time="0.090" /><testcase classname="tests.test_iter105_hdi_cao_batch.TestUserTimeline" name="test_unknown_id_returns_404" time="0.043" /><testcase classname="tests.test_iter105_hdi_cao_batch.TestAISearch" name="test_ai_search_budget_county" time="3.024" /><testcase classname="tests.test_iter105_hdi_cao_batch.TestAISearch" name="test_ai_search_specialists_missing_specialty" time="3.586" /><testcase classname="tests.test_iter105_hdi_cao_batch.TestAISearch" name="test_ai_search_no_injection" time="2.525" /><testcase classname="tests.test_iter105_hdi_cao_batch.TestMarketplaceRadar" name="test_radar_endpoint" time="0.049" /><testcase classname="tests.test_iter105_hdi_cao_batch.TestOwnerOnlyManual" name="test_owner_email_env" time="0.000" /><testcase classname="tests.test_iter105_hdi_cao_batch.TestOwnerOnlyManual" name="test_super_admin_403_manual" time="0.071" /><testcase classname="tests.test_iter105_hdi_cao_batch.TestOwnerOnlyManual" name="test_super_admin_403_tier_testing" time="0.044" /><testcase classname="tests.test_iter105_hdi_cao_batch.TestOwnerOnlyManual" name="test_scoped_admin_403_manual" time="0.435" /><testcase classname="tests.test_iter105_hdi_cao_batch.TestRoadmap" name="test_roadmap_includes_xos_and_cao" time="0.058" /></testsuite></testsuites>