<?xml version="1.0" encoding="utf-8"?><testsuites name="pytest tests"><testsuite name="pytest" errors="0" failures="0" skipped="0" tests="22" time="6.871" timestamp="2026-07-11T18:00:39.447402+00:00" hostname="agent-env-5fea00b5-37f3-49c5-9521-8e803208718f"><testcase classname="backend.tests.test_iter115_tenancy_wave2_followup.TestTenantCoverage" name="test_coverage_full" time="4.166" /><testcase classname="backend.tests.test_iter115_tenancy_wave2_followup.TestTenantCoverage" name="test_coverage_requires_admin" time="0.370" /><testcase classname="backend.tests.test_iter115_tenancy_wave2_followup.TestTenantCoverage" name="test_coverage_unauthenticated" time="0.126" /><testcase classname="backend.tests.test_iter115_tenancy_wave2_followup.TestTenantBackfill" name="test_backfill_skipped" time="0.052" /><testcase classname="backend.tests.test_iter115_tenancy_wave2_followup.TestTenantBackfill" name="test_backfill_force" time="0.092" /><testcase classname="backend.tests.test_iter115_tenancy_wave2_followup.TestTenantBackfill" name="test_backfill_requires_admin" time="0.045" /><testcase classname="backend.tests.test_iter115_tenancy_wave2_followup.TestFollowupConfig" name="test_get_defaults" time="0.055" /><testcase classname="backend.tests.test_iter115_tenancy_wave2_followup.TestFollowupConfig" name="test_put_delay_hours_persists" time="0.105" /><testcase classname="backend.tests.test_iter115_tenancy_wave2_followup.TestFollowupConfig" name="test_put_invalid_key_ignored" time="0.105" /><testcase classname="backend.tests.test_iter115_tenancy_wave2_followup.TestFollowupConfig" name="test_restore_delay_hours" time="0.053" /><testcase classname="backend.tests.test_iter115_tenancy_wave2_followup.TestFollowupConfig" name="test_config_requires_admin" time="0.094" /><testcase classname="backend.tests.test_iter115_tenancy_wave2_followup.TestFollowupE2E" name="test_seed_synthetic_lead" time="0.068" /><testcase classname="backend.tests.test_iter115_tenancy_wave2_followup.TestFollowupE2E" name="test_dry_run_finds_candidate" time="0.053" /><testcase classname="backend.tests.test_iter115_tenancy_wave2_followup.TestFollowupE2E" name="test_dry_run_log_entry" time="0.049" /><testcase classname="backend.tests.test_iter115_tenancy_wave2_followup.TestFollowupE2E" name="test_real_run_fails_with_resend_error" time="0.203" /><testcase classname="backend.tests.test_iter115_tenancy_wave2_followup.TestFollowupE2E" name="test_max_attempts_exhausts_candidate" time="0.111" /><testcase classname="backend.tests.test_iter115_tenancy_wave2_followup.TestFollowupE2E" name="test_cleanup" time="0.002" /><testcase classname="backend.tests.test_iter115_tenancy_wave2_followup.TestSchedulerGuard" name="test_disabled_short_circuit" time="0.232" /><testcase classname="backend.tests.test_iter115_tenancy_wave2_followup.TestRegression" name="test_a_admin_login" time="0.335" /><testcase classname="backend.tests.test_iter115_tenancy_wave2_followup.TestRegression" name="test_b_service_design_exterior_content" time="0.107" /><testcase classname="backend.tests.test_iter115_tenancy_wave2_followup.TestRegression" name="test_c_kg_governance" time="0.269" /><testcase classname="backend.tests.test_iter115_tenancy_wave2_followup.TestRegression" name="test_d_public_demo_request" time="0.113" /></testsuite></testsuites>