<?xml version="1.0" encoding="utf-8"?><testsuites name="pytest tests"><testsuite name="pytest" errors="0" failures="0" skipped="1" tests="12" time="5.861" timestamp="2026-07-10T21:48:24.389795+00:00" hostname="agent-env-5fea00b5-37f3-49c5-9521-8e803208718f"><testcase classname="backend.tests.test_iter94_kg_control_tower.TestKGStats" name="test_stats_shape_and_values" time="3.347" /><testcase classname="backend.tests.test_iter94_kg_control_tower.TestKGBackfill" name="test_backfill_idempotent" time="1.196" /><testcase classname="backend.tests.test_iter94_kg_control_tower.TestKGEntity" name="test_entity_walk_request" time="0.289"><skipped type="pytest.skip" message="no request linked to any client user found in graph">/app/backend/tests/test_iter94_kg_control_tower.py:123: no request linked to any client user found in graph</skipped></testcase><testcase classname="backend.tests.test_iter94_kg_control_tower.TestKGEntity" name="test_entity_invalid_type_returns_400" time="0.048" /><testcase classname="backend.tests.test_iter94_kg_control_tower.TestKGEntity" name="test_entity_rel_filter" time="0.097" /><testcase classname="backend.tests.test_iter94_kg_control_tower.TestControlTower" name="test_control_tower_shape" time="0.069" /><testcase classname="backend.tests.test_iter94_kg_control_tower.TestAuthGuards" name="test_kg_stats_anon_denied" time="0.162" /><testcase classname="backend.tests.test_iter94_kg_control_tower.TestAuthGuards" name="test_kg_backfill_anon_denied" time="0.048" /><testcase classname="backend.tests.test_iter94_kg_control_tower.TestAuthGuards" name="test_kg_entity_anon_denied" time="0.050" /><testcase classname="backend.tests.test_iter94_kg_control_tower.TestAuthGuards" name="test_control_tower_anon_denied" time="0.047" /><testcase classname="backend.tests.test_iter94_kg_control_tower.TestAuthGuards" name="test_kg_stats_client_denied" time="0.407" /><testcase classname="backend.tests.test_iter94_kg_control_tower.TestAuthGuards" name="test_control_tower_client_denied" time="0.049" /></testsuite></testsuites>