<?xml version="1.0" encoding="utf-8"?><testsuites name="pytest tests"><testsuite name="pytest" errors="0" failures="0" skipped="0" tests="12" time="4.538" timestamp="2026-07-27T08:58:12.952183+00:00" hostname="agent-env-5fea00b5-37f3-49c5-9521-8e803208718f"><testcase classname="backend.tests.test_cx2_document_vault_iter134" name="test_upload_first_document" time="1.818" /><testcase classname="backend.tests.test_cx2_document_vault_iter134" name="test_upload_invalid_category" time="0.049" /><testcase classname="backend.tests.test_cx2_document_vault_iter134" name="test_upload_exe_rejected" time="0.050" /><testcase classname="backend.tests.test_cx2_document_vault_iter134" name="test_upload_empty_file" time="0.051" /><testcase classname="backend.tests.test_cx2_document_vault_iter134" name="test_list_facets_and_filters" time="0.193" /><testcase classname="backend.tests.test_cx2_document_vault_iter134" name="test_document_detail_and_file" time="0.538" /><testcase classname="backend.tests.test_cx2_document_vault_iter134" name="test_patch_appends_history" time="0.133" /><testcase classname="backend.tests.test_cx2_document_vault_iter134" name="test_new_version_supersedes" time="0.527" /><testcase classname="backend.tests.test_cx2_document_vault_iter134" name="test_soft_delete" time="0.493" /><testcase classname="backend.tests.test_cx2_document_vault_iter134" name="test_completeness_structure" time="0.050" /><testcase classname="backend.tests.test_cx2_document_vault_iter134" name="test_security_other_client_and_anonymous" time="0.505" /><testcase classname="backend.tests.test_cx2_document_vault_iter134" name="test_dna_and_timeline_events" time="0.102" /></testsuite></testsuites>