<?xml version="1.0" encoding="utf-8"?><testsuites name="pytest tests"><testsuite name="pytest" errors="0" failures="0" skipped="0" tests="13" time="6.439" timestamp="2026-07-26T21:35:31.727355+00:00" hostname="agent-env-5fea00b5-37f3-49c5-9521-8e803208718f"><testcase classname="backend.tests.test_enterprise_health_iter129.TestEnterpriseHealthSummary" name="test_get_summary" time="4.133" /><testcase classname="backend.tests.test_enterprise_health_iter129.TestEnterpriseHealthSummary" name="test_history_snapshot_exists" time="0.069" /><testcase classname="backend.tests.test_enterprise_health_iter129.TestFormulaRegistry" name="test_list_formulas" time="0.050" /><testcase classname="backend.tests.test_enterprise_health_iter129.TestFormulaRegistry" name="test_explain_revenue" time="0.064" /><testcase classname="backend.tests.test_enterprise_health_iter129.TestFormulaRegistry" name="test_explain_unknown_key_404" time="0.050" /><testcase classname="backend.tests.test_enterprise_health_iter129.TestFormulaPatchValidation" name="test_patch_missing_reason_400" time="0.047" /><testcase classname="backend.tests.test_enterprise_health_iter129.TestFormulaPatchValidation" name="test_patch_unknown_metric_400" time="0.053" /><testcase classname="backend.tests.test_enterprise_health_iter129.TestFormulaPatchValidation" name="test_patch_negative_weight_400" time="0.048" /><testcase classname="backend.tests.test_enterprise_health_iter129.TestFormulaPatchValidation" name="test_patch_warn_leq_critical_400" time="0.046" /><testcase classname="backend.tests.test_enterprise_health_iter129.TestFormulaPatchValidation" name="test_patch_zero_sum_weights_400" time="1.389" /><testcase classname="backend.tests.test_enterprise_health_iter129.TestFormulaEditRollback" name="test_edit_and_rollback" time="0.313" /><testcase classname="backend.tests.test_enterprise_health_iter129.TestRegression" name="test_operations_still_loads" time="0.057" /><testcase classname="backend.tests.test_enterprise_health_iter129.TestRegression" name="test_business_health_still_works" time="0.056" /></testsuite></testsuites>