<?xml version="1.0" encoding="utf-8"?><testsuites name="pytest tests"><testsuite name="pytest" errors="0" failures="0" skipped="0" tests="7" time="5.332" timestamp="2026-07-25T17:42:01.357524+00:00" hostname="agent-env-5fea00b5-37f3-49c5-9521-8e803208718f"><testcase classname="backend.tests.test_value_loop_iter119" name="test_confirm_triggers_value_loop" time="4.795" /><testcase classname="backend.tests.test_value_loop_iter119" name="test_confirm_idempotent_warranty" time="0.084" /><testcase classname="backend.tests.test_value_loop_iter119" name="test_property_dna" time="0.055" /><testcase classname="backend.tests.test_value_loop_iter119" name="test_client_opportunities" time="0.059" /><testcase classname="backend.tests.test_value_loop_iter119" name="test_admin_value_loop_stats" time="0.056" /><testcase classname="backend.tests.test_value_loop_iter119" name="test_ceo_dashboard_value_loop" time="0.083" /><testcase classname="backend.tests.test_value_loop_iter119" name="test_command_center_feed" time="0.075" /></testsuite></testsuites>