<?xml version="1.0" encoding="utf-8"?><testsuites name="pytest tests"><testsuite name="pytest" errors="0" failures="0" skipped="0" tests="7" time="5.028" timestamp="2026-07-25T15:01:20.878831+00:00" hostname="agent-env-5fea00b5-37f3-49c5-9521-8e803208718f"><testcase classname="backend.tests.test_iter117_xos_regression" name="test_track_config" time="3.443" /><testcase classname="backend.tests.test_iter117_xos_regression" name="test_client_junior_public_request" time="0.048" /><testcase classname="backend.tests.test_iter117_xos_regression" name="test_cookies_consent" time="0.046" /><testcase classname="backend.tests.test_iter117_xos_regression" name="test_concierge_public_settings" time="0.323" /><testcase classname="backend.tests.test_iter117_xos_regression" name="test_client_copilot" time="0.055" /><testcase classname="backend.tests.test_iter117_xos_regression" name="test_specialist_cockpit" time="0.319" /><testcase classname="backend.tests.test_iter117_xos_regression" name="test_register_specialist_entry" time="0.764" /></testsuite></testsuites>