<?xml version="1.0" encoding="utf-8"?><testsuites name="pytest tests"><testsuite name="pytest" errors="0" failures="0" skipped="0" tests="17" time="12.938" timestamp="2026-07-11T15:51:22.553550+00:00" hostname="agent-env-5fea00b5-37f3-49c5-9521-8e803208718f"><testcase classname="backend.tests.test_sprint2_consolidation_iter110.TestAuthRegression" name="test_admin_login_and_me" time="0.772" /><testcase classname="backend.tests.test_sprint2_consolidation_iter110.TestAuthRegression" name="test_client_login_and_me" time="0.363" /><testcase classname="backend.tests.test_sprint2_consolidation_iter110.TestAuthRegression" name="test_specialist_login_and_me" time="0.367" /><testcase classname="backend.tests.test_sprint2_consolidation_iter110.TestSettingsFacade" name="test_public_app_settings" time="0.094" /><testcase classname="backend.tests.test_sprint2_consolidation_iter110.TestSettingsFacade" name="test_admin_get_all_settings" time="0.373" /><testcase classname="backend.tests.test_sprint2_consolidation_iter110.TestSettingsFacade" name="test_admin_update_settings_dual_write" time="0.194" /><testcase classname="backend.tests.test_sprint2_consolidation_iter110.TestSettingsFacade" name="test_security_config_via_settings_store" time="0.055" /><testcase classname="backend.tests.test_sprint2_consolidation_iter110.TestLeadsUnified" name="test_demo_request_creates_lead_and_triage" time="0.660" /><testcase classname="backend.tests.test_sprint2_consolidation_iter110.TestLeadsUnified" name="test_demo_request_validation" time="0.094" /><testcase classname="backend.tests.test_sprint2_consolidation_iter110.TestInteriorDesignRegression" name="test_public_content_serves" time="0.104" /><testcase classname="backend.tests.test_sprint2_consolidation_iter110.TestInteriorDesignRegression" name="test_ai_concierge_session" time="9.148" /><testcase classname="backend.tests.test_sprint2_consolidation_iter110.TestXOSAdmin" name="test_xos_registry_admin" time="0.056" /><testcase classname="backend.tests.test_sprint2_consolidation_iter110.TestXOSAdmin" name="test_xos_experience_profile[client]" time="0.054" /><testcase classname="backend.tests.test_sprint2_consolidation_iter110.TestXOSAdmin" name="test_xos_experience_profile[specialist]" time="0.050" /><testcase classname="backend.tests.test_sprint2_consolidation_iter110.TestXOSAdmin" name="test_xos_experience_profile[admin]" time="0.050" /><testcase classname="backend.tests.test_sprint2_consolidation_iter110.TestXOSAdmin" name="test_admin_experience_profiles_list" time="0.048" /><testcase classname="backend.tests.test_sprint2_consolidation_iter110.TestHealth" name="test_health" time="0.424" /></testsuite></testsuites>