<?xml version="1.0" encoding="utf-8"?><testsuites name="pytest tests"><testsuite name="pytest" errors="0" failures="0" skipped="0" tests="8" time="5.077" timestamp="2026-07-28T14:52:54.610525+00:00" hostname="agent-env-5fea00b5-37f3-49c5-9521-8e803208718f"><testcase classname="backend.tests.test_iter154_client_v2_regression" name="test_twin_orchestrator_insights_removed" time="2.330" /><testcase classname="backend.tests.test_iter154_client_v2_regression" name="test_client_digital_twins_available" time="0.421" /><testcase classname="backend.tests.test_iter154_client_v2_regression" name="test_orchestrator_overview_has_retry_fields" time="0.384" /><testcase classname="backend.tests.test_iter154_client_v2_regression" name="test_login_all_demo_roles[creds0]" time="0.406" /><testcase classname="backend.tests.test_iter154_client_v2_regression" name="test_login_all_demo_roles[creds1]" time="0.345" /><testcase classname="backend.tests.test_iter154_client_v2_regression" name="test_login_all_demo_roles[creds2]" time="0.332" /><testcase classname="backend.tests.test_iter154_client_v2_regression" name="test_login_all_demo_roles[creds3]" time="0.352" /><testcase classname="backend.tests.test_iter154_client_v2_regression" name="test_app_settings_no_twin_orchestrator_field" time="0.475" /></testsuite></testsuites>