<?xml version="1.0" encoding="utf-8"?><testsuites name="pytest tests"><testsuite name="pytest" errors="0" failures="0" skipped="0" tests="17" time="6.687" timestamp="2026-07-11T08:33:29.721737+00:00" hostname="agent-env-5fea00b5-37f3-49c5-9521-8e803208718f"><testcase classname="backend.tests.test_design_studio_audit.TestDesignStudioTokens" name="test_tokens_public_read" time="5.100" /><testcase classname="backend.tests.test_design_studio_audit.TestDesignStudioTokens" name="test_reset_to_default" time="0.475" /><testcase classname="backend.tests.test_design_studio_audit.TestDesignStudioTokens" name="test_apply_neon_lab_preset" time="0.139" /><testcase classname="backend.tests.test_design_studio_audit.TestDesignStudioPresets" name="test_list_builtin_presets" time="0.057" /><testcase classname="backend.tests.test_design_studio_audit.TestDesignStudioPresets" name="test_save_and_delete_custom_preset" time="0.223" /><testcase classname="backend.tests.test_design_studio_audit.TestDesignStudioPresets" name="test_cannot_delete_builtin" time="0.053" /><testcase classname="backend.tests.test_design_studio_audit.TestDesignStudioComponentsAndLock" name="test_components_list" time="0.046" /><testcase classname="backend.tests.test_design_studio_audit.TestDesignStudioComponentsAndLock" name="test_lock_default" time="0.049" /><testcase classname="backend.tests.test_design_studio_audit.TestDesignStudioComponentsAndLock" name="test_lock_toggle" time="0.095" /><testcase classname="backend.tests.test_design_studio_audit.TestDesignAudit" name="test_pages_list" time="0.048" /><testcase classname="backend.tests.test_design_studio_audit.TestDesignAudit" name="test_analyze_landing_llm" time="0.045" /><testcase classname="backend.tests.test_design_studio_audit.TestDesignAudit" name="test_analyze_cached_second_call" time="0.045" /><testcase classname="backend.tests.test_design_studio_audit.TestDesignAudit" name="test_analyze_unknown_key" time="0.045" /><testcase classname="backend.tests.test_design_studio_audit.TestDesignAudit" name="test_summary_aggregates" time="0.046" /><testcase classname="backend.tests.test_design_studio_audit.TestAuthGuards" name="test_tokens_public_no_auth_ok" time="0.044" /><testcase classname="backend.tests.test_design_studio_audit.TestAuthGuards" name="test_presets_requires_admin" time="0.042" /><testcase classname="backend.tests.test_design_studio_audit.TestAuthGuards" name="test_audit_pages_requires_admin" time="0.052" /></testsuite></testsuites>