<?xml version="1.0" encoding="utf-8"?><testsuites name="pytest tests"><testsuite name="pytest" errors="0" failures="0" skipped="0" tests="23" time="78.374" timestamp="2026-06-25T10:11:54.662848+00:00" hostname="agent-env-5fea00b5-37f3-49c5-9521-8e803208718f"><testcase classname="tests.test_marketplace_partners.TestMarketplaceCRUD" name="test_create_partner_valid" time="0.803" /><testcase classname="tests.test_marketplace_partners.TestMarketplaceCRUD" name="test_create_partner_invalid_tier" time="0.047" /><testcase classname="tests.test_marketplace_partners.TestMarketplaceCRUD" name="test_create_partner_invalid_status" time="0.045" /><testcase classname="tests.test_marketplace_partners.TestMarketplaceCRUD" name="test_create_partner_invalid_package" time="0.044" /><testcase classname="tests.test_marketplace_partners.TestMarketplaceCRUD" name="test_duplicate_email_409" time="0.048" /><testcase classname="tests.test_marketplace_partners.TestMarketplaceCRUD" name="test_list_partners" time="0.048" /><testcase classname="tests.test_marketplace_partners.TestMarketplaceCRUD" name="test_list_with_filter" time="0.045" /><testcase classname="tests.test_marketplace_partners.TestMarketplaceCRUD" name="test_get_partner" time="0.047" /><testcase classname="tests.test_marketplace_partners.TestMarketplaceCRUD" name="test_patch_partner" time="0.046" /><testcase classname="tests.test_marketplace_partners.TestMarketplaceCRUD" name="test_stats" time="0.053" /><testcase classname="tests.test_marketplace_partners.TestMarketplaceCRUD" name="test_commissions" time="0.049" /><testcase classname="tests.test_marketplace_partners.TestMarketplaceCRUD" name="test_policies" time="0.051" /><testcase classname="tests.test_marketplace_partners.TestMarketplaceLeads" name="test_create_and_list_lead" time="0.167" /><testcase classname="tests.test_marketplace_partners.TestMarketplacePortal" name="test_create_login_and_portal" time="0.869" /><testcase classname="tests.test_marketplace_partners.TestRBAC" name="test_sub_admin_blocked_admin" time="0.356" /><testcase classname="tests.test_marketplace_partners.TestRBAC" name="test_sub_admin_blocked_stats" time="0.043" /><testcase classname="tests.test_marketplace_partners.TestRBAC" name="test_client_blocked_admin" time="0.386" /><testcase classname="tests.test_marketplace_partners.TestCityCopilotNudges" name="test_nudges_for_city_partner" time="8.491" /><testcase classname="tests.test_marketplace_partners.TestCityCopilotNudges" name="test_nudges_forbidden_admin" time="0.050" /><testcase classname="tests.test_marketplace_partners.TestCityCopilotNudges" name="test_nudges_forbidden_client" time="0.048" /><testcase classname="tests.test_marketplace_partners.TestLegalAudit" name="test_city_partner_legal_compliant" time="0.044" /><testcase classname="tests.test_marketplace_partners.TestMarketplaceCopilot" name="test_analyze" time="32.537" /><testcase classname="tests.test_marketplace_partners.TestPresentation" name="test_presentation" time="34.025" /></testsuite></testsuites>