<?xml version="1.0" encoding="utf-8"?><testsuites name="pytest tests"><testsuite name="pytest" errors="0" failures="0" skipped="0" tests="15" time="4.643" timestamp="2026-07-08T10:02:54.288510+00:00" hostname="agent-env-5fea00b5-37f3-49c5-9521-8e803208718f"><testcase classname="backend.tests.test_analytics_growth_phase2_iter84.TestHeatmap" name="test_seed_clicks_on_login" time="2.009" /><testcase classname="backend.tests.test_analytics_growth_phase2_iter84.TestHeatmap" name="test_heatmap_month" time="0.375" /><testcase classname="backend.tests.test_analytics_growth_phase2_iter84.TestHeatmap" name="test_heatmap_with_path" time="0.048" /><testcase classname="backend.tests.test_analytics_growth_phase2_iter84.TestBounce" name="test_bounce_week_shape" time="0.050" /><testcase classname="backend.tests.test_analytics_growth_phase2_iter84.TestRetention" name="test_retention_8_cohorts" time="0.050" /><testcase classname="backend.tests.test_analytics_growth_phase2_iter84.TestRetention" name="test_retention_bounds_validation" time="0.093" /><testcase classname="backend.tests.test_analytics_growth_phase2_iter84.TestAbTesting" name="test_full_ab_lifecycle" time="1.151" /><testcase classname="backend.tests.test_analytics_growth_phase2_iter84.TestAbTesting" name="test_invalid_goal_400" time="0.049" /><testcase classname="backend.tests.test_analytics_growth_phase2_iter84.TestAbTesting" name="test_delete_nonexistent_404" time="0.054" /><testcase classname="backend.tests.test_analytics_growth_phase2_iter84.TestExportPDF" name="test_export_pdf_month" time="0.158" /><testcase classname="backend.tests.test_analytics_growth_phase2_iter84.TestAuthGuardPhase2" name="test_heatmap_requires_auth" time="0.108" /><testcase classname="backend.tests.test_analytics_growth_phase2_iter84.TestAuthGuardPhase2" name="test_bounce_requires_auth" time="0.105" /><testcase classname="backend.tests.test_analytics_growth_phase2_iter84.TestAuthGuardPhase2" name="test_retention_requires_auth" time="0.132" /><testcase classname="backend.tests.test_analytics_growth_phase2_iter84.TestAuthGuardPhase2" name="test_ab_list_requires_auth" time="0.095" /><testcase classname="backend.tests.test_analytics_growth_phase2_iter84.TestAuthGuardPhase2" name="test_export_pdf_requires_auth" time="0.108" /></testsuite></testsuites>