<?xml version="1.0" encoding="utf-8"?><testsuites name="pytest tests"><testsuite name="pytest" errors="0" failures="0" skipped="1" tests="52" time="7.148" timestamp="2026-07-27T12:13:09.479349+00:00" hostname="agent-env-5fea00b5-37f3-49c5-9521-8e803208718f"><testcase classname="backend.tests.test_launch_readiness_iter139.TestSpecialistJourney" name="test_register_new_specialist" time="1.127" /><testcase classname="backend.tests.test_launch_readiness_iter139.TestSpecialistJourney" name="test_capabilities_catalog_public" time="0.105" /><testcase classname="backend.tests.test_launch_readiness_iter139.TestSpecialistJourney" name="test_entry_specialist_gets_capabilities_endpoint" time="0.054" /><testcase classname="backend.tests.test_launch_readiness_iter139.TestSpecialistJourney" name="test_entry_specialist_can_save_capabilities" time="0.053" /><testcase classname="backend.tests.test_launch_readiness_iter139.TestSpecialistJourney" name="test_reserved_capability_rejected" time="0.054" /><testcase classname="backend.tests.test_launch_readiness_iter139.TestSpecialistJourney" name="test_verified_specialist_capabilities_preserved" time="0.403" /><testcase classname="backend.tests.test_launch_readiness_iter139.TestSpecialistJourney" name="test_verified_specialist_public_profile_shows_capabilities" time="0.272" /><testcase classname="backend.tests.test_launch_readiness_iter139.TestSpecialistJourney" name="test_specialist_sees_open_requests" time="0.115" /><testcase classname="backend.tests.test_launch_readiness_iter139.TestSpecialistJourney" name="test_capabilities_find_search" time="0.096" /><testcase classname="backend.tests.test_launch_readiness_iter139.TestAdminJourney" name="test_admin_me" time="0.380" /><testcase classname="backend.tests.test_launch_readiness_iter139.TestAdminJourney" name="test_admin_beta_overview" time="0.060" /><testcase classname="backend.tests.test_launch_readiness_iter139.TestAdminJourney" name="test_admin_verified_estate_admin_listings" time="0.055" /><testcase classname="backend.tests.test_launch_readiness_iter139.TestAdminJourney" name="test_admin_ve_listing_create_publish_archive" time="0.043"><skipped type="pytest.skip" message="admin create listing schema mismatch: 422 {&quot;detail&quot;:[{&quot;type&quot;:&quot;missing&quot;,&quot;loc&quot;:[&quot;body&quot;,&quot;surface_sqm&quot;],&quot;msg&quot;:&quot;Field required&quot;,&quot;input&quot;:{&quot;title&quot;:&quot;TEST Iter139 Villa f8dc2b&quot;,&quot;description&quot;:&quot;Test listing pentru RUN 2 launch readiness. Include toate detaliile relevante.&quot;,&quot;transaction_type&quot;:&quot;sale&quot;,&quot;property_type&quot;:&quot;apartment&quot;,&quot;price_ron&quot;:250000,&quot;surfa">/app/backend/tests/test_launch_readiness_iter139.py:209: admin create listing schema mismatch: 422 {"detail":[{"type":"missing","loc":["body","surface_sqm"],"msg":"Field required","input":{"title":"TEST Iter139 Villa f8dc2b","description":"Test listing pentru RUN 2 launch readiness. Include toate detaliile relevante.","transaction_type":"sale","property_type":"apartment","price_ron":250000,"surfa</skipped></testcase><testcase classname="backend.tests.test_launch_readiness_iter139.TestAdminJourney" name="test_admin_ve_inquiries_and_external_requests" time="0.138" /><testcase classname="backend.tests.test_launch_readiness_iter139.TestAdminJourney" name="test_admin_operations_center_requests_list" time="0.244" /><testcase classname="backend.tests.test_launch_readiness_iter139.TestAdminJourney" name="test_admin_activity_stream" time="0.050" /><testcase classname="backend.tests.test_launch_readiness_iter139.TestAdminJourney" name="test_admin_specialists_list" time="0.051" /><testcase classname="backend.tests.test_launch_readiness_iter139.TestAdminJourney" name="test_admin_ve_orders" time="0.044" /><testcase classname="backend.tests.test_launch_readiness_iter139.TestAuditorJourney" name="test_external_audit_requests_listing_admin_visible" time="0.145" /><testcase classname="backend.tests.test_launch_readiness_iter139.TestAuditorJourney" name="test_client_property_has_health_score" time="0.427" /><testcase classname="backend.tests.test_launch_readiness_iter139.TestDesignerJourney" name="test_public_design_page_via_backend_route" time="0.097" /><testcase classname="backend.tests.test_launch_readiness_iter139.TestDesignerJourney" name="test_verified_spec_public_capabilities_includes_interior_design" time="0.145" /><testcase classname="backend.tests.test_launch_readiness_iter139.TestPermissionsMatrix" name="test_anon_gets_401_403[/api/admin/beta/overview]" time="0.092" /><testcase classname="backend.tests.test_launch_readiness_iter139.TestPermissionsMatrix" name="test_anon_gets_401_403[/api/verified-estate/admin/listings]" time="0.042" /><testcase classname="backend.tests.test_launch_readiness_iter139.TestPermissionsMatrix" name="test_anon_gets_401_403[/api/verified-estate/admin/inquiries]" time="0.081" /><testcase classname="backend.tests.test_launch_readiness_iter139.TestPermissionsMatrix" name="test_anon_gets_401_403[/api/verified-estate/admin/external-requests]" time="0.044" /><testcase classname="backend.tests.test_launch_readiness_iter139.TestPermissionsMatrix" name="test_anon_gets_401_403[/api/verified-estate/admin/stats]" time="0.045" /><testcase classname="backend.tests.test_launch_readiness_iter139.TestPermissionsMatrix" name="test_client_gets_401_403[/api/admin/beta/overview]" time="0.048" /><testcase classname="backend.tests.test_launch_readiness_iter139.TestPermissionsMatrix" name="test_client_gets_401_403[/api/verified-estate/admin/listings]" time="0.049" /><testcase classname="backend.tests.test_launch_readiness_iter139.TestPermissionsMatrix" name="test_client_gets_401_403[/api/verified-estate/admin/inquiries]" time="0.046" /><testcase classname="backend.tests.test_launch_readiness_iter139.TestPermissionsMatrix" name="test_client_gets_401_403[/api/verified-estate/admin/external-requests]" time="0.052" /><testcase classname="backend.tests.test_launch_readiness_iter139.TestPermissionsMatrix" name="test_client_gets_401_403[/api/verified-estate/admin/stats]" time="0.050" /><testcase classname="backend.tests.test_launch_readiness_iter139.TestPermissionsMatrix" name="test_specialist_gets_401_403[/api/admin/beta/overview]" time="0.060" /><testcase classname="backend.tests.test_launch_readiness_iter139.TestPermissionsMatrix" name="test_specialist_gets_401_403[/api/verified-estate/admin/listings]" time="0.058" /><testcase classname="backend.tests.test_launch_readiness_iter139.TestPermissionsMatrix" name="test_specialist_gets_401_403[/api/verified-estate/admin/inquiries]" time="0.054" /><testcase classname="backend.tests.test_launch_readiness_iter139.TestPermissionsMatrix" name="test_specialist_gets_401_403[/api/verified-estate/admin/external-requests]" time="0.056" /><testcase classname="backend.tests.test_launch_readiness_iter139.TestPermissionsMatrix" name="test_specialist_gets_401_403[/api/verified-estate/admin/stats]" time="0.058" /><testcase classname="backend.tests.test_launch_readiness_iter139.TestAuthRegression" name="test_anon_me_returns_401" time="0.048" /><testcase classname="backend.tests.test_launch_readiness_iter139.TestAuthRegression" name="test_login_then_me_persists" time="0.395" /><testcase classname="backend.tests.test_launch_readiness_iter139.TestAuthRegression" name="test_logout_clears_session" time="0.419" /><testcase classname="backend.tests.test_launch_readiness_iter139.TestFrontendDeadEnds" name="test_page_shell_loads[/]" time="0.104" /><testcase classname="backend.tests.test_launch_readiness_iter139.TestFrontendDeadEnds" name="test_page_shell_loads[/login]" time="0.110" /><testcase classname="backend.tests.test_launch_readiness_iter139.TestFrontendDeadEnds" name="test_page_shell_loads[/register]" time="0.099" /><testcase classname="backend.tests.test_launch_readiness_iter139.TestFrontendDeadEnds" name="test_page_shell_loads[/devino-specialist]" time="0.102" /><testcase classname="backend.tests.test_launch_readiness_iter139.TestFrontendDeadEnds" name="test_page_shell_loads[/specialist]" time="0.098" /><testcase classname="backend.tests.test_launch_readiness_iter139.TestFrontendDeadEnds" name="test_page_shell_loads[/specialist/capabilities]" time="0.099" /><testcase classname="backend.tests.test_launch_readiness_iter139.TestFrontendDeadEnds" name="test_page_shell_loads[/admin]" time="0.100" /><testcase classname="backend.tests.test_launch_readiness_iter139.TestFrontendDeadEnds" name="test_page_shell_loads[/admin/imobile-verificate]" time="0.124" /><testcase classname="backend.tests.test_launch_readiness_iter139.TestFrontendDeadEnds" name="test_page_shell_loads[/admin/beta-cockpit]" time="0.097" /><testcase classname="backend.tests.test_launch_readiness_iter139.TestFrontendDeadEnds" name="test_page_shell_loads[/imobile-verificate]" time="0.098" /><testcase classname="backend.tests.test_launch_readiness_iter139.TestFrontendDeadEnds" name="test_page_shell_loads[/design-interior]" time="0.096" /><testcase classname="backend.tests.test_launch_readiness_iter139.TestFrontendDeadEnds" name="test_page_shell_loads[/client]" time="0.111" /></testsuite></testsuites>