<?xml version="1.0" encoding="utf-8"?><testsuites name="pytest tests"><testsuite name="pytest" errors="0" failures="0" skipped="0" tests="14" time="16.996" timestamp="2026-08-24T11:49:28.179768+00:00" hostname="agent-env-5fea00b5-37f3-49c5-9521-8e803208718f"><testcase classname="backend.tests.test_subscription_lifecycle_iter186" name="test_client_premium_active_lifecycle" time="7.570" /><testcase classname="backend.tests.test_subscription_lifecycle_iter186" name="test_admin_lifecycle_bypass" time="0.410" /><testcase classname="backend.tests.test_subscription_lifecycle_iter186" name="test_never_subscribed_lifecycle" time="0.686" /><testcase classname="backend.tests.test_subscription_lifecycle_iter186" name="test_simulated_active_basic" time="0.686" /><testcase classname="backend.tests.test_subscription_lifecycle_iter186" name="test_self_cancel_moves_to_cancelled_grace" time="0.763" /><testcase classname="backend.tests.test_subscription_lifecycle_iter186" name="test_expired_lifecycle_free_tier_with_notice" time="0.740" /><testcase classname="backend.tests.test_subscription_lifecycle_iter186" name="test_expired_user_402_on_house_health_documents" time="0.726" /><testcase classname="backend.tests.test_subscription_lifecycle_iter186" name="test_expired_user_402_on_digital_twin_projects" time="0.749" /><testcase classname="backend.tests.test_subscription_lifecycle_iter186" name="test_expired_user_property_data_preserved" time="0.993" /><testcase classname="backend.tests.test_subscription_lifecycle_iter186" name="test_cancel_idempotent_on_cancelled" time="0.851" /><testcase classname="backend.tests.test_subscription_lifecycle_iter186" name="test_cancel_returns_404_when_no_subscription" time="0.673" /><testcase classname="backend.tests.test_subscription_lifecycle_iter186" name="test_regression_entitlements_shape" time="0.078" /><testcase classname="backend.tests.test_subscription_lifecycle_iter186" name="test_regression_basic_checkout" time="1.258" /><testcase classname="backend.tests.test_subscription_lifecycle_iter186" name="test_cancelled_grace_status_directly_gives_access" time="0.685" /></testsuite></testsuites>