<?xml version="1.0" encoding="utf-8"?><testsuites name="pytest tests"><testsuite name="pytest" errors="0" failures="0" skipped="0" tests="13" time="10.191" timestamp="2026-08-27T20:14:52.119354+00:00" hostname="agent-env-5fea00b5-37f3-49c5-9521-8e803208718f"><testcase classname="backend.tests.test_dt_p1_consolidation_iter200.TestFreeIngestRelaxed" name="test_free_can_create_project" time="5.567" /><testcase classname="backend.tests.test_dt_p1_consolidation_iter200.TestFreeIngestRelaxed" name="test_free_can_upload_glb" time="0.261" /><testcase classname="backend.tests.test_dt_p1_consolidation_iter200.TestFreeIngestRelaxed" name="test_free_can_list_models" time="0.065" /><testcase classname="backend.tests.test_dt_p1_consolidation_iter200.TestFreeIngestRelaxed" name="test_free_can_serve_uploaded_model" time="0.158" /><testcase classname="backend.tests.test_dt_p1_consolidation_iter200.TestFreeIngestRelaxed" name="test_free_blocked_from_pin_create" time="0.061" /><testcase classname="backend.tests.test_dt_p1_consolidation_iter200.TestPremiumVersioning" name="test_premium_upload_two_models_and_supersede" time="1.414" /><testcase classname="backend.tests.test_dt_p1_consolidation_iter200.TestPremiumVersioning" name="test_visibility_valid_transitions" time="0.172" /><testcase classname="backend.tests.test_dt_p1_consolidation_iter200.TestPremiumVersioning" name="test_visibility_invalid_world_rejected" time="0.073" /><testcase classname="backend.tests.test_dt_p1_consolidation_iter200.TestSpacesEndpoint" name="test_spaces_from_twin_2d" time="0.239" /><testcase classname="backend.tests.test_dt_p1_consolidation_iter200.TestDocumentRelations" name="test_document_persists_related_ids" time="0.341" /><testcase classname="backend.tests.test_dt_p1_consolidation_iter200.TestPlanUploadServe" name="test_upload_and_serve_plan" time="0.657" /><testcase classname="backend.tests.test_dt_p1_consolidation_iter200.TestOperatorApproveNoHealthOverride" name="test_approve_preserves_structure_health" time="0.767" /><testcase classname="backend.tests.test_dt_p1_consolidation_iter200.TestPremiumPinRegression" name="test_pin_create_list_comment_delete" time="0.352" /></testsuite></testsuites>