<?xml version="1.0" encoding="utf-8"?><testsuites name="pytest tests"><testsuite name="pytest" errors="0" failures="0" skipped="0" tests="17" time="39.352" timestamp="2026-07-11T09:33:18.192274+00:00" hostname="agent-env-5fea00b5-37f3-49c5-9521-8e803208718f"><testcase classname="backend.tests.test_iter103_urgent_modules.TestCommandCenter" name="test_feed_structure" time="3.323" /><testcase classname="backend.tests.test_iter103_urgent_modules.TestCommandCenter" name="test_feed_warnings" time="0.048" /><testcase classname="backend.tests.test_iter103_urgent_modules.TestCommandCenter" name="test_feed_raw_snapshot" time="0.050" /><testcase classname="backend.tests.test_iter103_urgent_modules.TestCommandCenter" name="test_recommendations_generate" time="19.786" /><testcase classname="backend.tests.test_iter103_urgent_modules.TestCommandCenter" name="test_recommendations_latest_cached" time="0.048" /><testcase classname="backend.tests.test_iter103_urgent_modules.TestCommandCenter" name="test_rbac_client_forbidden" time="0.472" /><testcase classname="backend.tests.test_iter103_urgent_modules.TestBusinessHealth" name="test_structure" time="0.059" /><testcase classname="backend.tests.test_iter103_urgent_modules.TestBusinessHealth" name="test_score_color_consistency" time="0.052" /><testcase classname="backend.tests.test_iter103_urgent_modules.TestBusinessHealth" name="test_rbac_client_forbidden" time="0.044" /><testcase classname="backend.tests.test_iter103_urgent_modules.TestMarketplaceIntel" name="test_supply_demand_structure" time="0.049" /><testcase classname="backend.tests.test_iter103_urgent_modules.TestMarketplaceIntel" name="test_recommend_generate" time="14.937" /><testcase classname="backend.tests.test_iter103_urgent_modules.TestMarketplaceIntel" name="test_recommend_latest" time="0.049" /><testcase classname="backend.tests.test_iter103_urgent_modules.TestMarketplaceIntel" name="test_rbac_client_forbidden" time="0.174" /><testcase classname="backend.tests.test_iter103_urgent_modules.TestFinancialCockpit" name="test_structure" time="0.048" /><testcase classname="backend.tests.test_iter103_urgent_modules.TestFinancialCockpit" name="test_rbac_client_forbidden" time="0.047" /><testcase classname="backend.tests.test_iter103_urgent_modules.TestIter102Regression" name="test_roadmap_loads" time="0.056" /><testcase classname="backend.tests.test_iter103_urgent_modules.TestIter102Regression" name="test_design_intelligence_targets" time="0.047" /></testsuite></testsuites>