<?xml version="1.0" encoding="utf-8"?><testsuites name="pytest tests"><testsuite name="pytest" errors="0" failures="0" skipped="0" tests="14" time="7.531" timestamp="2026-07-10T18:20:43.786946+00:00" hostname="agent-env-5fea00b5-37f3-49c5-9521-8e803208718f"><testcase classname="backend.tests.test_construction_cipa_iter87.TestPublicTaxonomy" name="test_public_tree_no_auth" time="2.579" /><testcase classname="backend.tests.test_construction_cipa_iter87.TestAdminTaxonomy" name="test_admin_taxonomy_requires_auth" time="0.045" /><testcase classname="backend.tests.test_construction_cipa_iter87.TestAdminTaxonomy" name="test_admin_taxonomy_full" time="0.382" /><testcase classname="backend.tests.test_construction_cipa_iter87.TestAdminTaxonomy" name="test_taxonomy_crud_full_flow" time="0.307" /><testcase classname="backend.tests.test_construction_cipa_iter87.TestAdminTaxonomy" name="test_toggle_visibility_gate_on_real_root" time="1.289" /><testcase classname="backend.tests.test_construction_cipa_iter87.TestRefreshVisibility" name="test_refresh_via_orchestrator_appears_in_ledger" time="0.110" /><testcase classname="backend.tests.test_construction_cipa_iter87.TestOverview" name="test_overview_shape" time="0.055" /><testcase classname="backend.tests.test_construction_cipa_iter87.TestOverview" name="test_hidden_with_potential_may_contain_zugravit" time="0.057" /><testcase classname="backend.tests.test_construction_cipa_iter87.TestProjects" name="test_projects_list_with_filters" time="0.048" /><testcase classname="backend.tests.test_construction_cipa_iter87.TestProjects" name="test_projects_filter_query_param" time="0.056" /><testcase classname="backend.tests.test_construction_cipa_iter87.TestProjects" name="test_projects_min_max_value_filter" time="0.052" /><testcase classname="backend.tests.test_construction_cipa_iter87.TestProjects" name="test_projects_csv_export" time="0.058" /><testcase classname="backend.tests.test_construction_cipa_iter87.TestOrchestratorPlaybooksCount" name="test_lists_four_playbooks" time="0.055" /><testcase classname="backend.tests.test_construction_cipa_iter87.TestVerifySpecialistHook" name="test_verify_emits_category_visibility_refresh" time="2.378" /></testsuite></testsuites>