<?xml version="1.0" encoding="utf-8"?><testsuites name="pytest tests"><testsuite name="pytest" errors="0" failures="0" skipped="0" tests="22" time="20.643" timestamp="2026-06-25T14:57:02.444792+00:00" hostname="agent-env-5fea00b5-37f3-49c5-9521-8e803208718f"><testcase classname="tests.test_iter78_demo_activity.TestMasterCode" name="test_env_var_present" time="3.025" /><testcase classname="tests.test_iter78_demo_activity.TestMasterCode" name="test_default_fallback_0108_works" time="0.603" /><testcase classname="tests.test_iter78_demo_activity.TestProtectedEmails" name="test_list_returns_both_protected" time="0.371" /><testcase classname="tests.test_iter78_demo_activity.TestProtectedEmails" name="test_danieligna_cannot_be_blocked" time="0.045" /><testcase classname="tests.test_iter78_demo_activity.TestProtectedEmails" name="test_danieligna_cannot_change_role" time="0.044" /><testcase classname="tests.test_iter78_demo_activity.TestProtectedEmails" name="test_owner_login_works" time="0.388" /><testcase classname="tests.test_iter78_demo_activity.TestRBAC" name="test_super_can_list" time="0.050" /><testcase classname="tests.test_iter78_demo_activity.TestRBAC" name="test_super_can_summary" time="0.047" /><testcase classname="tests.test_iter78_demo_activity.TestRBAC" name="test_non_super_blocked_list" time="0.374" /><testcase classname="tests.test_iter78_demo_activity.TestRBAC" name="test_non_super_blocked_summary" time="0.387" /><testcase classname="tests.test_iter78_demo_activity.TestActivityMiddleware" name="test_demo_user_generates_logs" time="3.074" /><testcase classname="tests.test_iter78_demo_activity.TestActivityMiddleware" name="test_non_demo_user_does_not_log" time="1.589" /><testcase classname="tests.test_iter78_demo_activity.TestActivityMiddleware" name="test_owner_does_not_log" time="1.937" /><testcase classname="tests.test_iter78_demo_activity.TestFilters" name="test_filter_by_email" time="2.107" /><testcase classname="tests.test_iter78_demo_activity.TestFilters" name="test_filter_by_q_label" time="0.045" /><testcase classname="tests.test_iter78_demo_activity.TestFilters" name="test_filter_limit" time="0.046" /><testcase classname="tests.test_iter78_demo_activity.TestFilters" name="test_filter_days" time="0.045" /><testcase classname="tests.test_iter78_demo_activity.TestFriendlyLabels" name="test_marketing_dashboard_label" time="2.104" /><testcase classname="tests.test_iter78_demo_activity.TestFriendlyLabels" name="test_strategic_partners_cross_ref_label" time="2.104" /><testcase classname="tests.test_iter78_demo_activity.TestSummary" name="test_summary_structure" time="2.109" /><testcase classname="tests.test_iter78_demo_activity.TestRegression" name="test_demo_accounts_six_items" time="0.045" /><testcase classname="tests.test_iter78_demo_activity.TestRegression" name="test_admin_accounts_22_plus" time="0.047" /></testsuite></testsuites>