<?xml version="1.0" encoding="utf-8"?><testsuites name="pytest tests"><testsuite name="pytest" errors="0" failures="0" skipped="0" tests="13" time="7.372" timestamp="2026-09-16T16:49:31.678356+00:00" hostname="agent-env-5fea00b5-37f3-49c5-9521-8e803208718f"><testcase classname="backend.tests.test_hartablocuri_observability_iter223" name="test_stats_requires_admin" time="5.087" /><testcase classname="backend.tests.test_hartablocuri_observability_iter223" name="test_list_requires_admin" time="0.101" /><testcase classname="backend.tests.test_hartablocuri_observability_iter223" name="test_detail_requires_admin" time="0.128" /><testcase classname="backend.tests.test_hartablocuri_observability_iter223" name="test_stats_overview_counts" time="0.594" /><testcase classname="backend.tests.test_hartablocuri_observability_iter223" name="test_list_default_pagination" time="0.110" /><testcase classname="backend.tests.test_hartablocuri_observability_iter223" name="test_list_source_filter_hartablocuri" time="0.099" /><testcase classname="backend.tests.test_hartablocuri_observability_iter223" name="test_list_source_filter_propmanage" time="0.089" /><testcase classname="backend.tests.test_hartablocuri_observability_iter223" name="test_list_search_q" time="0.100" /><testcase classname="backend.tests.test_hartablocuri_observability_iter223" name="test_list_pagination_page2" time="0.193" /><testcase classname="backend.tests.test_hartablocuri_observability_iter223" name="test_building_detail" time="0.217" /><testcase classname="backend.tests.test_hartablocuri_observability_iter223" name="test_regression_public_search" time="0.161" /><testcase classname="backend.tests.test_hartablocuri_observability_iter223" name="test_regression_sitemap_no_building_urls" time="0.204" /><testcase classname="backend.tests.test_hartablocuri_observability_iter223" name="test_regression_seo_overview" time="0.233" /></testsuite></testsuites>