<?xml version="1.0" encoding="utf-8"?><testsuites name="pytest tests"><testsuite name="pytest" errors="0" failures="0" skipped="0" tests="12" time="9.186" timestamp="2026-08-24T11:30:34.106122+00:00" hostname="agent-env-5fea00b5-37f3-49c5-9521-8e803208718f"><testcase classname="backend.tests.test_digital_twin_gate_iter185" name="test_premium_client_has_digital_twin_advanced_via_inheritance" time="3.449" /><testcase classname="backend.tests.test_digital_twin_gate_iter185" name="test_dt_subscription_premium" time="0.065" /><testcase classname="backend.tests.test_digital_twin_gate_iter185" name="test_dt_create_project_premium_not_402" time="0.134" /><testcase classname="backend.tests.test_digital_twin_gate_iter185" name="test_dt_subscription_admin_bypass" time="0.443" /><testcase classname="backend.tests.test_digital_twin_gate_iter185" name="test_free_user_entitlements" time="0.697" /><testcase classname="backend.tests.test_digital_twin_gate_iter185" name="test_dt_subscription_free" time="0.177" /><testcase classname="backend.tests.test_digital_twin_gate_iter185" name="test_free_user_create_project_402" time="0.059" /><testcase classname="backend.tests.test_digital_twin_gate_iter185" name="test_free_user_other_mutations_402" time="0.240" /><testcase classname="backend.tests.test_digital_twin_gate_iter185" name="test_pro_user_gets_digital_twin_advanced" time="1.180" /><testcase classname="backend.tests.test_digital_twin_gate_iter185" name="test_basic_user_no_digital_twin" time="1.126" /><testcase classname="backend.tests.test_digital_twin_gate_iter185" name="test_legacy_digital_twin_pro_flag_still_works" time="0.717" /><testcase classname="backend.tests.test_digital_twin_gate_iter185" name="test_regression_pricing_basic_checkout" time="0.781" /></testsuite></testsuites>