<?xml version="1.0" encoding="utf-8"?><testsuites name="pytest tests"><testsuite name="pytest" errors="0" failures="0" skipped="0" tests="17" time="7.942" timestamp="2026-07-27T18:56:12.045107+00:00" hostname="agent-env-5fea00b5-37f3-49c5-9521-8e803208718f"><testcase classname="backend.tests.test_gbos_growth_iter145" name="test_a1_trusted_specialists_list" time="4.866" /><testcase classname="backend.tests.test_gbos_growth_iter145" name="test_a2_rebook_creates_direct_request" time="0.059" /><testcase classname="backend.tests.test_gbos_growth_iter145" name="test_a2_rebook_403_never_worked_with" time="0.187" /><testcase classname="backend.tests.test_gbos_growth_iter145" name="test_a2_rebook_404_bad_specialist" time="0.067" /><testcase classname="backend.tests.test_gbos_growth_iter145" name="test_a2_rebook_404_bad_property" time="0.051" /><testcase classname="backend.tests.test_gbos_growth_iter145" name="test_a3_direct_visible_to_target_spec_only" time="0.991" /><testcase classname="backend.tests.test_gbos_growth_iter145" name="test_a3_other_spec_cannot_accept" time="0.072" /><testcase classname="backend.tests.test_gbos_growth_iter145" name="test_a4_accept_direct_no_fee" time="0.303" /><testcase classname="backend.tests.test_gbos_growth_iter145" name="test_b1_templates" time="0.066" /><testcase classname="backend.tests.test_gbos_growth_iter145" name="test_b1_create_task" time="0.109" /><testcase classname="backend.tests.test_gbos_growth_iter145" name="test_b1_duplicate_409" time="0.051" /><testcase classname="backend.tests.test_gbos_growth_iter145" name="test_b2_list_status" time="0.055" /><testcase classname="backend.tests.test_gbos_growth_iter145" name="test_b2_complete_advances" time="0.058" /><testcase classname="backend.tests.test_gbos_growth_iter145" name="test_b3_request_open_mode" time="0.229" /><testcase classname="backend.tests.test_gbos_growth_iter145" name="test_b3_request_direct_403_not_worked" time="0.185" /><testcase classname="backend.tests.test_gbos_growth_iter145" name="test_b3_request_direct_mode" time="0.056" /><testcase classname="backend.tests.test_gbos_growth_iter145" name="test_regression_normal_accept_charges_45" time="0.478" /></testsuite></testsuites>