<?xml version="1.0" encoding="utf-8"?><testsuites name="pytest tests"><testsuite name="pytest" errors="0" failures="0" skipped="0" tests="8" time="4.126" timestamp="2026-07-28T12:23:26.129682+00:00" hostname="agent-env-5fea00b5-37f3-49c5-9521-8e803208718f"><testcase classname="backend.tests.test_site_menu_beta.TestPublicSiteMenu" name="test_services_group_only_beta" time="2.825" /><testcase classname="backend.tests.test_site_menu_beta.TestServiceVisibility" name="test_all_12_services_with_correct_active_flags" time="0.047" /><testcase classname="backend.tests.test_site_menu_beta.TestServiceDetail" name="test_mobilier_ok" time="0.049" /><testcase classname="backend.tests.test_site_menu_beta.TestServiceDetail" name="test_specialisti_404" time="0.051" /><testcase classname="backend.tests.test_site_menu_beta.TestServiceDetail" name="test_inexistent_404" time="0.051" /><testcase classname="backend.tests.test_site_menu_beta.TestAdminSiteMenu" name="test_admin_get_has_new_fields" time="0.412" /><testcase classname="backend.tests.test_site_menu_beta.TestAdminSiteMenu" name="test_provider_add_and_retrieve_then_cleanup" time="0.309" /><testcase classname="backend.tests.test_site_menu_beta.TestPlatformRuleReactivation" name="test_specialisti_activation_toggle" time="0.337" /></testsuite></testsuites>