<?xml version="1.0" encoding="utf-8"?><testsuites name="pytest tests"><testsuite name="pytest" errors="0" failures="0" skipped="1" tests="16" time="22.241" timestamp="2026-07-25T18:16:42.939794+00:00" hostname="agent-env-5fea00b5-37f3-49c5-9521-8e803208718f"><testcase classname="backend.tests.test_growth_intel_iter120.TestGrowthRun" name="test_run_scan_structure" time="2.618" /><testcase classname="backend.tests.test_growth_intel_iter120.TestGrowthRun" name="test_validation_logic_board006" time="0.081" /><testcase classname="backend.tests.test_growth_intel_iter120.TestGrowthLatest" name="test_latest_returns_persisted" time="0.145" /><testcase classname="backend.tests.test_growth_intel_iter120.TestBehaviorEndpoint" name="test_behavior_default" time="0.072" /><testcase classname="backend.tests.test_growth_intel_iter120.TestBehaviorEndpoint" name="test_behavior_validation_days_too_low" time="0.069" /><testcase classname="backend.tests.test_growth_intel_iter120.TestSecurity" name="test_no_auth_run" time="0.167" /><testcase classname="backend.tests.test_growth_intel_iter120.TestSecurity" name="test_no_auth_latest" time="0.100" /><testcase classname="backend.tests.test_growth_intel_iter120.TestSecurity" name="test_no_auth_behavior" time="0.119" /><testcase classname="backend.tests.test_growth_intel_iter120.TestSecurity" name="test_client_forbidden_run" time="0.416" /><testcase classname="backend.tests.test_growth_intel_iter120.TestSecurity" name="test_client_forbidden_latest" time="0.044" /><testcase classname="backend.tests.test_growth_intel_iter120.TestSecurity" name="test_client_forbidden_behavior" time="0.054" /><testcase classname="backend.tests.test_growth_intel_iter120.TestEventEmission" name="test_growth_scan_event" time="0.212"><skipped type="pytest.skip" message="activity endpoint not found: 404">/app/backend/tests/test_growth_intel_iter120.py:142: activity endpoint not found: 404</skipped></testcase><testcase classname="backend.tests.test_growth_intel_iter120.TestCommandCenterIntegration" name="test_recommendations_have_category" time="17.835" /><testcase classname="backend.tests.test_growth_intel_iter120.TestCommandCenterIntegration" name="test_command_center_feed_regression" time="0.089" /><testcase classname="backend.tests.test_growth_intel_iter120.TestRegressions" name="test_ceo_endpoint" time="0.096" /><testcase classname="backend.tests.test_growth_intel_iter120.TestRegressions" name="test_value_loop_stats" time="0.070" /></testsuite></testsuites>