<?xml version="1.0" encoding="utf-8"?><testsuites name="pytest tests"><testsuite name="pytest" errors="0" failures="0" skipped="0" tests="9" time="26.439" timestamp="2026-07-11T06:30:13.794681+00:00" hostname="agent-env-5fea00b5-37f3-49c5-9521-8e803208718f"><testcase classname="backend.tests.test_iter98_sprint_f.TestSpecialistCockpit" name="test_cockpit_shape" time="3.855" /><testcase classname="backend.tests.test_iter98_sprint_f.TestSpecialistCockpit" name="test_cockpit_forbidden_for_client" time="0.374" /><testcase classname="backend.tests.test_iter98_sprint_f.TestAIInsightsLLM" name="test_analytics_cached" time="0.358" /><testcase classname="backend.tests.test_iter98_sprint_f.TestAIInsightsLLM" name="test_finance_module_shape" time="21.375" /><testcase classname="backend.tests.test_iter98_sprint_f.TestAIInsightsLLM" name="test_invalid_module_returns_400" time="0.045" /><testcase classname="backend.tests.test_iter98_sprint_f.TestAIInsightsLLM" name="test_non_admin_forbidden" time="0.048" /><testcase classname="backend.tests.test_iter98_sprint_f.TestReconcileOrphans" name="test_reconcile_returns_zero" time="0.112" /><testcase classname="backend.tests.test_iter98_sprint_f.TestReconcileOrphans" name="test_attention_list_no_orphans" time="0.170" /><testcase classname="backend.tests.test_iter98_sprint_f.TestReconcileOrphans" name="test_orchestrator_ledger_has_reconcile_entry" time="0.049" /></testsuite></testsuites>