<?xml version="1.0" encoding="utf-8"?><testsuites name="pytest tests"><testsuite name="pytest" errors="0" failures="1" skipped="0" tests="8" time="6.329" timestamp="2026-09-16T15:49:00.465012+00:00" hostname="agent-env-5fea00b5-37f3-49c5-9521-8e803208718f"><testcase classname="backend.tests.test_hartablocuri_conflicts_iter222" name="test_admin_list_conflicts_unresolved" time="3.998" /><testcase classname="backend.tests.test_hartablocuri_conflicts_iter222" name="test_admin_building_detail_has_typology" time="0.229" /><testcase classname="backend.tests.test_hartablocuri_conflicts_iter222" name="test_admin_building_detail_404" time="0.083" /><testcase classname="backend.tests.test_hartablocuri_conflicts_iter222" name="test_conflict_resolve_confirm_and_reject" time="0.441" /><testcase classname="backend.tests.test_hartablocuri_conflicts_iter222" name="test_conflict_resolve_invalid_field" time="0.247" /><testcase classname="backend.tests.test_hartablocuri_conflicts_iter222" name="test_client_building_context_with_hb" time="0.925" /><testcase classname="backend.tests.test_hartablocuri_conflicts_iter222" name="test_public_search_still_works" time="0.181" /><testcase classname="backend.tests.test_hartablocuri_conflicts_iter222" name="test_manual_building_creation_still_works" time="0.149"><failure message="AssertionError: {&quot;detail&quot;:&quot;Insufficient permissions&quot;}&#10;assert 403 in (200, 201)&#10; +  where 403 = &lt;Response [403]&gt;.status_code">backend/tests/test_hartablocuri_conflicts_iter222.py:232: in test_manual_building_creation_still_works
    assert r.status_code in (200, 201), r.text
E   AssertionError: {"detail":"Insufficient permissions"}
E   assert 403 in (200, 201)
E    +  where 403 = &lt;Response [403]&gt;.status_code</failure></testcase></testsuite></testsuites>