<?xml version="1.0" encoding="utf-8"?><testsuites name="pytest tests"><testsuite name="pytest" errors="0" failures="0" skipped="0" tests="16" time="2.133" timestamp="2026-07-11T17:00:17.066517+00:00" hostname="agent-env-5fea00b5-37f3-49c5-9521-8e803208718f"><testcase classname="backend.tests.test_iter113_xos_sprint5.TestXOSLayoutVersioning" name="test_public_layout_client_home" time="0.590" /><testcase classname="backend.tests.test_iter113_xos_sprint5.TestXOSLayoutVersioning" name="test_admin_surfaces" time="0.392" /><testcase classname="backend.tests.test_iter113_xos_sprint5.TestXOSLayoutVersioning" name="test_history_endpoint_returns_list" time="0.051" /><testcase classname="backend.tests.test_iter113_xos_sprint5.TestXOSLayoutVersioning" name="test_put_layout_creates_snapshot" time="0.207" /><testcase classname="backend.tests.test_iter113_xos_sprint5.TestXOSLayoutVersioning" name="test_rollback_valid_version" time="0.225" /><testcase classname="backend.tests.test_iter113_xos_sprint5.TestXOSLayoutVersioning" name="test_rollback_invalid_version_returns_404" time="0.048" /><testcase classname="backend.tests.test_iter113_xos_sprint5.TestXOSLayoutVersioning" name="test_history_requires_admin" time="0.044" /><testcase classname="backend.tests.test_iter113_xos_sprint5.TestXOSLayoutVersioning" name="test_rollback_requires_admin" time="0.043" /><testcase classname="backend.tests.test_iter113_xos_sprint5.TestXOSLayoutVersioning" name="test_put_layout_requires_admin" time="0.083" /><testcase classname="backend.tests.test_iter113_xos_sprint5.TestXOSRegression" name="test_reset_client_home" time="0.050" /><testcase classname="backend.tests.test_iter113_xos_sprint5.TestXOSRegression" name="test_registry_get" time="0.049" /><testcase classname="backend.tests.test_iter113_xos_sprint5.TestXOSRegression" name="test_registry_patch" time="0.051" /><testcase classname="backend.tests.test_iter113_xos_sprint5.TestXOSRegression" name="test_experience_profiles_get" time="0.047" /><testcase classname="backend.tests.test_iter113_xos_sprint5.TestXOSRegression" name="test_experience_profile_put" time="0.054" /><testcase classname="backend.tests.test_iter113_xos_sprint5.TestXOSRegression" name="test_ui_rules_get_and_put" time="0.099" /><testcase classname="backend.tests.test_iter113_xos_sprint5.TestXOSRegression" name="test_specialist_home_layout" time="0.046" /></testsuite></testsuites>