<?xml version="1.0" encoding="utf-8"?><testsuites name="pytest tests"><testsuite name="pytest" errors="0" failures="0" skipped="0" tests="14" time="5.776" timestamp="2026-09-16T15:19:06.643707+00:00" hostname="agent-env-5fea00b5-37f3-49c5-9521-8e803208718f"><testcase classname="backend.tests.test_iter100_hartablocuri" name="test_public_search_muscel" time="3.684" /><testcase classname="backend.tests.test_iter100_hartablocuri" name="test_public_search_short_query_empty" time="0.086" /><testcase classname="backend.tests.test_iter100_hartablocuri" name="test_public_search_city_filter" time="0.085" /><testcase classname="backend.tests.test_iter100_hartablocuri" name="test_public_cities" time="0.091" /><testcase classname="backend.tests.test_iter100_hartablocuri" name="test_public_building_detail" time="0.176" /><testcase classname="backend.tests.test_iter100_hartablocuri" name="test_public_building_detail_invalid" time="0.077" /><testcase classname="backend.tests.test_iter100_hartablocuri" name="test_admin_auth_required_stats" time="0.087" /><testcase classname="backend.tests.test_iter100_hartablocuri" name="test_admin_auth_required_batches" time="0.082" /><testcase classname="backend.tests.test_iter100_hartablocuri" name="test_admin_auth_required_import" time="0.080" /><testcase classname="backend.tests.test_iter100_hartablocuri" name="test_admin_stats" time="0.549" /><testcase classname="backend.tests.test_iter100_hartablocuri" name="test_admin_batches" time="0.094" /><testcase classname="backend.tests.test_iter100_hartablocuri" name="test_admin_buildings_filter_source_hartablocuri" time="0.102" /><testcase classname="backend.tests.test_iter100_hartablocuri" name="test_admin_buildings_filter_status_conflict" time="0.089" /><testcase classname="backend.tests.test_iter100_hartablocuri" name="test_admin_import_idempotent_dry_run" time="0.438" /></testsuite></testsuites>