<?xml version="1.0" encoding="utf-8"?><testsuites name="pytest tests"><testsuite name="pytest" errors="0" failures="1" skipped="0" tests="17" time="108.050" timestamp="2026-07-11T11:32:25.391660+00:00" hostname="agent-env-5fea00b5-37f3-49c5-9521-8e803208718f"><testcase classname="backend.tests.test_site_menu_iter107.TestPublicSiteMenu" name="test_public_no_auth_returns_200" time="3.361" /><testcase classname="backend.tests.test_site_menu_iter107.TestPublicSiteMenu" name="test_public_default_structure" time="0.052" /><testcase classname="backend.tests.test_site_menu_iter107.TestPublicSiteMenu" name="test_public_servicii_has_12_children" time="0.050" /><testcase classname="backend.tests.test_site_menu_iter107.TestPublicSiteMenu" name="test_public_proprietari_has_4_children" time="0.050" /><testcase classname="backend.tests.test_site_menu_iter107.TestPublicSiteMenu" name="test_public_companie_has_3_children" time="0.051" /><testcase classname="backend.tests.test_site_menu_iter107.TestPublicSiteMenu" name="test_public_cont_guest_has_login_register" time="0.049" /><testcase classname="backend.tests.test_site_menu_iter107.TestPublicSiteMenu" name="test_public_cont_auth_children" time="0.053" /><testcase classname="backend.tests.test_site_menu_iter107.TestAdminSiteMenuAuth" name="test_admin_get_without_auth_forbidden" time="0.051" /><testcase classname="backend.tests.test_site_menu_iter107.TestAdminSiteMenuAuth" name="test_admin_put_without_auth_forbidden" time="0.079" /><testcase classname="backend.tests.test_site_menu_iter107.TestAdminSiteMenuAuth" name="test_admin_reset_without_auth_forbidden" time="0.048" /><testcase classname="backend.tests.test_site_menu_iter107.TestAdminSiteMenuOperations" name="test_admin_get_returns_items_with_active_flag" time="0.045" /><testcase classname="backend.tests.test_site_menu_iter107.TestAdminSiteMenuOperations" name="test_admin_reset_first_ensures_baseline" time="0.042" /><testcase classname="backend.tests.test_site_menu_iter107.TestAdminSiteMenuOperations" name="test_deactivate_item_hides_from_public_then_restore" time="0.226" /><testcase classname="backend.tests.test_site_menu_iter107.TestAdminSiteMenuOperations" name="test_reorder_persists" time="0.172" /><testcase classname="backend.tests.test_site_menu_iter107.TestAdminSiteMenuOperations" name="test_relabel_persists" time="0.164" /><testcase classname="backend.tests.test_site_menu_iter107.TestAdminSiteMenuOperations" name="test_reset_returns_default_structure" time="0.043" /><testcase classname="backend.tests.test_site_menu_iter107.TestInteriorDesignAIRateLimit" name="test_rate_limit_returns_429_after_10_hits" time="103.435"><failure message="AssertionError: Expected 429 within 12 requests; got: [200, 200, 200, 200, 200, 200, 200, 200, 200, 200, 200, 200]. Rate limit may be reset by ingress or backend restart during test.&#10;assert 429 in [200, 200, 200, 200, 200, 200, ...]">backend/tests/test_site_menu_iter107.py:235: in test_rate_limit_returns_429_after_10_hits
    assert 429 in status_codes, (
E   AssertionError: Expected 429 within 12 requests; got: [200, 200, 200, 200, 200, 200, 200, 200, 200, 200, 200, 200]. Rate limit may be reset by ingress or backend restart during test.
E   assert 429 in [200, 200, 200, 200, 200, 200, ...]</failure></testcase></testsuite></testsuites>