<?xml version="1.0" encoding="utf-8"?><testsuites name="pytest tests"><testsuite name="pytest" errors="0" failures="0" skipped="0" tests="19" time="4.668" timestamp="2026-07-10T17:01:28.860018+00:00" hostname="agent-env-5fea00b5-37f3-49c5-9521-8e803208718f"><testcase classname="backend.tests.test_orchestrator_iter86.TestOverview" name="test_overview_shape" time="0.921" /><testcase classname="backend.tests.test_orchestrator_iter86.TestOverview" name="test_overview_forbidden_for_non_admin" time="0.536" /><testcase classname="backend.tests.test_orchestrator_iter86.TestOverview" name="test_overview_forbidden_for_anon" time="0.119" /><testcase classname="backend.tests.test_orchestrator_iter86.TestSimulate" name="test_simulate_smoke_fail_creates_qa_session_and_ledger" time="0.077" /><testcase classname="backend.tests.test_orchestrator_iter86.TestSimulate" name="test_simulate_smoke_fail_dedupes_same_day" time="0.075" /><testcase classname="backend.tests.test_orchestrator_iter86.TestSimulate" name="test_simulate_autonomy_score_drop_test_mode" time="0.058" /><testcase classname="backend.tests.test_orchestrator_iter86.TestSimulate" name="test_simulate_webhook_fail_enqueues_retry" time="0.188" /><testcase classname="backend.tests.test_orchestrator_iter86.TestSimulate" name="test_simulate_invalid_kind" time="0.066" /><testcase classname="backend.tests.test_orchestrator_iter86.TestSimulate" name="test_simulate_forbidden_for_client" time="0.049" /><testcase classname="backend.tests.test_orchestrator_iter86.TestRetryTick" name="test_retry_tick_processes_pending" time="0.125" /><testcase classname="backend.tests.test_orchestrator_iter86.TestRetryTick" name="test_retry_tick_no_duplicate_and_escalates" time="1.698" /><testcase classname="backend.tests.test_orchestrator_iter86.TestRetryTick" name="test_retry_tick_forbidden_for_client" time="0.055" /><testcase classname="backend.tests.test_orchestrator_iter86.TestToggle" name="test_toggle_disable_and_reenable" time="0.336" /><testcase classname="backend.tests.test_orchestrator_iter86.TestToggle" name="test_toggle_unknown_playbook_404" time="0.059" /><testcase classname="backend.tests.test_orchestrator_iter86.TestToggle" name="test_toggle_forbidden_for_client" time="0.050" /><testcase classname="backend.tests.test_orchestrator_iter86.TestLedger" name="test_ledger_returns_items" time="0.058" /><testcase classname="backend.tests.test_orchestrator_iter86.TestLedger" name="test_ledger_forbidden_for_client" time="0.056" /><testcase classname="backend.tests.test_orchestrator_iter86.TestRegression" name="test_client_login_and_me" time="0.047" /><testcase classname="backend.tests.test_orchestrator_iter86.TestRegression" name="test_autonomy_score_still_works" time="0.064" /></testsuite></testsuites>