<?xml version="1.0" encoding="utf-8"?><testsuites name="pytest tests"><testsuite name="pytest" errors="0" failures="0" skipped="0" tests="25" time="5.163" timestamp="2026-06-25T09:51:11.805835+00:00" hostname="agent-env-5fea00b5-37f3-49c5-9521-8e803208718f"><testcase classname="tests.test_city_partners.TestPartnerCRUD" name="test_create_partner_valid" time="2.372" /><testcase classname="tests.test_city_partners.TestPartnerCRUD" name="test_create_partner_invalid_status" time="0.041" /><testcase classname="tests.test_city_partners.TestPartnerCRUD" name="test_create_partner_duplicate_email" time="0.046" /><testcase classname="tests.test_city_partners.TestPartnerCRUD" name="test_list_partners" time="0.042" /><testcase classname="tests.test_city_partners.TestPartnerCRUD" name="test_list_with_status_filter" time="0.047" /><testcase classname="tests.test_city_partners.TestPartnerCRUD" name="test_get_partner_detail" time="0.042" /><testcase classname="tests.test_city_partners.TestPartnerCRUD" name="test_patch_partner" time="0.042" /><testcase classname="tests.test_city_partners.TestPartnerCRUD" name="test_global_stats" time="0.088" /><testcase classname="tests.test_city_partners.TestOnboarding" name="test_step_advance" time="0.044" /><testcase classname="tests.test_city_partners.TestOnboarding" name="test_step_7_auto_promote" time="0.047" /><testcase classname="tests.test_city_partners.TestAdminLeads" name="test_create_lead" time="0.069" /><testcase classname="tests.test_city_partners.TestAdminLeads" name="test_list_leads" time="0.045" /><testcase classname="tests.test_city_partners.TestAdminLeads" name="test_patch_lead_to_converted" time="0.046" /><testcase classname="tests.test_city_partners.TestPartnerPortal" name="test_partner_login_new" time="0.319" /><testcase classname="tests.test_city_partners.TestPartnerPortal" name="test_partner_me" time="0.047" /><testcase classname="tests.test_city_partners.TestPartnerPortal" name="test_partner_leads_empty_initially" time="0.049" /><testcase classname="tests.test_city_partners.TestPartnerPortal" name="test_partner_create_lead" time="0.044" /><testcase classname="tests.test_city_partners.TestPartnerPortal" name="test_partner_stats" time="0.046" /><testcase classname="tests.test_city_partners.TestRBAC" name="test_sub_admin_blocked_admin_endpoint" time="0.362" /><testcase classname="tests.test_city_partners.TestRBAC" name="test_client_blocked_partner_endpoint" time="0.361" /><testcase classname="tests.test_city_partners.TestRBAC" name="test_client_blocked_partner_leads" time="0.044" /><testcase classname="tests.test_city_partners.TestRBAC" name="test_partner_cannot_see_other_partner_leads" time="0.356" /><testcase classname="tests.test_city_partners.TestLegal" name="test_partner_legal_status" time="0.085" /><testcase classname="tests.test_city_partners.TestLegal" name="test_legal_partner_status_endpoint" time="0.046" /><testcase classname="tests.test_city_partners.TestLegal" name="test_it_collaborator_still_sees_it_docs" time="0.374" /></testsuite></testsuites>