<?xml version="1.0" encoding="utf-8"?><testsuites name="pytest tests"><testsuite name="pytest" errors="0" failures="0" skipped="0" tests="18" time="3.561" timestamp="2026-06-25T14:42:53.141234+00:00" hostname="agent-env-5fea00b5-37f3-49c5-9521-8e803208718f"><testcase classname="backend.tests.test_admin_accounts_iter77" name="test_general_admin_seeded_and_can_login" time="0.674" /><testcase classname="backend.tests.test_admin_accounts_iter77" name="test_demo_accounts_now_six_includes_general" time="0.371" /><testcase classname="backend.tests.test_admin_accounts_iter77" name="test_list_admins_super_ok" time="0.048" /><testcase classname="backend.tests.test_admin_accounts_iter77" name="test_list_admins_non_super_forbidden" time="0.416" /><testcase classname="backend.tests.test_admin_accounts_iter77" name="test_block_toggle_protected_email" time="0.049" /><testcase classname="backend.tests.test_admin_accounts_iter77" name="test_block_toggle_wrong_code" time="0.046" /><testcase classname="backend.tests.test_admin_accounts_iter77" name="test_block_toggle_flip_and_restore" time="0.094" /><testcase classname="backend.tests.test_admin_accounts_iter77" name="test_change_role_protected_blocked" time="0.048" /><testcase classname="backend.tests.test_admin_accounts_iter77" name="test_change_role_invalid_role" time="0.044" /><testcase classname="backend.tests.test_admin_accounts_iter77" name="test_change_role_invalid_scope" time="0.057" /><testcase classname="backend.tests.test_admin_accounts_iter77" name="test_change_role_success_and_restore" time="0.157" /><testcase classname="backend.tests.test_admin_accounts_iter77" name="test_change_password_weak_no_digits" time="0.048" /><testcase classname="backend.tests.test_admin_accounts_iter77" name="test_change_password_too_short" time="0.063" /><testcase classname="backend.tests.test_admin_accounts_iter77" name="test_change_password_success_and_login" time="1.216" /><testcase classname="backend.tests.test_admin_accounts_iter77" name="test_change_password_wrong_master" time="0.047" /><testcase classname="backend.tests.test_admin_accounts_iter77" name="test_non_super_cannot_block" time="0.051" /><testcase classname="backend.tests.test_admin_accounts_iter77" name="test_non_super_cannot_change_role" time="0.054" /><testcase classname="backend.tests.test_admin_accounts_iter77" name="test_regression_marketing_perf_summary" time="0.050" /></testsuite></testsuites>