<?xml version="1.0" encoding="utf-8"?><testsuites name="pytest tests"><testsuite name="pytest" errors="0" failures="2" skipped="0" tests="8" time="3.609" timestamp="2026-07-27T08:21:30.923847+00:00" hostname="agent-env-5fea00b5-37f3-49c5-9521-8e803208718f"><testcase classname="backend.tests.test_cx1_iter133" name="test_register_client_no_phone_ok" time="0.986"><failure message="AssertionError: assert ('user' in {'consent_updated_at': '2026-07-27T08:21:31.501548+00:00', 'created_at': '2026-07-27T08:21:31.501548+00:00', 'email': 'cx.nophone.1785140491413.7496@test.io', 'email_verification_expires_at': '2026-07-28T08:21:31.501570+00:00', ...} or 'token' in {'consent_updated_at': '2026-07-27T08:21:31.501548+00:00', 'created_at': '2026-07-27T08:21:31.501548+00:00', 'email': 'cx.nophone.1785140491413.7496@test.io', 'email_verification_expires_at': '2026-07-28T08:21:31.501570+00:00', ...} or 'access_token' in {'consent_updated_at': '2026-07-27T08:21:31.501548+00:00', 'created_at': '2026-07-27T08:21:31.501548+00:00', 'email': 'cx.nophone.1785140491413.7496@test.io', 'email_verification_expires_at': '2026-07-28T08:21:31.501570+00:00', ...})">backend/tests/test_cx1_iter133.py:31: in test_register_client_no_phone_ok
    assert "user" in data or "token" in data or "access_token" in data
E   AssertionError: assert ('user' in {'consent_updated_at': '2026-07-27T08:21:31.501548+00:00', 'created_at': '2026-07-27T08:21:31.501548+00:00', 'email': 'cx.nophone.1785140491413.7496@test.io', 'email_verification_expires_at': '2026-07-28T08:21:31.501570+00:00', ...} or 'token' in {'consent_updated_at': '2026-07-27T08:21:31.501548+00:00', 'created_at': '2026-07-27T08:21:31.501548+00:00', 'email': 'cx.nophone.1785140491413.7496@test.io', 'email_verification_expires_at': '2026-07-28T08:21:31.501570+00:00', ...} or 'access_token' in {'consent_updated_at': '2026-07-27T08:21:31.501548+00:00', 'created_at': '2026-07-27T08:21:31.501548+00:00', 'email': 'cx.nophone.1785140491413.7496@test.io', 'email_verification_expires_at': '2026-07-28T08:21:31.501570+00:00', ...})</failure></testcase><testcase classname="backend.tests.test_cx1_iter133" name="test_register_client_with_phone_ok" time="0.870" /><testcase classname="backend.tests.test_cx1_iter133" name="test_register_specialist_no_phone_400" time="0.099" /><testcase classname="backend.tests.test_cx1_iter133" name="test_register_client_invalid_phone_400" time="0.516"><failure message="assert 200 == 400&#10; +  where 200 = &lt;Response [200]&gt;.status_code">backend/tests/test_cx1_iter133.py:75: in test_register_client_invalid_phone_400
    assert r.status_code == 400
E   assert 200 == 400
E    +  where 200 = &lt;Response [200]&gt;.status_code</failure></testcase><testcase classname="backend.tests.test_cx1_iter133" name="test_cms_public_new_copy" time="0.099" /><testcase classname="backend.tests.test_cx1_iter133" name="test_login_regression[admin@propmanage.io-1!nasov01ADMIN]" time="0.323" /><testcase classname="backend.tests.test_cx1_iter133" name="test_login_regression[client@propmanage.io-Client123!]" time="0.319" /><testcase classname="backend.tests.test_cx1_iter133" name="test_login_regression[specialist@propmanage.io-Spec123!]" time="0.320" /></testsuite></testsuites>