<?xml version="1.0" encoding="utf-8"?><testsuites name="pytest tests"><testsuite name="pytest" errors="0" failures="0" skipped="0" tests="21" time="8.601" timestamp="2026-08-20T20:24:55.824773+00:00" hostname="agent-env-5fea00b5-37f3-49c5-9521-8e803208718f"><testcase classname="backend.tests.test_property_technical_record_iter181.TestVocabulary" name="test_vocabulary_categories" time="4.786" /><testcase classname="backend.tests.test_property_technical_record_iter181.TestTechnicalRecord" name="test_technical_record_structure" time="0.201" /><testcase classname="backend.tests.test_property_technical_record_iter181.TestBuildingContext" name="test_get_building_context" time="0.139" /><testcase classname="backend.tests.test_property_technical_record_iter181.TestBuildingContext" name="test_post_building_context_upsert_unverified" time="0.140" /><testcase classname="backend.tests.test_property_technical_record_iter181.TestBuildingContext" name="test_patch_building_context_merge_non_destructive" time="0.272" /><testcase classname="backend.tests.test_property_technical_record_iter181.TestBuildingContext" name="test_invalid_source_type_400" time="0.101" /><testcase classname="backend.tests.test_property_technical_record_iter181.TestDiagnostics" name="test_missing_jurisdiction_returns_422" time="0.117" /><testcase classname="backend.tests.test_property_technical_record_iter181.TestDiagnostics" name="test_unknown_jurisdiction_returns_400" time="0.124" /><testcase classname="backend.tests.test_property_technical_record_iter181.TestDiagnostics" name="test_create_diagnostic_fr_unverified_owner_declared" time="0.132" /><testcase classname="backend.tests.test_property_technical_record_iter181.TestDiagnostics" name="test_create_diagnostic_ro" time="0.149" /><testcase classname="backend.tests.test_property_technical_record_iter181.TestDiagnostics" name="test_admin_creates_documented_but_never_verified" time="0.547" /><testcase classname="backend.tests.test_property_technical_record_iter181.TestDiagnostics" name="test_list_shows_created" time="0.127" /><testcase classname="backend.tests.test_property_technical_record_iter181.TestDiagnostics" name="test_patch_diagnostic_and_history" time="0.120" /><testcase classname="backend.tests.test_property_technical_record_iter181.TestDiagnostics" name="test_delete_soft_removes_from_list" time="0.184" /><testcase classname="backend.tests.test_property_technical_record_iter181.TestTransactionReadiness" name="test_readiness_10_criteria_no_numeric_score" time="0.089" /><testcase classname="backend.tests.test_property_technical_record_iter181.TestTransactionReadiness" name="test_overall_is_worst_case" time="0.246" /><testcase classname="backend.tests.test_property_technical_record_iter181.TestExistingFlowsUntouched" name="test_endpoint_ok[/api/properties/6a11d70e600be19667009c93/dna]" time="0.215" /><testcase classname="backend.tests.test_property_technical_record_iter181.TestExistingFlowsUntouched" name="test_endpoint_ok[/api/properties/6a11d70e600be19667009c93/completeness]" time="0.127" /><testcase classname="backend.tests.test_property_technical_record_iter181.TestExistingFlowsUntouched" name="test_endpoint_ok[/api/properties/6a11d70e600be19667009c93/timeline]" time="0.152" /><testcase classname="backend.tests.test_property_technical_record_iter181.TestExistingFlowsUntouched" name="test_endpoint_ok[/api/properties/6a11d70e600be19667009c93/documents]" time="0.114" /><testcase classname="backend.tests.test_property_technical_record_iter181.TestExistingFlowsUntouched" name="test_endpoint_ok[/api/properties/6a11d70e600be19667009c93/assets]" time="0.457" /></testsuite></testsuites>