<?xml version="1.0" encoding="utf-8"?><testsuites name="pytest tests"><testsuite name="pytest" errors="0" failures="0" skipped="0" tests="17" time="6.577" timestamp="2026-07-27T19:49:52.643420+00:00" hostname="agent-env-5fea00b5-37f3-49c5-9521-8e803208718f"><testcase classname="backend.tests.test_pm_pilot_admin_iter147.TestP1CreateAndPatch" name="test_create_sets_administrator" time="4.190" /><testcase classname="backend.tests.test_pm_pilot_admin_iter147.TestP1CreateAndPatch" name="test_patch_success" time="0.134" /><testcase classname="backend.tests.test_pm_pilot_admin_iter147.TestP1CreateAndPatch" name="test_patch_empty_body_400" time="0.087" /><testcase classname="backend.tests.test_pm_pilot_admin_iter147.TestP1CreateAndPatch" name="test_patch_403_for_other_user" time="0.403" /><testcase classname="backend.tests.test_pm_pilot_admin_iter147.TestP2Portfolio" name="test_portfolio_contains_building" time="0.115" /><testcase classname="backend.tests.test_pm_pilot_admin_iter147.TestP2Portfolio" name="test_portfolio_empty_for_non_admin" time="0.059" /><testcase classname="backend.tests.test_pm_pilot_admin_iter147.TestP3Health" name="test_health_components_structure" time="0.113" /><testcase classname="backend.tests.test_pm_pilot_admin_iter147.TestP3Health" name="test_health_changes_with_announcement" time="0.743" /><testcase classname="backend.tests.test_pm_pilot_admin_iter147.TestP4Dashboard" name="test_admin_access" time="0.092" /><testcase classname="backend.tests.test_pm_pilot_admin_iter147.TestP4Dashboard" name="test_non_member_403" time="0.054" /><testcase classname="backend.tests.test_pm_pilot_admin_iter147.TestP5Announcements" name="test_admin_creates_announcement" time="0.076" /><testcase classname="backend.tests.test_pm_pilot_admin_iter147.TestP5Announcements" name="test_admin_lists" time="0.106" /><testcase classname="backend.tests.test_pm_pilot_admin_iter147.TestP5Announcements" name="test_non_member_403_list" time="0.052" /><testcase classname="backend.tests.test_pm_pilot_admin_iter147.TestP5Announcements" name="test_non_member_403_create" time="0.053" /><testcase classname="backend.tests.test_pm_pilot_admin_iter147.TestP6Preview" name="test_preview_accessible_to_any_user" time="0.052" /><testcase classname="backend.tests.test_pm_pilot_admin_iter147.TestP7Mine" name="test_mine_has_is_admin_and_announcements" time="0.104" /><testcase classname="backend.tests.test_pm_pilot_admin_iter147" name="test_zzz_cleanup" time="0.085" /></testsuite></testsuites>