<?xml version="1.0" encoding="utf-8"?><testsuites name="pytest tests"><testsuite name="pytest" errors="0" failures="0" skipped="0" tests="10" time="37.191" timestamp="2026-07-11T06:56:12.759458+00:00" hostname="agent-env-5fea00b5-37f3-49c5-9521-8e803208718f"><testcase classname="backend.tests.test_iter99_copilot_insights.TestClientCopilot" name="test_copilot_shape" time="2.765" /><testcase classname="backend.tests.test_iter99_copilot_insights.TestClientCopilot" name="test_copilot_forbidden_for_admin" time="0.405" /><testcase classname="backend.tests.test_iter99_copilot_insights.TestClientCopilot" name="test_copilot_summary_llm_and_cache" time="0.095" /><testcase classname="backend.tests.test_iter99_copilot_insights.TestAdminInsightsRule" name="test_rule_users" time="0.048" /><testcase classname="backend.tests.test_iter99_copilot_insights.TestAdminInsightsRule" name="test_rule_bi" time="0.086" /><testcase classname="backend.tests.test_iter99_copilot_insights.TestAdminInsightsRule" name="test_rule_invalid" time="0.041" /><testcase classname="backend.tests.test_iter99_copilot_insights.TestAdminInsightsRule" name="test_rule_forbidden" time="0.049" /><testcase classname="backend.tests.test_iter99_copilot_insights.TestAdminInsightsLLM" name="test_llm_users" time="16.321" /><testcase classname="backend.tests.test_iter99_copilot_insights.TestAdminInsightsLLM" name="test_llm_bi" time="17.287" /><testcase classname="backend.tests.test_iter99_copilot_insights.TestAdminInsightsLLM" name="test_llm_invalid" time="0.047" /></testsuite></testsuites>