<?xml version="1.0" encoding="utf-8"?><testsuites name="pytest tests"><testsuite name="pytest" errors="0" failures="0" skipped="1" tests="15" time="5.040" timestamp="2026-07-27T18:16:26.007579+00:00" hostname="agent-env-5fea00b5-37f3-49c5-9521-8e803208718f"><testcase classname="backend.tests.test_trust_growth_iter144.TestReferralInvite" name="test_invite_requires_name" time="0.916" /><testcase classname="backend.tests.test_trust_growth_iter144.TestReferralInvite" name="test_invite_specialist_success" time="0.076" /><testcase classname="backend.tests.test_trust_growth_iter144.TestReferralInvite" name="test_my_referrals_lists_sent" time="0.084" /><testcase classname="backend.tests.test_trust_growth_iter144.TestReferralInvite" name="test_claim_nonexistent_returns_404" time="0.415" /><testcase classname="backend.tests.test_trust_growth_iter144.TestClaimFlow" name="test_register_new_specialist_and_claim" time="1.241" /><testcase classname="backend.tests.test_trust_growth_iter144.TestClaimFlow" name="test_double_claim_from_other_account_conflict" time="0.499" /><testcase classname="backend.tests.test_trust_growth_iter144.TestClaimFlow" name="test_trust_after_claim_shows_recommender" time="0.143" /><testcase classname="backend.tests.test_trust_growth_iter144.TestClaimFlow" name="test_recommendations_returns_first_name" time="0.122" /><testcase classname="backend.tests.test_trust_growth_iter144.TestClaimFlow" name="test_inviter_notification_received" time="0.082" /><testcase classname="backend.tests.test_trust_growth_iter144.TestRecommendDirect" name="test_recommend_existing_specialist_success" time="0.446"><skipped type="pytest.skip" message="already recommended (previous run) — will validate 409 in dedupe test">/app/backend/tests/test_trust_growth_iter144.py:179: already recommended (previous run) — will validate 409 in dedupe test</skipped></testcase><testcase classname="backend.tests.test_trust_growth_iter144.TestRecommendDirect" name="test_recommend_dedupe_409" time="0.075" /><testcase classname="backend.tests.test_trust_growth_iter144.TestRecommendDirect" name="test_specialist_role_cannot_recommend_403" time="0.514" /><testcase classname="backend.tests.test_trust_growth_iter144.TestRecommendDirect" name="test_self_recommend_400" time="0.154" /><testcase classname="backend.tests.test_trust_growth_iter144.TestRecommendDirect" name="test_recommend_nonexistent_specialist_404" time="0.088" /><testcase classname="backend.tests.test_trust_growth_iter144.TestMarketplacePublic" name="test_marketplace_specialists_has_trust" time="0.152" /></testsuite></testsuites>