<?xml version="1.0" encoding="utf-8"?><testsuites name="pytest tests"><testsuite name="pytest" errors="0" failures="1" skipped="0" tests="19" time="21.631" timestamp="2026-07-25T21:29:22.594011+00:00" hostname="agent-env-5fea00b5-37f3-49c5-9521-8e803208718f"><testcase classname="backend.tests.test_learning_engine_iter123" name="test_security_401_anon[/api/admin/learning/stats-GET]" time="3.520" /><testcase classname="backend.tests.test_learning_engine_iter123" name="test_security_401_anon[/api/admin/learning/ledger-GET]" time="0.052" /><testcase classname="backend.tests.test_learning_engine_iter123" name="test_security_401_anon[/api/admin/learning/run-POST]" time="0.056" /><testcase classname="backend.tests.test_learning_engine_iter123" name="test_security_403_client[/api/admin/learning/stats-GET]" time="0.390" /><testcase classname="backend.tests.test_learning_engine_iter123" name="test_security_403_client[/api/admin/learning/ledger-GET]" time="0.050" /><testcase classname="backend.tests.test_learning_engine_iter123" name="test_security_403_client[/api/admin/learning/run-POST]" time="0.053" /><testcase classname="backend.tests.test_learning_engine_iter123" name="test_stats_shape" time="0.401" /><testcase classname="backend.tests.test_learning_engine_iter123" name="test_ledger_default" time="0.053" /><testcase classname="backend.tests.test_learning_engine_iter123" name="test_ledger_filter_opportunity" time="0.057" /><testcase classname="backend.tests.test_learning_engine_iter123" name="test_run_scan_shape" time="0.053" /><testcase classname="backend.tests.test_learning_engine_iter123" name="test_e2e_accept_opportunity_creates_ledger_with_target" time="0.259" /><testcase classname="backend.tests.test_learning_engine_iter123" name="test_e2e_dismiss_opportunity_no_effect" time="0.111" /><testcase classname="backend.tests.test_learning_engine_iter123" name="test_playbook_ledger_has_target" time="15.962"><failure message="AssertionError: no new playbook ledger entry&#10;assert 0 &gt;= 1&#10; +  where 0 = len([])">backend/tests/test_learning_engine_iter123.py:252: in test_playbook_ledger_has_target
    assert len(after) &gt;= 1, "no new playbook ledger entry"
E   AssertionError: no new playbook ledger entry
E   assert 0 &gt;= 1
E    +  where 0 = len([])</failure></testcase><testcase classname="backend.tests.test_learning_engine_iter123" name="test_command_center_toggle_creates_ledger" time="0.118" /><testcase classname="backend.tests.test_learning_engine_iter123" name="test_command_center_feed_includes_ai_kpis" time="0.073" /><testcase classname="backend.tests.test_learning_engine_iter123" name="test_regression[/api/admin/marketing-intel/latest]" time="0.054" /><testcase classname="backend.tests.test_learning_engine_iter123" name="test_regression[/api/admin/lead-intel/stats]" time="0.061" /><testcase classname="backend.tests.test_learning_engine_iter123" name="test_regression[/api/admin/growth-intel/latest]" time="0.055" /><testcase classname="backend.tests.test_learning_engine_iter123" name="test_regression[/api/admin/ceo]" time="0.099" /></testsuite></testsuites>