<?xml version="1.0" encoding="utf-8"?><testsuites name="pytest tests"><testsuite name="pytest" errors="0" failures="0" skipped="0" tests="15" time="3.969" timestamp="2026-07-08T08:51:26.076325+00:00" hostname="agent-env-5fea00b5-37f3-49c5-9521-8e803208718f"><testcase classname="backend.tests.test_analytics_growth_iter82.TestPublicTracker" name="test_track_config_returns_clarity_id" time="1.335" /><testcase classname="backend.tests.test_analytics_growth_iter82.TestPublicTracker" name="test_track_ingest_pageview" time="0.051" /><testcase classname="backend.tests.test_analytics_growth_iter82.TestPublicTracker" name="test_track_ignores_admin_paths" time="0.048" /><testcase classname="backend.tests.test_analytics_growth_iter82.TestCampaignRedirect" name="test_go_nonexistent_redirects_to_root" time="0.047" /><testcase classname="backend.tests.test_analytics_growth_iter82.TestIntegrations" name="test_get_integrations" time="0.371" /><testcase classname="backend.tests.test_analytics_growth_iter82.TestIntegrations" name="test_put_ga4_and_reset" time="0.377" /><testcase classname="backend.tests.test_analytics_growth_iter82.TestAnalyticsOverview" name="test_overview_periods[day]" time="0.052" /><testcase classname="backend.tests.test_analytics_growth_iter82.TestAnalyticsOverview" name="test_overview_periods[week]" time="0.050" /><testcase classname="backend.tests.test_analytics_growth_iter82.TestAnalyticsOverview" name="test_overview_periods[month]" time="0.051" /><testcase classname="backend.tests.test_analytics_growth_iter82.TestAnalyticsOverview" name="test_pages_report" time="0.047" /><testcase classname="backend.tests.test_analytics_growth_iter82.TestAnalyticsOverview" name="test_export_csv_overview" time="0.051" /><testcase classname="backend.tests.test_analytics_growth_iter82.TestAnalyticsOverview" name="test_export_csv_campaigns" time="0.048" /><testcase classname="backend.tests.test_analytics_growth_iter82.TestAnalyticsOverview" name="test_export_csv_pages" time="0.047" /><testcase classname="backend.tests.test_analytics_growth_iter82.TestCampaignFlow" name="test_full_flow" time="1.081" /><testcase classname="backend.tests.test_analytics_growth_iter82.TestAuthGuard" name="test_admin_endpoints_require_auth" time="0.257" /></testsuite></testsuites>