<?xml version="1.0" encoding="utf-8"?><testsuites name="pytest tests"><testsuite name="pytest" errors="0" failures="0" skipped="0" tests="21" time="5.041" timestamp="2026-07-11T16:47:33.495007+00:00" hostname="agent-env-5fea00b5-37f3-49c5-9521-8e803208718f"><testcase classname="backend.tests.test_iter112_interior_intelligence.TestPublicContent" name="test_content_v2_shape" time="2.348" /><testcase classname="backend.tests.test_iter112_interior_intelligence.TestPublicContent" name="test_brand" time="0.050" /><testcase classname="backend.tests.test_iter112_interior_intelligence.TestPublicContent" name="test_positioning" time="0.048" /><testcase classname="backend.tests.test_iter112_interior_intelligence.TestPublicContent" name="test_journey_seven" time="0.049" /><testcase classname="backend.tests.test_iter112_interior_intelligence.TestPublicContent" name="test_process_phases_and_steps_count" time="0.049" /><testcase classname="backend.tests.test_iter112_interior_intelligence.TestPublicContent" name="test_digital_twin_contains_11" time="0.050" /><testcase classname="backend.tests.test_iter112_interior_intelligence.TestPublicContent" name="test_audit_points_8" time="0.050" /><testcase classname="backend.tests.test_iter112_interior_intelligence.TestPublicContent" name="test_implementation_points_10" time="0.048" /><testcase classname="backend.tests.test_iter112_interior_intelligence.TestPublicContent" name="test_ecosystem_links_11" time="0.049" /><testcase classname="backend.tests.test_iter112_interior_intelligence.TestPublicContent" name="test_styles_showcase_12" time="0.051" /><testcase classname="backend.tests.test_iter112_interior_intelligence.TestPublicContent" name="test_faq_8" time="0.049" /><testcase classname="backend.tests.test_iter112_interior_intelligence.TestPublicContent" name="test_seo_article_10" time="0.048" /><testcase classname="backend.tests.test_iter112_interior_intelligence.TestPublicContent" name="test_styles_list_12" time="0.050" /><testcase classname="backend.tests.test_iter112_interior_intelligence.TestLeadCreation" name="test_required_fields_missing" time="0.047" /><testcase classname="backend.tests.test_iter112_interior_intelligence.TestLeadCreation" name="test_invalid_email" time="0.048" /><testcase classname="backend.tests.test_iter112_interior_intelligence.TestLeadCreation" name="test_create_lead_success_dual_write" time="1.336" /><testcase classname="backend.tests.test_iter112_interior_intelligence.TestAdminContent" name="test_admin_get_content" time="0.054" /><testcase classname="backend.tests.test_iter112_interior_intelligence.TestAdminContent" name="test_admin_forbidden_without_auth" time="0.044" /><testcase classname="backend.tests.test_iter112_interior_intelligence.TestAdminContent" name="test_admin_put_hero_cta_and_restore" time="0.404" /><testcase classname="backend.tests.test_iter112_interior_intelligence.TestAdminContent" name="test_admin_put_empty_400" time="0.051" /><testcase classname="backend.tests.test_iter112_interior_intelligence.TestSiteMenu" name="test_menu_label_interior_intelligence" time="0.051" /></testsuite></testsuites>