<?xml version="1.0" encoding="utf-8"?><testsuites name="pytest tests"><testsuite name="pytest" errors="0" failures="0" skipped="0" tests="15" time="5.418" timestamp="2026-07-10T21:13:57.940965+00:00" hostname="agent-env-5fea00b5-37f3-49c5-9521-8e803208718f"><testcase classname="backend.tests.test_preturi_seo.TestSeoPagesIndex" name="test_index_returns_14_items" time="3.683" /><testcase classname="backend.tests.test_preturi_seo.TestSeoPagesIndex" name="test_index_item_shape" time="0.118" /><testcase classname="backend.tests.test_preturi_seo.TestSeoPageDetail" name="test_detail_shape[zugravit]" time="0.107" /><testcase classname="backend.tests.test_preturi_seo.TestSeoPageDetail" name="test_detail_shape[instalatii-electrice]" time="0.163" /><testcase classname="backend.tests.test_preturi_seo.TestSeoPageDetail" name="test_detail_shape[montaj-aer-conditionat]" time="0.103" /><testcase classname="backend.tests.test_preturi_seo.TestSeoPageDetail" name="test_detail_shape[design-interior]" time="0.105" /><testcase classname="backend.tests.test_preturi_seo.TestSeoPageDetail" name="test_prices_by_city_levels[zugravit]" time="0.102" /><testcase classname="backend.tests.test_preturi_seo.TestSeoPageDetail" name="test_prices_by_city_levels[instalatii-electrice]" time="0.128" /><testcase classname="backend.tests.test_preturi_seo.TestSeoPageDetail" name="test_prices_by_city_levels[montaj-aer-conditionat]" time="0.101" /><testcase classname="backend.tests.test_preturi_seo.TestSeoPageDetail" name="test_prices_by_city_levels[design-interior]" time="0.111" /><testcase classname="backend.tests.test_preturi_seo.TestSeoPageNotFound" name="test_invalid_slug_returns_404" time="0.147" /><testcase classname="backend.tests.test_preturi_seo.TestSitemap" name="test_sitemap_contains_preturi_urls" time="0.121" /><testcase classname="backend.tests.test_preturi_seo.TestSitemap" name="test_sitemap_has_15_preturi_locs" time="0.098" /><testcase classname="backend.tests.test_preturi_seo.TestRegressionPublic" name="test_landing_still_reachable" time="0.110" /><testcase classname="backend.tests.test_preturi_seo.TestRegressionPublic" name="test_health_ok" time="0.171" /></testsuite></testsuites>