<?xml version="1.0" encoding="utf-8"?><testsuites name="pytest tests"><testsuite name="pytest" errors="0" failures="0" skipped="0" tests="16" time="78.462" timestamp="2026-06-25T11:18:25.807932+00:00" hostname="agent-env-5fea00b5-37f3-49c5-9521-8e803208718f"><testcase classname="backend.tests.test_marketing_growth.TestDashboard" name="test_dashboard_super_admin" time="2.398" /><testcase classname="backend.tests.test_marketing_growth.TestRBAC" name="test_dashboard_forbidden_for_client" time="0.417" /><testcase classname="backend.tests.test_marketing_growth.TestRBAC" name="test_dashboard_anonymous" time="0.118" /><testcase classname="backend.tests.test_marketing_growth.TestRBAC" name="test_insights_forbidden_for_client" time="0.052" /><testcase classname="backend.tests.test_marketing_growth.TestRBAC" name="test_copilot_forbidden_for_client" time="0.056" /><testcase classname="backend.tests.test_marketing_growth.TestRBAC" name="test_segments_forbidden_for_client" time="0.054" /><testcase classname="backend.tests.test_marketing_growth.TestSegments" name="test_segments_buckets" time="0.042" /><testcase classname="backend.tests.test_marketing_growth.TestForecast" name="test_forecast_structure" time="0.083" /><testcase classname="backend.tests.test_marketing_growth.TestGrowth" name="test_growth_structure" time="0.083" /><testcase classname="backend.tests.test_marketing_growth.TestFutureIdeas" name="test_future_ideas" time="0.042" /><testcase classname="backend.tests.test_marketing_growth.TestAIInsights" name="test_generate_insights_via_claude" time="18.885" /><testcase classname="backend.tests.test_marketing_growth.TestAIInsights" name="test_recent_insights" time="0.045" /><testcase classname="backend.tests.test_marketing_growth.TestAIRecommendations" name="test_generate_recommendations" time="38.310" /><testcase classname="backend.tests.test_marketing_growth.TestCopilot" name="test_copilot_first_message" time="8.540" /><testcase classname="backend.tests.test_marketing_growth.TestCopilot" name="test_copilot_followup_same_session" time="9.220" /><testcase classname="backend.tests.test_marketing_growth.TestCopilot" name="test_copilot_history" time="0.045" /></testsuite></testsuites>