<?xml version="1.0" encoding="utf-8"?><testsuites name="pytest tests"><testsuite name="pytest" errors="0" failures="0" skipped="0" tests="4" time="3.151" timestamp="2026-07-28T13:20:16.923192+00:00" hostname="agent-env-5fea00b5-37f3-49c5-9521-8e803208718f"><testcase classname="backend.tests.test_journey_guardian_iter152" name="test_guardian_status_initial" time="2.508" /><testcase classname="backend.tests.test_journey_guardian_iter152" name="test_guardian_run_and_no_duplicates" time="0.108" /><testcase classname="backend.tests.test_journey_guardian_iter152" name="test_guardian_status_has_mobilier_task" time="0.064" /><testcase classname="backend.tests.test_journey_guardian_iter152" name="test_guardian_auto_resolve_and_restore" time="0.424" /></testsuite></testsuites>