<?xml version="1.0" encoding="utf-8"?><testsuites name="pytest tests"><testsuite name="pytest" errors="0" failures="0" skipped="0" tests="9" time="2.954" timestamp="2026-07-26T20:07:24.837126+00:00" hostname="agent-env-5fea00b5-37f3-49c5-9521-8e803208718f"><testcase classname="backend.tests.test_lead_engine_iter127" name="test_lead_magnet_health_score_ok" time="0.871" /><testcase classname="backend.tests.test_lead_engine_iter127" name="test_lead_magnet_dedupe_same_day" time="0.476" /><testcase classname="backend.tests.test_lead_engine_iter127" name="test_lead_magnet_buying_checklist_ok" time="0.315" /><testcase classname="backend.tests.test_lead_engine_iter127" name="test_lead_magnet_consent_false_400" time="0.103" /><testcase classname="backend.tests.test_lead_engine_iter127" name="test_lead_magnet_invalid_magnet_400" time="0.095" /><testcase classname="backend.tests.test_lead_engine_iter127" name="test_lead_magnet_invalid_email_400" time="0.141" /><testcase classname="backend.tests.test_lead_engine_iter127" name="test_growth_funnel_contains_lead_magnet" time="0.739" /><testcase classname="backend.tests.test_lead_engine_iter127" name="test_sitemap_contains_new_slugs" time="0.118" /><testcase classname="backend.tests.test_lead_engine_iter127" name="test_admin_war_room_still_works" time="0.061" /></testsuite></testsuites>