<?xml version="1.0" encoding="utf-8"?><testsuites name="pytest tests"><testsuite name="pytest" errors="0" failures="0" skipped="0" tests="29" time="11.835" timestamp="2026-07-27T12:04:04.728229+00:00" hostname="agent-env-5fea00b5-37f3-49c5-9521-8e803208718f"><testcase classname="backend.tests.test_launch_readiness_iter138.TestVisitorJourney" name="test_landing_health" time="5.500" /><testcase classname="backend.tests.test_launch_readiness_iter138.TestVisitorJourney" name="test_register_new_client" time="0.562" /><testcase classname="backend.tests.test_launch_readiness_iter138.TestVisitorJourney" name="test_logout_and_relogin" time="0.718" /><testcase classname="backend.tests.test_launch_readiness_iter138.TestVisitorJourney" name="test_register_empty_body_returns_validation_error" time="0.094" /><testcase classname="backend.tests.test_launch_readiness_iter138.TestVisitorJourney" name="test_register_without_terms_rejected" time="0.105" /><testcase classname="backend.tests.test_launch_readiness_iter138.TestOwnerJourney" name="test_create_property" time="0.049" /><testcase classname="backend.tests.test_launch_readiness_iter138.TestOwnerJourney" name="test_property_appears_in_list" time="0.050" /><testcase classname="backend.tests.test_launch_readiness_iter138.TestOwnerJourney" name="test_upload_photo_document" time="0.594" /><testcase classname="backend.tests.test_launch_readiness_iter138.TestOwnerJourney" name="test_upload_pdf_document" time="0.497" /><testcase classname="backend.tests.test_launch_readiness_iter138.TestOwnerJourney" name="test_documents_appear_in_vault" time="0.048" /><testcase classname="backend.tests.test_launch_readiness_iter138.TestOwnerJourney" name="test_completeness_score" time="0.052" /><testcase classname="backend.tests.test_launch_readiness_iter138.TestOwnerJourney" name="test_passport_enable_and_public" time="1.236" /><testcase classname="backend.tests.test_launch_readiness_iter138.TestOwnerJourney" name="test_protected_slug_still_alive" time="0.142" /><testcase classname="backend.tests.test_launch_readiness_iter138.TestOwnerJourney" name="test_external_audit_request" time="0.115" /><testcase classname="backend.tests.test_launch_readiness_iter138.TestOwnerJourney" name="test_admin_can_see_external_request" time="0.367" /><testcase classname="backend.tests.test_launch_readiness_iter138.TestBuyerJourney" name="test_public_listings_load" time="0.128" /><testcase classname="backend.tests.test_launch_readiness_iter138.TestBuyerJourney" name="test_listing_filters_change_results" time="0.345" /><testcase classname="backend.tests.test_launch_readiness_iter138.TestBuyerJourney" name="test_listing_price_filter" time="0.115" /><testcase classname="backend.tests.test_launch_readiness_iter138.TestBuyerJourney" name="test_listing_detail" time="0.099" /><testcase classname="backend.tests.test_launch_readiness_iter138.TestBuyerJourney" name="test_send_inquiry" time="0.099" /><testcase classname="backend.tests.test_launch_readiness_iter138.TestBuyerJourney" name="test_inquiry_visible_to_admin" time="0.049" /><testcase classname="backend.tests.test_launch_readiness_iter138.TestBuyerJourney" name="test_pricing_endpoint" time="0.110" /><testcase classname="backend.tests.test_launch_readiness_iter138.TestBuyerJourney" name="test_checkout_returns_url_or_demo" time="0.106" /><testcase classname="backend.tests.test_launch_readiness_iter138.TestPublicPagesLoad" name="test_frontend_page_loads[/]" time="0.101" /><testcase classname="backend.tests.test_launch_readiness_iter138.TestPublicPagesLoad" name="test_frontend_page_loads[/imobile-verificate]" time="0.093" /><testcase classname="backend.tests.test_launch_readiness_iter138.TestPublicPagesLoad" name="test_frontend_page_loads[/imobile-verificate/sell]" time="0.097" /><testcase classname="backend.tests.test_launch_readiness_iter138.TestPublicPagesLoad" name="test_frontend_page_loads[/register]" time="0.095" /><testcase classname="backend.tests.test_launch_readiness_iter138.TestPublicPagesLoad" name="test_frontend_page_loads[/login]" time="0.099" /><testcase classname="backend.tests.test_launch_readiness_iter138.TestPublicPagesLoad" name="test_frontend_page_loads[/p/gbegxfyz9m]" time="0.101" /></testsuite></testsuites>