<?xml version="1.0" encoding="utf-8"?><testsuites name="pytest tests"><testsuite name="pytest" errors="0" failures="1" skipped="0" tests="44" time="10.434" timestamp="2026-08-14T13:16:06.611337+00:00" hostname="agent-env-5fea00b5-37f3-49c5-9521-8e803208718f"><testcase classname="backend.tests.test_analytics_growth_iter180.TestAuth" name="test_overview_no_auth_forbidden" time="3.640" /><testcase classname="backend.tests.test_analytics_growth_iter180.TestAuth" name="test_campaign_markers_no_auth_forbidden" time="0.133" /><testcase classname="backend.tests.test_analytics_growth_iter180.TestAuth" name="test_compare_no_auth_forbidden" time="0.124" /><testcase classname="backend.tests.test_analytics_growth_iter180.TestOverviewPresets" name="test_overview_preset[day]" time="0.476" /><testcase classname="backend.tests.test_analytics_growth_iter180.TestOverviewPresets" name="test_overview_preset[week]" time="0.092" /><testcase classname="backend.tests.test_analytics_growth_iter180.TestOverviewPresets" name="test_overview_preset[month]" time="0.093" /><testcase classname="backend.tests.test_analytics_growth_iter180.TestOverviewPresets" name="test_overview_preset[60d]" time="0.097" /><testcase classname="backend.tests.test_analytics_growth_iter180.TestOverviewPresets" name="test_overview_preset[90d]" time="0.095" /><testcase classname="backend.tests.test_analytics_growth_iter180.TestOverviewPresets" name="test_overview_preset[6m]" time="0.093" /><testcase classname="backend.tests.test_analytics_growth_iter180.TestOverviewPresets" name="test_overview_preset[12m]" time="0.095" /><testcase classname="backend.tests.test_analytics_growth_iter180.TestOverviewPresets" name="test_overview_preset[ytd]" time="0.093" /><testcase classname="backend.tests.test_analytics_growth_iter180.TestOverviewPresets" name="test_overview_preset[custom]" time="0.092" /><testcase classname="backend.tests.test_analytics_growth_iter180.TestOverviewPresets" name="test_granularity_day_for_short" time="0.373" /><testcase classname="backend.tests.test_analytics_growth_iter180.TestOverviewPresets" name="test_granularity_week_for_90d_6m" time="0.197"><failure message="AssertionError: 6m -&gt; month&#10;assert 'month' == 'week'&#10;  &#10;  - week&#10;  + month">backend/tests/test_analytics_growth_iter180.py:63: in test_granularity_week_for_90d_6m
    assert d["granularity"] == "week", f"{p} -&gt; {d['granularity']}"
E   AssertionError: 6m -&gt; month
E   assert 'month' == 'week'
E     
E     - week
E     + month</failure></testcase><testcase classname="backend.tests.test_analytics_growth_iter180.TestOverviewPresets" name="test_granularity_month_for_12m_ytd" time="0.190" /><testcase classname="backend.tests.test_analytics_growth_iter180.TestYoY" name="test_no_yoy_for_short_periods" time="0.289" /><testcase classname="backend.tests.test_analytics_growth_iter180.TestYoY" name="test_yoy_present_for_long_periods" time="0.481" /><testcase classname="backend.tests.test_analytics_growth_iter180.TestYoY" name="test_yoy_shifted_365_days" time="0.095" /><testcase classname="backend.tests.test_analytics_growth_iter180.TestCampaignMarkers" name="test_markers_structure" time="0.084" /><testcase classname="backend.tests.test_analytics_growth_iter180.TestCampaignMarkers" name="test_markers_supports_all_presets" time="0.667" /><testcase classname="backend.tests.test_analytics_growth_iter180.TestCompareCampaigns" name="test_compare_success" time="0.286" /><testcase classname="backend.tests.test_analytics_growth_iter180.TestCompareCampaigns" name="test_compare_400_when_less_than_2" time="0.089" /><testcase classname="backend.tests.test_analytics_growth_iter180.TestCompareCampaigns" name="test_compare_400_when_empty" time="0.080" /><testcase classname="backend.tests.test_analytics_growth_iter180.TestCompareCampaigns" name="test_compare_max_3_ids_silently_truncated" time="0.169" /><testcase classname="backend.tests.test_analytics_growth_iter180.TestOtherEndpointsWithNewPresets" name="test_pages[60d]" time="0.095" /><testcase classname="backend.tests.test_analytics_growth_iter180.TestOtherEndpointsWithNewPresets" name="test_pages[90d]" time="0.092" /><testcase classname="backend.tests.test_analytics_growth_iter180.TestOtherEndpointsWithNewPresets" name="test_pages[6m]" time="0.092" /><testcase classname="backend.tests.test_analytics_growth_iter180.TestOtherEndpointsWithNewPresets" name="test_pages[12m]" time="0.103" /><testcase classname="backend.tests.test_analytics_growth_iter180.TestOtherEndpointsWithNewPresets" name="test_pages[ytd]" time="0.095" /><testcase classname="backend.tests.test_analytics_growth_iter180.TestOtherEndpointsWithNewPresets" name="test_insights[60d]" time="0.102" /><testcase classname="backend.tests.test_analytics_growth_iter180.TestOtherEndpointsWithNewPresets" name="test_insights[90d]" time="0.096" /><testcase classname="backend.tests.test_analytics_growth_iter180.TestOtherEndpointsWithNewPresets" name="test_insights[6m]" time="0.093" /><testcase classname="backend.tests.test_analytics_growth_iter180.TestOtherEndpointsWithNewPresets" name="test_insights[12m]" time="0.098" /><testcase classname="backend.tests.test_analytics_growth_iter180.TestOtherEndpointsWithNewPresets" name="test_insights[ytd]" time="0.092" /><testcase classname="backend.tests.test_analytics_growth_iter180.TestOtherEndpointsWithNewPresets" name="test_export_csv[60d]" time="0.098" /><testcase classname="backend.tests.test_analytics_growth_iter180.TestOtherEndpointsWithNewPresets" name="test_export_csv[90d]" time="0.091" /><testcase classname="backend.tests.test_analytics_growth_iter180.TestOtherEndpointsWithNewPresets" name="test_export_csv[6m]" time="0.093" /><testcase classname="backend.tests.test_analytics_growth_iter180.TestOtherEndpointsWithNewPresets" name="test_export_csv[12m]" time="0.095" /><testcase classname="backend.tests.test_analytics_growth_iter180.TestOtherEndpointsWithNewPresets" name="test_export_csv[ytd]" time="0.095" /><testcase classname="backend.tests.test_analytics_growth_iter180.TestOtherEndpointsWithNewPresets" name="test_export_pdf[60d]" time="0.155" /><testcase classname="backend.tests.test_analytics_growth_iter180.TestOtherEndpointsWithNewPresets" name="test_export_pdf[90d]" time="0.137" /><testcase classname="backend.tests.test_analytics_growth_iter180.TestOtherEndpointsWithNewPresets" name="test_export_pdf[6m]" time="0.134" /><testcase classname="backend.tests.test_analytics_growth_iter180.TestOtherEndpointsWithNewPresets" name="test_export_pdf[12m]" time="0.229" /><testcase classname="backend.tests.test_analytics_growth_iter180.TestOtherEndpointsWithNewPresets" name="test_export_pdf[ytd]" time="0.135" /></testsuite></testsuites>