<?xml version="1.0" encoding="utf-8"?><testsuites name="pytest tests"><testsuite name="pytest" errors="0" failures="0" skipped="0" tests="9" time="1.162" timestamp="2026-07-03T16:17:49.531438+00:00" hostname="agent-env-5fea00b5-37f3-49c5-9521-8e803208718f"><testcase classname="backend.tests.test_admin_zones_iter81.TestAdminZonesRegistry" name="test_registry_returns_zones_roles_enforcement" time="0.741" /><testcase classname="backend.tests.test_admin_zones_iter81.TestAdminZonesMe" name="test_me_returns_both_zones_because_prepared" time="0.049" /><testcase classname="backend.tests.test_admin_zones_iter81.TestAdminZonesAssign" name="test_assign_valid" time="0.049" /><testcase classname="backend.tests.test_admin_zones_iter81.TestAdminZonesAssign" name="test_assign_wrong_master_code" time="0.047" /><testcase classname="backend.tests.test_admin_zones_iter81.TestAdminZonesAssign" name="test_assign_invalid_zone_role" time="0.047" /><testcase classname="backend.tests.test_admin_zones_iter81.TestGeographicZonesRegression" name="test_geographic_zones_still_returned" time="0.048" /><testcase classname="backend.tests.test_admin_zones_iter81.TestAdminPagesSmoke" name="test_smoke_get[/api/admin/marketplace-partners]" time="0.051" /><testcase classname="backend.tests.test_admin_zones_iter81.TestAdminPagesSmoke" name="test_smoke_get[/api/admin/demo-accounts]" time="0.050" /><testcase classname="backend.tests.test_admin_zones_iter81.TestAdminPagesSmoke" name="test_smoke_get[/api/auth/me]" time="0.047" /></testsuite></testsuites>