<?xml version="1.0" encoding="utf-8"?><testsuites name="pytest tests"><testsuite name="pytest" errors="0" failures="0" skipped="1" tests="24" time="3.582" timestamp="2026-07-27T19:33:02.674352+00:00" hostname="agent-env-5fea00b5-37f3-49c5-9521-8e803208718f"><testcase classname="backend.tests.test_community_buildings_iter146.TestB1_Buildings" name="test_create_building" time="0.946" /><testcase classname="backend.tests.test_community_buildings_iter146.TestB1_Buildings" name="test_duplicate_building_409" time="0.051" /><testcase classname="backend.tests.test_community_buildings_iter146.TestB1_Buildings" name="test_search_buildings" time="0.064" /><testcase classname="backend.tests.test_community_buildings_iter146.TestB1_Buildings" name="test_search_min_length" time="0.066" /><testcase classname="backend.tests.test_community_buildings_iter146.TestB1_Buildings" name="test_join_building_with_second_property" time="0.063" /><testcase classname="backend.tests.test_community_buildings_iter146.TestB1_Buildings" name="test_join_nonexistent_property_404" time="0.050" /><testcase classname="backend.tests.test_community_buildings_iter146.TestB2_MineAndOpportunities" name="test_mine_returns_building" time="0.061" /><testcase classname="backend.tests.test_community_buildings_iter146.TestB2_MineAndOpportunities" name="test_create_maintenance_tasks_for_opportunity" time="0.110" /><testcase classname="backend.tests.test_community_buildings_iter146.TestB2_MineAndOpportunities" name="test_opportunity_detected" time="0.057" /><testcase classname="backend.tests.test_community_buildings_iter146.TestB3_CreateCampaign" name="test_create_campaign" time="0.062" /><testcase classname="backend.tests.test_community_buildings_iter146.TestB3_CreateCampaign" name="test_duplicate_campaign_409" time="0.051" /><testcase classname="backend.tests.test_community_buildings_iter146.TestB3_CreateCampaign" name="test_property_not_in_building_403" time="0.112" /><testcase classname="backend.tests.test_community_buildings_iter146.TestB3_CreateCampaign" name="test_opportunity_excluded_after_campaign" time="0.056" /><testcase classname="backend.tests.test_community_buildings_iter146.TestB4_JoinCampaign" name="test_join_double_409" time="0.056" /><testcase classname="backend.tests.test_community_buildings_iter146.TestB4_JoinCampaign" name="test_join_second_property" time="0.063" /><testcase classname="backend.tests.test_community_buildings_iter146.TestB5_SpecialistOffer" name="test_specialist_sees_campaign" time="0.416" /><testcase classname="backend.tests.test_community_buildings_iter146.TestB5_SpecialistOffer" name="test_submit_offer" time="0.060" /><testcase classname="backend.tests.test_community_buildings_iter146.TestB5_SpecialistOffer" name="test_resubmit_offer_no_duplicate" time="0.127" /><testcase classname="backend.tests.test_community_buildings_iter146.TestB6_AcceptOffer" name="test_other_client_cannot_accept" time="0.000"><skipped type="pytest.skip" message="Requires a second client to test 403; covered by role guard implicitly">/app/backend/tests/test_community_buildings_iter146.py:237: Requires a second client to test 403; covered by role guard implicitly</skipped></testcase><testcase classname="backend.tests.test_community_buildings_iter146.TestB6_AcceptOffer" name="test_accept_offer" time="0.104" /><testcase classname="backend.tests.test_community_buildings_iter146.TestB6_AcceptOffer" name="test_campaign_status_scheduled" time="0.067" /><testcase classname="backend.tests.test_community_buildings_iter146.TestB6_AcceptOffer" name="test_specialist_sees_assigned_requests" time="0.113" /><testcase classname="backend.tests.test_community_buildings_iter146.TestB6_AcceptOffer" name="test_no_lead_fee_transactions" time="0.057" /><testcase classname="backend.tests.test_community_buildings_iter146.TestB7_AutoDetection" name="test_detection_tick_idempotent" time="0.731" /></testsuite></testsuites>