<?xml version="1.0" encoding="utf-8"?><testsuites name="pytest tests"><testsuite name="pytest" errors="0" failures="0" skipped="0" tests="8" time="5.794" timestamp="2026-07-10T22:01:42.335201+00:00" hostname="agent-env-5fea00b5-37f3-49c5-9521-8e803208718f"><testcase classname="backend.tests.test_iter95_sprint3_orchestrator.TestOverview" name="test_overview_lists_10_playbooks_including_sprint3" time="3.608" /><testcase classname="backend.tests.test_iter95_sprint3_orchestrator.TestSimulatePatternScan" name="test_simulate_pattern_scan_auto_resolved_4_steps" time="0.055" /><testcase classname="backend.tests.test_iter95_sprint3_orchestrator.TestSimulateFinanceReconcile" name="test_simulate_finance_reconcile_4_steps" time="0.616" /><testcase classname="backend.tests.test_iter95_sprint3_orchestrator.TestSimulateRoadmapAdvise" name="test_simulate_roadmap_advise_skips_claude" time="0.048" /><testcase classname="backend.tests.test_iter95_sprint3_orchestrator.TestSimulateInvalidKind" name="test_invalid_kind_returns_400_with_all_kinds" time="0.043" /><testcase classname="backend.tests.test_iter95_sprint3_orchestrator.TestPlaybookToggle" name="test_pattern_hunter_toggle_skip_then_enable" time="0.185" /><testcase classname="backend.tests.test_iter95_sprint3_orchestrator.TestPlaybookToggle" name="test_ensure_all_sprint3_enabled_at_end" time="0.132" /><testcase classname="backend.tests.test_iter95_sprint3_orchestrator.TestLedger" name="test_ledger_shows_sprint3_entries" time="1.059" /></testsuite></testsuites>