<?xml version="1.0" encoding="utf-8"?><testsuites name="pytest tests"><testsuite name="pytest" errors="0" failures="0" skipped="0" tests="28" time="5.571" timestamp="2026-07-11T18:18:46.773005+00:00" hostname="agent-env-5fea00b5-37f3-49c5-9521-8e803208718f"><testcase classname="backend.tests.test_iter116_franchise_admin_val3.TestFranchiseAdmins" name="test_create_admin_success" time="2.792" /><testcase classname="backend.tests.test_iter116_franchise_admin_val3.TestFranchiseAdmins" name="test_create_admin_duplicate_email" time="0.047" /><testcase classname="backend.tests.test_iter116_franchise_admin_val3.TestFranchiseAdmins" name="test_create_admin_tenant_not_found" time="0.047" /><testcase classname="backend.tests.test_iter116_franchise_admin_val3.TestFranchiseAdmins" name="test_create_admin_main_tenant_blocked" time="0.050" /><testcase classname="backend.tests.test_iter116_franchise_admin_val3.TestFranchiseAdmins" name="test_list_admins" time="0.052" /><testcase classname="backend.tests.test_iter116_franchise_admin_val3.TestFranchiseAdmins" name="test_list_admins_unknown_tenant" time="0.044" /><testcase classname="backend.tests.test_iter116_franchise_admin_val3.TestFranchiseAdmins" name="test_franchise_admin_forbidden_from_create" time="0.371" /><testcase classname="backend.tests.test_iter116_franchise_admin_val3.TestFranchiseAdmins" name="test_franchise_admin_forbidden_from_list" time="0.044" /><testcase classname="backend.tests.test_iter116_franchise_admin_val3.TestScoping" name="test_auth_me_has_tenant_id" time="0.048" /><testcase classname="backend.tests.test_iter116_franchise_admin_val3.TestScoping" name="test_franchise_leads_scoped_to_cluj" time="0.046" /><testcase classname="backend.tests.test_iter116_franchise_admin_val3.TestScoping" name="test_franchise_summary_scoped" time="0.049" /><testcase classname="backend.tests.test_iter116_franchise_admin_val3.TestScoping" name="test_franchise_cannot_migrate" time="0.046" /><testcase classname="backend.tests.test_iter116_franchise_admin_val3.TestScoping" name="test_franchise_cannot_list_tenants" time="0.046" /><testcase classname="backend.tests.test_iter116_franchise_admin_val3.TestScoping" name="test_hq_admin_sees_multi_tenants" time="0.057" /><testcase classname="backend.tests.test_iter116_franchise_admin_val3.TestScoping" name="test_hq_admin_filter_by_cluj" time="0.047" /><testcase classname="backend.tests.test_iter116_franchise_admin_val3.TestTenantHeaderResolution" name="test_public_lead_with_cluj_header" time="0.171" /><testcase classname="backend.tests.test_iter116_franchise_admin_val3.TestTenantHeaderResolution" name="test_public_lead_no_header_fallback_main" time="0.107" /><testcase classname="backend.tests.test_iter116_franchise_admin_val3.TestTenantHeaderResolution" name="test_public_lead_invalid_header_fallback_main" time="0.117" /><testcase classname="backend.tests.test_iter116_franchise_admin_val3.TestNurtureSequence" name="test_config_has_nurture_keys" time="0.059" /><testcase classname="backend.tests.test_iter116_franchise_admin_val3.TestNurtureSequence" name="test_dry_run_nurture_sequence" time="0.052" /><testcase classname="backend.tests.test_iter116_franchise_admin_val3.TestNurtureSequence" name="test_nurture_log_has_sequence_field" time="0.051" /><testcase classname="backend.tests.test_iter116_franchise_admin_val3.TestNurtureSequence" name="test_warm_sequence_still_works" time="0.050" /><testcase classname="backend.tests.test_iter116_franchise_admin_val3.TestRegression" name="test_admin_login_still_works" time="0.320" /><testcase classname="backend.tests.test_iter116_franchise_admin_val3.TestRegression" name="test_client_login_still_works" time="0.342" /><testcase classname="backend.tests.test_iter116_franchise_admin_val3.TestRegression" name="test_design_exterior_content" time="0.108" /><testcase classname="backend.tests.test_iter116_franchise_admin_val3.TestRegression" name="test_arhitectura_content" time="0.098" /><testcase classname="backend.tests.test_iter116_franchise_admin_val3.TestRegression" name="test_coverage_still_ok" time="0.230" /><testcase classname="backend.tests.test_iter116_franchise_admin_val3" name="test_zz_cleanup" time="0.005" /></testsuite></testsuites>