<?xml version="1.0" encoding="utf-8"?><testsuites name="pytest tests"><testsuite name="pytest" errors="0" failures="2" skipped="0" tests="13" time="10.613" timestamp="2026-09-16T19:25:13.190490+00:00" hostname="agent-env-5fea00b5-37f3-49c5-9521-8e803208718f"><testcase classname="tests.test_seo_hartablocuri_phase3_api" name="test_hb_clusters_requires_auth" time="4.725" /><testcase classname="tests.test_seo_hartablocuri_phase3_api" name="test_hb_clusters_listing" time="0.739" /><testcase classname="tests.test_seo_hartablocuri_phase3_api" name="test_hb_cluster_detail" time="0.470"><failure message="KeyError: 'id'">tests/test_seo_hartablocuri_phase3_api.py:65: in test_hb_cluster_detail
    assert body["id"] == cid
           ^^^^^^^^^^
E   KeyError: 'id'</failure></testcase><testcase classname="tests.test_seo_hartablocuri_phase3_api" name="test_hb_cluster_detail_unknown" time="0.208" /><testcase classname="tests.test_seo_hartablocuri_phase3_api" name="test_hb_cluster_detail_requires_auth" time="0.244" /><testcase classname="tests.test_seo_hartablocuri_phase3_api" name="test_seo_clusters_existing_unchanged" time="0.203" /><testcase classname="tests.test_seo_hartablocuri_phase3_api" name="test_seo_pages" time="0.099" /><testcase classname="tests.test_seo_hartablocuri_phase3_api" name="test_seo_overview" time="0.061" /><testcase classname="tests.test_seo_hartablocuri_phase3_api" name="test_seo_alerts" time="0.063" /><testcase classname="tests.test_seo_hartablocuri_phase3_api" name="test_sitemap_validate" time="0.208" /><testcase classname="tests.test_seo_hartablocuri_phase3_api" name="test_sitemap_no_blocuri_urls" time="3.205" /><testcase classname="tests.test_seo_hartablocuri_phase3_api" name="test_public_building_truth_layer" time="0.165"><failure message="AssertionError: truth_layer missing&#10;assert None">tests/test_seo_hartablocuri_phase3_api.py:139: in test_public_building_truth_layer
    assert tl, "truth_layer missing"
E   AssertionError: truth_layer missing
E   assert None</failure></testcase><testcase classname="tests.test_seo_hartablocuri_phase3_api" name="test_public_buildings_search" time="0.147" /></testsuite></testsuites>