<?xml version="1.0" encoding="utf-8"?><testsuites name="pytest tests"><testsuite name="pytest" errors="0" failures="0" skipped="0" tests="21" time="10.019" timestamp="2026-07-10T18:50:34.419928+00:00" hostname="agent-env-5fea00b5-37f3-49c5-9521-8e803208718f"><testcase classname="backend.tests.test_sprint2_iter88.TestOrchestrator7" name="test_overview_has_7_playbooks" time="2.182" /><testcase classname="backend.tests.test_sprint2_iter88.TestOrchestrator7" name="test_simulate_kind_auto_resolved[smoke_fail]" time="0.107" /><testcase classname="backend.tests.test_sprint2_iter88.TestOrchestrator7" name="test_simulate_kind_auto_resolved[autonomy_score_drop]" time="0.093" /><testcase classname="backend.tests.test_sprint2_iter88.TestOrchestrator7" name="test_simulate_kind_auto_resolved[webhook_fail]" time="0.094" /><testcase classname="backend.tests.test_sprint2_iter88.TestOrchestrator7" name="test_simulate_kind_auto_resolved[category_visibility_refresh]" time="0.101" /><testcase classname="backend.tests.test_sprint2_iter88.TestOrchestrator7" name="test_simulate_kind_auto_resolved[dispute_opened]" time="0.097" /><testcase classname="backend.tests.test_sprint2_iter88.TestOrchestrator7" name="test_simulate_kind_auto_resolved[kyc_prevalidated]" time="0.105" /><testcase classname="backend.tests.test_sprint2_iter88.TestOrchestrator7" name="test_simulate_kind_auto_resolved[marketplace_medic_scan]" time="0.109" /><testcase classname="backend.tests.test_sprint2_iter88.TestDisputeAITriage" name="test_dispute_triage_real_claude" time="5.527" /><testcase classname="backend.tests.test_sprint2_iter88.TestMarketplaceMedic" name="test_medic_suspended_hides_from_marketplace" time="0.254" /><testcase classname="backend.tests.test_sprint2_iter88.TestKycPrevalidateSimulate" name="test_kyc_simulate_writes_ledger" time="0.174" /><testcase classname="backend.tests.test_sprint2_iter88.TestPriceObservatoryPublic" name="test_public_prices_132_rows" time="0.111" /><testcase classname="backend.tests.test_sprint2_iter88.TestPriceObservatoryPublic" name="test_public_prices_filter_category" time="0.107" /><testcase classname="backend.tests.test_sprint2_iter88.TestPriceObservatoryPublic" name="test_public_prices_filter_city" time="0.107" /><testcase classname="backend.tests.test_sprint2_iter88.TestPriceObservatoryAdmin" name="test_add_validation_invalid_unit" time="0.051" /><testcase classname="backend.tests.test_sprint2_iter88.TestPriceObservatoryAdmin" name="test_add_validation_min_gt_med" time="0.049" /><testcase classname="backend.tests.test_sprint2_iter88.TestPriceObservatoryAdmin" name="test_add_observation_upgrades_trust" time="0.218" /><testcase classname="backend.tests.test_sprint2_iter88.TestPriceObservatoryCSV" name="test_import_csv_valid_and_invalid_rows" time="0.192" /><testcase classname="backend.tests.test_sprint2_iter88.TestPriceObservatoryCSV" name="test_export_csv_has_header" time="0.053" /><testcase classname="backend.tests.test_sprint2_iter88.TestRegression" name="test_admin_score_still_ok" time="0.060" /><testcase classname="backend.tests.test_sprint2_iter88.TestRegression" name="test_public_taxonomy_still_ok" time="0.107" /></testsuite></testsuites>