<?xml version="1.0" encoding="utf-8"?><testsuites name="pytest tests"><testsuite name="pytest" errors="0" failures="0" skipped="0" tests="20" time="5.663" timestamp="2026-07-11T12:17:39.512174+00:00" hostname="agent-env-5fea00b5-37f3-49c5-9521-8e803208718f"><testcase classname="backend.tests.test_xos_iter108.TestXOSLayout" name="test_public_layout_no_auth" time="2.845" /><testcase classname="backend.tests.test_xos_iter108.TestXOSLayout" name="test_admin_surfaces_requires_auth" time="0.042" /><testcase classname="backend.tests.test_xos_iter108.TestXOSLayout" name="test_admin_surfaces_returns_registry" time="0.049" /><testcase classname="backend.tests.test_xos_iter108.TestXOSLayout" name="test_put_layout_reorder_and_disable_persists" time="0.139" /><testcase classname="backend.tests.test_xos_iter108.TestXOSLayout" name="test_reset_restores_default" time="0.087" /><testcase classname="backend.tests.test_xos_iter108.TestXOSLayout" name="test_unknown_surface_404" time="0.047" /><testcase classname="backend.tests.test_xos_iter108.TestUIRules" name="test_my_rules_empty_default_guest" time="0.142" /><testcase classname="backend.tests.test_xos_iter108.TestUIRules" name="test_admin_put_rules_persists" time="0.103" /><testcase classname="backend.tests.test_xos_iter108.TestUIRules" name="test_rule_hides_widget_for_client" time="0.477" /><testcase classname="backend.tests.test_xos_iter108.TestUIRules" name="test_show_if_action" time="0.174" /><testcase classname="backend.tests.test_xos_iter108.TestUIRules" name="test_gte_on_account_age_days" time="0.089" /><testcase classname="backend.tests.test_xos_iter108.TestUIRules" name="test_cleanup_rules_empty" time="0.087" /><testcase classname="backend.tests.test_xos_iter108.TestSiteContent" name="test_public_content_returns_default" time="0.046" /><testcase classname="backend.tests.test_xos_iter108.TestSiteContent" name="test_public_content_no_auth" time="0.043" /><testcase classname="backend.tests.test_xos_iter108.TestSiteContent" name="test_admin_content_requires_auth" time="0.042" /><testcase classname="backend.tests.test_xos_iter108.TestSiteContent" name="test_put_banner_active_persists" time="0.112" /><testcase classname="backend.tests.test_xos_iter108.TestSiteContent" name="test_restore_banner_inactive" time="0.132" /><testcase classname="backend.tests.test_xos_iter108.TestMenuTracking" name="test_track_click_ok" time="0.042" /><testcase classname="backend.tests.test_xos_iter108.TestMenuTracking" name="test_analytics_returns_totals" time="0.715" /><testcase classname="backend.tests.test_xos_iter108.TestMenuTracking" name="test_analytics_requires_admin" time="0.192" /></testsuite></testsuites>