<?xml version="1.0" encoding="utf-8"?><testsuites name="pytest tests"><testsuite name="pytest" errors="0" failures="0" skipped="0" tests="4" time="5.371" timestamp="2026-07-28T13:47:06.030919+00:00" hostname="agent-env-5fea00b5-37f3-49c5-9521-8e803208718f"><testcase classname="backend.tests.test_autonomy_iter153" name="test_repair_center_status_has_autonomy" time="3.126" /><testcase classname="backend.tests.test_autonomy_iter153" name="test_orchestrator_governance_has_autonomy_score" time="0.098" /><testcase classname="backend.tests.test_autonomy_iter153" name="test_ceo_briefing_has_ai_governance_autonomy" time="1.909" /><testcase classname="backend.tests.test_autonomy_iter153" name="test_repair_run_triggers_guardian_reaudit" time="0.210" /></testsuite></testsuites>