<?xml version="1.0" encoding="utf-8"?><testsuites name="pytest tests"><testsuite name="pytest" errors="0" failures="0" skipped="0" tests="20" time="35.100" timestamp="2026-06-25T11:44:07.307347+00:00" hostname="agent-env-5fea00b5-37f3-49c5-9521-8e803208718f"><testcase classname="backend.tests.test_marketing_campaigns.TestGenerateCampaign" name="test_generate_skip_images" time="33.311" /><testcase classname="backend.tests.test_marketing_campaigns.TestGenerateCampaign" name="test_generate_invalid_objective" time="0.055" /><testcase classname="backend.tests.test_marketing_campaigns.TestGenerateCampaign" name="test_generate_budget_validation" time="0.050" /><testcase classname="backend.tests.test_marketing_campaigns.TestListCampaigns" name="test_list_returns_no_base64" time="0.050" /><testcase classname="backend.tests.test_marketing_campaigns.TestListCampaigns" name="test_list_filter_by_status" time="0.051" /><testcase classname="backend.tests.test_marketing_campaigns.TestListCampaigns" name="test_detail_includes_images_field" time="0.053" /><testcase classname="backend.tests.test_marketing_campaigns.TestListCampaigns" name="test_detail_invalid_id" time="0.051" /><testcase classname="backend.tests.test_marketing_campaigns.TestListCampaigns" name="test_detail_not_found" time="0.052" /><testcase classname="backend.tests.test_marketing_campaigns.TestApproveReject" name="test_approve_persists" time="0.101" /><testcase classname="backend.tests.test_marketing_campaigns.TestApproveReject" name="test_reject_existing_draft" time="0.326" /><testcase classname="backend.tests.test_marketing_campaigns.TestApproveReject" name="test_approve_nonexistent" time="0.052" /><testcase classname="backend.tests.test_marketing_campaigns.TestApproveReject" name="test_approve_invalid_id" time="0.062" /><testcase classname="backend.tests.test_marketing_campaigns.TestAutoTrigger" name="test_scan_runs" time="0.054" /><testcase classname="backend.tests.test_marketing_campaigns.TestAutoTrigger" name="test_scan_idempotent" time="0.057" /><testcase classname="backend.tests.test_marketing_campaigns.TestAutoTrigger" name="test_recent_auto_triggers" time="0.052" /><testcase classname="backend.tests.test_marketing_campaigns.TestRBACCampaigns" name="test_generate_forbidden_client" time="0.410" /><testcase classname="backend.tests.test_marketing_campaigns.TestRBACCampaigns" name="test_list_forbidden_client" time="0.044" /><testcase classname="backend.tests.test_marketing_campaigns.TestRBACCampaigns" name="test_scan_forbidden_client" time="0.053" /><testcase classname="backend.tests.test_marketing_campaigns.TestRBACCampaigns" name="test_recent_forbidden_client" time="0.046" /><testcase classname="backend.tests.test_marketing_campaigns.TestRBACCampaigns" name="test_anonymous_403" time="0.098" /></testsuite></testsuites>