<?xml version="1.0" encoding="utf-8"?><testsuites name="pytest tests"><testsuite name="pytest" errors="0" failures="0" skipped="0" tests="10" time="7.836" timestamp="2026-07-10T19:56:29.753643+00:00" hostname="agent-env-5fea00b5-37f3-49c5-9521-8e803208718f"><testcase classname="tests.test_phase1_regression_iter89" name="test_login_all_roles[admin]" time="5.812" /><testcase classname="tests.test_phase1_regression_iter89" name="test_login_all_roles[client]" time="0.404" /><testcase classname="tests.test_phase1_regression_iter89" name="test_login_all_roles[specialist]" time="0.415" /><testcase classname="tests.test_phase1_regression_iter89" name="test_login_all_roles[operator]" time="0.419" /><testcase classname="tests.test_phase1_regression_iter89" name="test_taxonomy_public_79_visible" time="0.115" /><testcase classname="tests.test_phase1_regression_iter89" name="test_orchestrator_overview_7_playbooks" time="0.377" /><testcase classname="tests.test_phase1_regression_iter89" name="test_prices_public_over_100" time="0.153" /><testcase classname="tests.test_phase1_regression_iter89" name="test_td03_no_legacy_specialists" time="0.081" /><testcase classname="tests.test_phase1_regression_iter89" name="test_td03_migration_backup_exists" time="0.004" /><testcase classname="tests.test_phase1_regression_iter89" name="test_td07_indexes_created" time="0.026" /></testsuite></testsuites>