<?xml version="1.0" encoding="utf-8"?><testsuites name="pytest tests"><testsuite name="pytest" errors="0" failures="0" skipped="0" tests="8" time="6.713" timestamp="2026-07-27T21:17:55.110002+00:00" hostname="agent-env-5fea00b5-37f3-49c5-9521-8e803208718f"><testcase classname="backend.tests.test_ai_governance_iter148" name="test_governance_endpoint_shape" time="3.839" /><testcase classname="backend.tests.test_ai_governance_iter148" name="test_authority_invalid_level_400" time="0.204" /><testcase classname="backend.tests.test_ai_governance_iter148" name="test_authority_level2_recommend_flow" time="0.110" /><testcase classname="backend.tests.test_ai_governance_iter148" name="test_authority_level4_execute_flow" time="0.629" /><testcase classname="backend.tests.test_ai_governance_iter148" name="test_decisions_memory_populated" time="0.047" /><testcase classname="backend.tests.test_ai_governance_iter148" name="test_watchdog_tick" time="0.057" /><testcase classname="backend.tests.test_ai_governance_iter148" name="test_decision_review" time="0.055" /><testcase classname="backend.tests.test_ai_governance_iter148" name="test_ceo_briefing_has_ai_governance" time="1.726" /></testsuite></testsuites>