<?xml version="1.0" encoding="utf-8"?><testsuites name="pytest tests"><testsuite name="pytest" errors="0" failures="0" skipped="0" tests="14" time="5.243" timestamp="2026-07-27T00:02:05.486500+00:00" hostname="agent-env-5fea00b5-37f3-49c5-9521-8e803208718f"><testcase classname="backend.tests.test_enterprise_visibility_iter131.TestInspector" name="test_widget_ok[ceo.enterprise_status]" time="4.012" /><testcase classname="backend.tests.test_enterprise_visibility_iter131.TestInspector" name="test_widget_ok[ceo.one_thing]" time="0.051" /><testcase classname="backend.tests.test_enterprise_visibility_iter131.TestInspector" name="test_widget_ok[ceo.autonomous_execution]" time="0.048" /><testcase classname="backend.tests.test_enterprise_visibility_iter131.TestInspector" name="test_widget_ok[health.overall]" time="0.049" /><testcase classname="backend.tests.test_enterprise_visibility_iter131.TestInspector" name="test_widget_ok[ops.autonomous_followup]" time="0.055" /><testcase classname="backend.tests.test_enterprise_visibility_iter131.TestInspector" name="test_widget_ok[warroom.mission100]" time="0.047" /><testcase classname="backend.tests.test_enterprise_visibility_iter131.TestInspector" name="test_inexistent_widget_404" time="0.049" /><testcase classname="backend.tests.test_enterprise_visibility_iter131.TestInspector" name="test_admin_forbidden" time="0.413" /><testcase classname="backend.tests.test_enterprise_visibility_iter131.TestInspector" name="test_unauth_401" time="0.115" /><testcase classname="backend.tests.test_enterprise_visibility_iter131.TestArchitecture" name="test_architecture_ok" time="0.048" /><testcase classname="backend.tests.test_enterprise_visibility_iter131.TestArchitecture" name="test_admin_forbidden" time="0.047" /><testcase classname="backend.tests.test_enterprise_visibility_iter131.TestArchitecture" name="test_unauth" time="0.151" /><testcase classname="backend.tests.test_enterprise_visibility_iter131.TestRegression" name="test_registry_still_46_44" time="0.053" /><testcase classname="backend.tests.test_enterprise_visibility_iter131.TestRegression" name="test_operations_still_up" time="0.058" /></testsuite></testsuites>