<?xml version="1.0" encoding="utf-8"?><testsuites name="pytest tests"><testsuite name="pytest" errors="0" failures="0" skipped="0" tests="6" time="9.660" timestamp="2026-08-27T22:07:15.019778+00:00" hostname="agent-env-5fea00b5-37f3-49c5-9521-8e803208718f"><testcase classname="backend.tests.test_dt_p1_unified_iter202" name="test_unified_overview_shape_and_values" time="6.823" /><testcase classname="backend.tests.test_dt_p1_unified_iter202" name="test_authz_403_for_foreign_user" time="0.742" /><testcase classname="backend.tests.test_dt_p1_unified_iter202" name="test_authz_404_for_bogus_property_id" time="0.466" /><testcase classname="backend.tests.test_dt_p1_unified_iter202" name="test_projects_filter_by_property_id" time="0.510" /><testcase classname="backend.tests.test_dt_p1_unified_iter202" name="test_projects_list_no_filter_backward_compat" time="0.557" /><testcase classname="backend.tests.test_dt_p1_unified_iter202" name="test_regression_twin_and_spaces_endpoints" time="0.517" /></testsuite></testsuites>