<?xml version="1.0" encoding="utf-8"?><testsuites name="pytest tests"><testsuite name="pytest" errors="0" failures="0" skipped="0" tests="9" time="33.479" timestamp="2026-07-11T07:23:31.043058+00:00" hostname="agent-env-5fea00b5-37f3-49c5-9521-8e803208718f"><testcase classname="backend.tests.test_iter100_batch.TestLegalCompany" name="test_gdpr_documents_company" time="5.805" /><testcase classname="backend.tests.test_iter100_batch.TestAIInsightsModules" name="test_rule_ai_control" time="0.051" /><testcase classname="backend.tests.test_iter100_batch.TestAIInsightsModules" name="test_rule_governance" time="0.346" /><testcase classname="backend.tests.test_iter100_batch.TestAIInsightsModules" name="test_llm_ai_control_and_cache" time="12.373" /><testcase classname="backend.tests.test_iter100_batch.TestAIInsightsModules" name="test_llm_governance_and_cache" time="14.146" /><testcase classname="backend.tests.test_iter100_batch.TestAIInsightsModules" name="test_client_forbidden_from_admin_insights" time="0.388" /><testcase classname="backend.tests.test_iter100_batch.TestMarketPulse" name="test_pulse_hvac_public" time="0.142" /><testcase classname="backend.tests.test_iter100_batch.TestMarketPulse" name="test_pulse_invalid_slug_404" time="0.103" /><testcase classname="backend.tests.test_iter100_batch.TestPatternHunter" name="test_simulate_pattern_scan_has_new_detectors" time="0.060" /></testsuite></testsuites>