<?xml version="1.0" encoding="utf-8"?><testsuites name="pytest tests"><testsuite name="pytest" errors="0" failures="0" skipped="0" tests="26" time="44.728" timestamp="2026-07-11T09:58:54.485313+00:00" hostname="agent-env-5fea00b5-37f3-49c5-9521-8e803208718f"><testcase classname="tests.test_iter104_interconnect_yellow.TestInterconnect" name="test_feed_has_health_overall_and_red_warnings" time="6.101" /><testcase classname="tests.test_iter104_interconnect_yellow.TestInterconnect" name="test_business_health_colors_match_feed_red" time="0.130" /><testcase classname="tests.test_iter104_interconnect_yellow.TestRecommendationsToggle" name="test_recos_have_idx_link_done" time="24.709" /><testcase classname="tests.test_iter104_interconnect_yellow.TestRecommendationsToggle" name="test_toggle_flips_and_persists" time="0.140" /><testcase classname="tests.test_iter104_interconnect_yellow.TestRecommendationsToggle" name="test_toggle_invalid_idx_400" time="0.044" /><testcase classname="tests.test_iter104_interconnect_yellow.TestBusinessHealthHistory" name="test_snapshot_and_history" time="0.177" /><testcase classname="tests.test_iter104_interconnect_yellow.TestByCounty" name="test_by_county_structure" time="0.087" /><testcase classname="tests.test_iter104_interconnect_yellow.TestRequestCounty" name="test_client_can_create_request_with_county" time="0.566" /><testcase classname="tests.test_iter104_interconnect_yellow.TestFinancialInsights" name="test_generate_insights" time="10.870" /><testcase classname="tests.test_iter104_interconnect_yellow.TestFinancialInsights" name="test_latest_insights_cached" time="0.045" /><testcase classname="tests.test_iter104_interconnect_yellow.TestAutomation" name="test_rules_seeded" time="0.047" /><testcase classname="tests.test_iter104_interconnect_yellow.TestAutomation" name="test_patch_enabled_and_param_clamping" time="0.174" /><testcase classname="tests.test_iter104_interconnect_yellow.TestAutomation" name="test_patch_unknown_rule_404" time="0.045" /><testcase classname="tests.test_iter104_interconnect_yellow.TestAutomation" name="test_run_request_reminder" time="0.145" /><testcase classname="tests.test_iter104_interconnect_yellow.TestAutomation" name="test_run_fast_response_badge" time="0.108" /><testcase classname="tests.test_iter104_interconnect_yellow.TestAutomation" name="test_run_client_reactivation_idempotent" time="0.206" /><testcase classname="tests.test_iter104_interconnect_yellow.TestAutomation" name="test_executions_log" time="0.043" /><testcase classname="tests.test_iter104_interconnect_yellow.TestAutomation" name="test_rbac_client" time="0.045" /><testcase classname="tests.test_iter104_interconnect_yellow.TestCEO" name="test_super_admin_200" time="0.072" /><testcase classname="tests.test_iter104_interconnect_yellow.TestCEO" name="test_scoped_admin_403" time="0.413" /><testcase classname="tests.test_iter104_interconnect_yellow.TestCEO" name="test_client_403" time="0.083" /><testcase classname="tests.test_iter104_interconnect_yellow.TestNotificationCenter" name="test_structure" time="0.060" /><testcase classname="tests.test_iter104_interconnect_yellow.TestNotificationCenter" name="test_ack_marks_and_reduces_unacked" time="0.187" /><testcase classname="tests.test_iter104_interconnect_yellow.TestNotificationCenter" name="test_rbac_client" time="0.041" /><testcase classname="tests.test_iter104_interconnect_yellow.TestRegression" name="test_roadmap" time="0.059" /><testcase classname="tests.test_iter104_interconnect_yellow.TestRegression" name="test_design_intelligence" time="0.047" /></testsuite></testsuites>