<?xml version="1.0" encoding="utf-8"?><testsuites name="pytest tests"><testsuite name="pytest" errors="0" failures="0" skipped="0" tests="23" time="10.447" timestamp="2026-09-16T19:50:59.204311+00:00" hostname="agent-env-5fea00b5-37f3-49c5-9521-8e803208718f"><testcase classname="backend.tests.test_phase4_hartablocuri_iter226.TestAdminHartaClusters" name="test_requires_auth" time="6.369" /><testcase classname="backend.tests.test_phase4_hartablocuri_iter226.TestAdminHartaClusters" name="test_summary" time="0.485" /><testcase classname="backend.tests.test_phase4_hartablocuri_iter226.TestAdminHartaClusters" name="test_state_guarantee" time="0.132" /><testcase classname="backend.tests.test_phase4_hartablocuri_iter226.TestAdminHartaClusters" name="test_filter_state_index" time="0.089" /><testcase classname="backend.tests.test_phase4_hartablocuri_iter226.TestAdminHartaClusters" name="test_filter_state_prepared" time="0.078" /><testcase classname="backend.tests.test_phase4_hartablocuri_iter226.TestAdminHartaClusters" name="test_filter_county" time="0.138" /><testcase classname="backend.tests.test_phase4_hartablocuri_iter226.TestAdminHartaClusters" name="test_filter_dimension" time="0.072" /><testcase classname="backend.tests.test_phase4_hartablocuri_iter226.TestAdminClusterDetail" name="test_requires_auth" time="0.201" /><testcase classname="backend.tests.test_phase4_hartablocuri_iter226.TestAdminClusterDetail" name="test_detail_index" time="0.062" /><testcase classname="backend.tests.test_phase4_hartablocuri_iter226.TestAdminClusterDetail" name="test_detail_unknown" time="0.056" /><testcase classname="backend.tests.test_phase4_hartablocuri_iter226.TestPublicMap" name="test_maps_config" time="0.179" /><testcase classname="backend.tests.test_phase4_hartablocuri_iter226.TestPublicMap" name="test_map_markers" time="0.302" /><testcase classname="backend.tests.test_phase4_hartablocuri_iter226.TestPublicMap" name="test_map_filter_typology" time="0.302" /><testcase classname="backend.tests.test_phase4_hartablocuri_iter226.TestPublicClusters" name="test_only_index" time="0.221" /><testcase classname="backend.tests.test_phase4_hartablocuri_iter226.TestPublicClusters" name="test_public_cluster_index_ok" time="0.218" /><testcase classname="backend.tests.test_phase4_hartablocuri_iter226.TestPublicClusters" name="test_public_cluster_non_index_404" time="0.233" /><testcase classname="backend.tests.test_phase4_hartablocuri_iter226.TestPublicBuilding" name="test_building_enriched" time="0.127" /><testcase classname="backend.tests.test_phase4_hartablocuri_iter226.TestSitemap" name="test_sitemap_blocuri" time="0.197" /><testcase classname="backend.tests.test_phase4_hartablocuri_iter226.TestSitemap" name="test_sitemap_index_has_blocuri" time="0.134" /><testcase classname="backend.tests.test_phase4_hartablocuri_iter226.TestSitemap" name="test_marketplace_unchanged" time="0.266" /><testcase classname="backend.tests.test_phase4_hartablocuri_iter226.TestRegression" name="test_seo_overview" time="0.179" /><testcase classname="backend.tests.test_phase4_hartablocuri_iter226.TestRegression" name="test_sitemap_validate" time="0.217" /><testcase classname="backend.tests.test_phase4_hartablocuri_iter226.TestRegression" name="test_legacy_clusters" time="0.110" /></testsuite></testsuites>