<?xml version="1.0" encoding="utf-8"?><testsuites name="pytest tests"><testsuite name="pytest" errors="0" failures="0" skipped="0" tests="8" time="6.809" timestamp="2026-09-16T22:49:07.703289+00:00" hostname="agent-env-5fea00b5-37f3-49c5-9521-8e803208718f"><testcase classname="backend.tests.test_gis_confirm_iter228" name="test_gis_no_auth_returns_401" time="4.817" /><testcase classname="backend.tests.test_gis_confirm_iter228" name="test_gis_non_owner_returns_403" time="0.568" /><testcase classname="backend.tests.test_gis_confirm_iter228" name="test_gis_owner_returns_location" time="0.558" /><testcase classname="backend.tests.test_gis_confirm_iter228" name="test_public_blocuri_map_aggregated_no_exact_coords" time="0.265" /><testcase classname="backend.tests.test_gis_confirm_iter228" name="test_public_maps_config_fallback" time="0.162" /><testcase classname="backend.tests.test_gis_confirm_iter228" name="test_buildings_search_full_address" time="0.092" /><testcase classname="backend.tests.test_gis_confirm_iter228" name="test_sitemap_blocuri" time="0.165" /><testcase classname="backend.tests.test_gis_confirm_iter228" name="test_verified_estate_public_listings" time="0.127" /></testsuite></testsuites>