<?xml version="1.0" encoding="utf-8"?><testsuites name="pytest tests"><testsuite name="pytest" errors="0" failures="1" skipped="0" tests="15" time="5.742" timestamp="2026-07-27T11:31:11.053248+00:00" hostname="agent-env-5fea00b5-37f3-49c5-9521-8e803208718f"><testcase classname="backend.tests.test_capability_engine_iter137.TestCatalog" name="test_catalog_shape" time="3.707" /><testcase classname="backend.tests.test_capability_engine_iter137.TestCatalog" name="test_responsibility_matrix" time="0.131" /><testcase classname="backend.tests.test_capability_engine_iter137.TestPutValidation" name="test_unauth_401" time="0.110" /><testcase classname="backend.tests.test_capability_engine_iter137.TestPutValidation" name="test_client_forbidden_403" time="0.395" /><testcase classname="backend.tests.test_capability_engine_iter137.TestPutValidation" name="test_reserved_400" time="0.367" /><testcase classname="backend.tests.test_capability_engine_iter137.TestPutValidation" name="test_unknown_capability_400" time="0.049" /><testcase classname="backend.tests.test_capability_engine_iter137.TestPutValidation" name="test_invalid_level_400" time="0.046" /><testcase classname="backend.tests.test_capability_engine_iter137.TestSaveAndScore" name="test_save_and_score_90_progression_level_4" time="0.050" /><testcase classname="backend.tests.test_capability_engine_iter137.TestSaveAndScore" name="test_get_own_capabilities" time="0.049" /><testcase classname="backend.tests.test_capability_engine_iter137.TestSaveAndScore" name="test_public_capabilities_no_metrics" time="0.153" /><testcase classname="backend.tests.test_capability_engine_iter137.TestSaveAndScore" name="test_public_capabilities_404" time="0.240" /><testcase classname="backend.tests.test_capability_engine_iter137.TestFind" name="test_find_by_capability" time="0.103" /><testcase classname="backend.tests.test_capability_engine_iter137.TestFind" name="test_find_by_software" time="0.127" /><testcase classname="backend.tests.test_capability_engine_iter137.TestPortfolioExtended" name="test_add_extended_portfolio" time="0.088"><failure message="AssertionError: portfolio add failed: 422 {&quot;detail&quot;:[{&quot;type&quot;:&quot;missing&quot;,&quot;loc&quot;:[&quot;body&quot;,&quot;cover_image&quot;],&quot;msg&quot;:&quot;Field required&quot;,&quot;input&quot;:{&quot;title&quot;:&quot;TEST_iter137 Extended&quot;,&quot;description&quot;:&quot;Test project with extended fields&quot;,&quot;project_type&quot;:&quot;residential&quot;,&quot;services&quot;:[&quot;interior_design&quot;,&quot;lighting&quot;],&quot;role&quot;:&quot;LEAD&quot;,&quot;budget_range&quot;:&quot;10000-20000 EUR&quot;,&quot;tags&quot;:[&quot;modern&quot;,&quot;minimalist&quot;],&quot;before_image&quot;:&quot;https://example.com/before.jpg&quot;,&quot;after_image&quot;:&quot;https://example.com/after.jpg&quot;,&quot;video_url&quot;:&quot;https://youtube.com/watch?v=test&quot;,&quot;awards&quot;:[&quot;TEST Award 2025&quot;],&quot;client_review&quot;:&quot;Amazing work&quot;,&quot;is_public&quot;:true},&quot;url&quot;:&quot;https://errors.pydantic.dev/2.13/v/missing&quot;},{&quot;type&quot;:&quot;string_type&quot;,&quot;loc&quot;:[&quot;body&quot;,&quot;awards&quot;],&quot;msg&quot;:&quot;Input should be a valid string&quot;,&quot;input&quot;:[&quot;TEST Award 2025&quot;],&quot;url&quot;:&quot;https://errors.pydantic.dev/2.13/v/string_type&quot;}]}&#10;assert 422 in (200, 201)&#10; +  where 422 = &lt;Response [422]&gt;.status_code">backend/tests/test_capability_engine_iter137.py:190: in test_add_extended_portfolio
    assert r.status_code in (200, 201), f"portfolio add failed: {r.status_code} {r.text}"
E   AssertionError: portfolio add failed: 422 {"detail":[{"type":"missing","loc":["body","cover_image"],"msg":"Field required","input":{"title":"TEST_iter137 Extended","description":"Test project with extended fields","project_type":"residential","services":["interior_design","lighting"],"role":"LEAD","budget_range":"10000-20000 EUR","tags":["modern","minimalist"],"before_image":"https://example.com/before.jpg","after_image":"https://example.com/after.jpg","video_url":"https://youtube.com/watch?v=test","awards":["TEST Award 2025"],"client_review":"Amazing work","is_public":true},"url":"https://errors.pydantic.dev/2.13/v/missing"},{"type":"string_type","loc":["body","awards"],"msg":"Input should be a valid string","input":["TEST Award 2025"],"url":"https://errors.pydantic.dev/2.13/v/string_type"}]}
E   assert 422 in (200, 201)
E    +  where 422 = &lt;Response [422]&gt;.status_code</failure></testcase><testcase classname="backend.tests.test_capability_engine_iter137.TestRestore" name="test_restore_default_capabilities" time="0.053" /></testsuite></testsuites>