<?xml version="1.0" encoding="utf-8"?><testsuites name="pytest tests"><testsuite name="pytest" errors="0" failures="0" skipped="1" tests="21" time="6.071" timestamp="2026-07-28T22:03:14.065639+00:00" hostname="agent-env-5fea00b5-37f3-49c5-9521-8e803208718f"><testcase classname="backend.tests.test_pb002_prop_benefits_everywhere.TestClientPulse" name="test_pulse_shape_and_house_centric" time="3.353" /><testcase classname="backend.tests.test_pb002_prop_benefits_everywhere.TestCommunityDeals" name="test_list_12_seeded" time="0.061" /><testcase classname="backend.tests.test_pb002_prop_benefits_everywhere.TestCommunityDeals" name="test_support_idempotent_and_404" time="0.255" /><testcase classname="backend.tests.test_pb002_prop_benefits_everywhere.TestCommunityDeals" name="test_support_404_on_bad_id" time="0.060" /><testcase classname="backend.tests.test_pb002_prop_benefits_everywhere.TestSpecialistSummary" name="test_shape" time="0.499" /><testcase classname="backend.tests.test_pb002_prop_benefits_everywhere.TestMarketplaceAndBanners" name="test_marketplace_flags" time="0.069" /><testcase classname="backend.tests.test_pb002_prop_benefits_everywhere.TestMarketplaceAndBanners" name="test_context_banner_house_health" time="0.101" /><testcase classname="backend.tests.test_pb002_prop_benefits_everywhere.TestMarketplaceAndBanners" name="test_context_banner_digital_twin" time="0.066" /><testcase classname="backend.tests.test_pb002_prop_benefits_everywhere.TestMarketplaceAndBanners" name="test_context_banner_invalid" time="0.063" /><testcase classname="backend.tests.test_pb002_prop_benefits_everywhere.TestBuildingSummary" name="test_building_and_bad_id" time="0.381"><skipped type="pytest.skip" message="No buildings available">/app/backend/tests/test_pb002_prop_benefits_everywhere.py:204: No buildings available</skipped></testcase><testcase classname="backend.tests.test_pb002_prop_benefits_everywhere.TestBuildingSummary" name="test_building_404" time="0.065" /><testcase classname="backend.tests.test_pb002_prop_benefits_everywhere.TestAdminNorthStar" name="test_north_star" time="0.058" /><testcase classname="backend.tests.test_pb002_prop_benefits_everywhere.TestAdminCommunityDealsCRUD" name="test_list_admin" time="0.057" /><testcase classname="backend.tests.test_pb002_prop_benefits_everywhere.TestAdminCommunityDealsCRUD" name="test_create_and_patch" time="0.170" /><testcase classname="backend.tests.test_pb002_prop_benefits_everywhere.TestAdminCommunityDealsCRUD" name="test_zzz_cleanup" time="0.056" /><testcase classname="backend.tests.test_pb002_prop_benefits_everywhere.TestSecurity" name="test_401_unauth_endpoints" time="0.347" /><testcase classname="backend.tests.test_pb002_prop_benefits_everywhere.TestSecurity" name="test_403_client_on_admin_north_star" time="0.061" /><testcase classname="backend.tests.test_pb002_prop_benefits_everywhere.TestPB001Regression" name="test_opportunities" time="0.067" /><testcase classname="backend.tests.test_pb002_prop_benefits_everywhere.TestPB001Regression" name="test_wallet" time="0.065" /><testcase classname="backend.tests.test_pb002_prop_benefits_everywhere.TestPB001Regression" name="test_success_manager" time="0.077" /><testcase classname="backend.tests.test_pb002_prop_benefits_everywhere.TestPB001Regression" name="test_admin_overview" time="0.071" /></testsuite></testsuites>