<?xml version="1.0" encoding="utf-8"?><testsuites name="pytest tests"><testsuite name="pytest" errors="0" failures="0" skipped="3" tests="65" time="16.709" timestamp="2026-07-28T22:49:30.940065+00:00" hostname="agent-env-5fea00b5-37f3-49c5-9521-8e803208718f"><testcase classname="tests.test_pb003_trust_recommendations.TestRecommendations" name="test_invalid_request_id_404" time="6.595" /><testcase classname="tests.test_pb003_trust_recommendations.TestRecommendations" name="test_mine_shape" time="0.053" /><testcase classname="tests.test_pb003_trust_recommendations.TestRecommendations" name="test_duplicate_or_new_recommendation" time="0.151" /><testcase classname="tests.test_pb003_trust_recommendations.TestRecommendations" name="test_recommend_not_owner_403" time="0.637"><skipped type="pytest.skip" message="No foreign completed request available">/app/backend/tests/test_pb003_trust_recommendations.py:116: No foreign completed request available</skipped></testcase><testcase classname="tests.test_pb003_trust_recommendations.TestAmbassador" name="test_ambassador_shape" time="0.049" /><testcase classname="tests.test_pb003_trust_recommendations.TestDealSignals" name="test_invalid_signal_400" time="0.104" /><testcase classname="tests.test_pb003_trust_recommendations.TestDealSignals" name="test_bad_deal_404" time="0.067" /><testcase classname="tests.test_pb003_trust_recommendations.TestDealSignals" name="test_signal_interesat_ok" time="0.117" /><testcase classname="tests.test_pb003_trust_recommendations.TestDealSignals" name="test_signal_sustin_supporter" time="0.150" /><testcase classname="tests.test_pb003_trust_recommendations.TestDealSignals" name="test_why_shape" time="0.104" /><testcase classname="tests.test_pb003_trust_recommendations.TestTrust" name="test_trust_shape" time="0.112" /><testcase classname="tests.test_pb003_trust_recommendations.TestAdminCommunityGrowth" name="test_growth_shape" time="0.058" /><testcase classname="tests.test_pb003_trust_recommendations.TestAdminRunTick" name="test_run_tick" time="0.226" /><testcase classname="tests.test_pb003_trust_recommendations.TestMarketplaceTrust" name="test_specialists_trust" time="0.062" /><testcase classname="tests.test_pb003_trust_recommendations.TestSuccessManager" name="test_endpoint_alive" time="0.068" /><testcase classname="tests.test_pb003_trust_recommendations.TestSuccessManager" name="test_pb003_signals_reachable" time="0.069"><skipped type="pytest.xfail" message="PB-003 signals not surfaced in success-manager top-3 for client demo — impact ranking crowds them out" /></testcase><testcase classname="tests.test_pb003_trust_recommendations.TestSecurity" name="test_401_unauth" time="0.266" /><testcase classname="tests.test_pb003_trust_recommendations.TestSecurity" name="test_403_client_on_admin_growth" time="0.052" /><testcase classname="tests.test_pb003_trust_recommendations.TestRegression" name="test_pulse" time="0.078" /><testcase classname="tests.test_pb003_trust_recommendations.TestRegression" name="test_wallet" time="0.046" /><testcase classname="tests.test_pb001_prop_benefits.TestUserEndpoints" name="test_opportunities_structure" time="0.388" /><testcase classname="tests.test_pb001_prop_benefits.TestUserEndpoints" name="test_membership_endpoint" time="0.062" /><testcase classname="tests.test_pb001_prop_benefits.TestUserEndpoints" name="test_wallet_endpoint" time="0.049" /><testcase classname="tests.test_pb001_prop_benefits.TestUserEndpoints" name="test_success_manager" time="0.073" /><testcase classname="tests.test_pb001_prop_benefits.TestClaimUseFlow" name="test_claim_nonexistent" time="0.052" /><testcase classname="tests.test_pb001_prop_benefits.TestClaimUseFlow" name="test_claim_community_conflict" time="0.053" /><testcase classname="tests.test_pb001_prop_benefits.TestClaimUseFlow" name="test_claim_hh_check_and_wallet_increase" time="0.107" /><testcase classname="tests.test_pb001_prop_benefits.TestClaimUseFlow" name="test_duplicate_claim_conflict" time="0.057" /><testcase classname="tests.test_pb001_prop_benefits.TestClaimUseFlow" name="test_use_benefit_flow" time="0.184" /><testcase classname="tests.test_pb001_prop_benefits.TestAdminEndpoints" name="test_overview" time="0.402" /><testcase classname="tests.test_pb001_prop_benefits.TestAdminEndpoints" name="test_campaign_validation_empty_title" time="0.049" /><testcase classname="tests.test_pb001_prop_benefits.TestAdminEndpoints" name="test_campaign_validation_invalid_kind" time="0.051" /><testcase classname="tests.test_pb001_prop_benefits.TestAdminEndpoints" name="test_campaign_create_update_flow" time="0.291" /><testcase classname="tests.test_pb001_prop_benefits.TestAdminEndpoints" name="test_config_get_and_patch" time="0.165" /><testcase classname="tests.test_pb001_prop_benefits.TestAdminEndpoints" name="test_subscription_health_list" time="0.106" /><testcase classname="tests.test_pb001_prop_benefits.TestAdminEndpoints" name="test_ecosystem_health" time="0.059" /><testcase classname="tests.test_pb001_prop_benefits.TestAdminEndpoints" name="test_impact_scores" time="0.177" /><testcase classname="tests.test_pb001_prop_benefits.TestAdminEndpoints" name="test_run_tick" time="0.236" /><testcase classname="tests.test_pb001_prop_benefits.TestAdminEndpoints" name="test_growth_advisor_cached" time="0.062" /><testcase classname="tests.test_pb001_prop_benefits.TestSecurity" name="test_user_endpoints_401" time="0.329" /><testcase classname="tests.test_pb001_prop_benefits.TestSecurity" name="test_admin_endpoints_401" time="0.056" /><testcase classname="tests.test_pb001_prop_benefits.TestSecurity" name="test_admin_endpoints_forbidden_for_client" time="0.050" /><testcase classname="tests.test_pb001_prop_benefits.TestMentorIntegration" name="test_mentor_returns_pb_action" time="0.247" /><testcase classname="tests.test_pb001_prop_benefits.TestReferralGating" name="test_referral_pending_then_activated" time="1.375" /><testcase classname="tests.test_pb002_prop_benefits_everywhere.TestClientPulse" name="test_pulse_shape_and_house_centric" time="0.471" /><testcase classname="tests.test_pb002_prop_benefits_everywhere.TestCommunityDeals" name="test_list_12_seeded" time="0.059" /><testcase classname="tests.test_pb002_prop_benefits_everywhere.TestCommunityDeals" name="test_support_idempotent_and_404" time="0.207" /><testcase classname="tests.test_pb002_prop_benefits_everywhere.TestCommunityDeals" name="test_support_404_on_bad_id" time="0.049" /><testcase classname="tests.test_pb002_prop_benefits_everywhere.TestSpecialistSummary" name="test_shape" time="0.375" /><testcase classname="tests.test_pb002_prop_benefits_everywhere.TestMarketplaceAndBanners" name="test_marketplace_flags" time="0.062" /><testcase classname="tests.test_pb002_prop_benefits_everywhere.TestMarketplaceAndBanners" name="test_context_banner_house_health" time="0.059" /><testcase classname="tests.test_pb002_prop_benefits_everywhere.TestMarketplaceAndBanners" name="test_context_banner_digital_twin" time="0.059" /><testcase classname="tests.test_pb002_prop_benefits_everywhere.TestMarketplaceAndBanners" name="test_context_banner_invalid" time="0.052" /><testcase classname="tests.test_pb002_prop_benefits_everywhere.TestBuildingSummary" name="test_building_and_bad_id" time="0.393"><skipped type="pytest.skip" message="No buildings available">/app/backend/tests/test_pb002_prop_benefits_everywhere.py:204: No buildings available</skipped></testcase><testcase classname="tests.test_pb002_prop_benefits_everywhere.TestBuildingSummary" name="test_building_404" time="0.053" /><testcase classname="tests.test_pb002_prop_benefits_everywhere.TestAdminNorthStar" name="test_north_star" time="0.066" /><testcase classname="tests.test_pb002_prop_benefits_everywhere.TestAdminCommunityDealsCRUD" name="test_list_admin" time="0.060" /><testcase classname="tests.test_pb002_prop_benefits_everywhere.TestAdminCommunityDealsCRUD" name="test_create_and_patch" time="0.181" /><testcase classname="tests.test_pb002_prop_benefits_everywhere.TestAdminCommunityDealsCRUD" name="test_zzz_cleanup" time="0.057" /><testcase classname="tests.test_pb002_prop_benefits_everywhere.TestSecurity" name="test_401_unauth_endpoints" time="0.310" /><testcase classname="tests.test_pb002_prop_benefits_everywhere.TestSecurity" name="test_403_client_on_admin_north_star" time="0.055" /><testcase classname="tests.test_pb002_prop_benefits_everywhere.TestPB001Regression" name="test_opportunities" time="0.066" /><testcase classname="tests.test_pb002_prop_benefits_everywhere.TestPB001Regression" name="test_wallet" time="0.049" /><testcase classname="tests.test_pb002_prop_benefits_everywhere.TestPB001Regression" name="test_success_manager" time="0.074" /><testcase classname="tests.test_pb002_prop_benefits_everywhere.TestPB001Regression" name="test_admin_overview" time="0.067" /></testsuite></testsuites>