<?xml version="1.0" encoding="utf-8"?><testsuites name="pytest tests"><testsuite name="pytest" errors="0" failures="1" skipped="0" tests="24" time="11.380" timestamp="2026-07-28T21:31:26.041482+00:00" hostname="agent-env-5fea00b5-37f3-49c5-9521-8e803208718f"><testcase classname="backend.tests.test_pb001_prop_benefits.TestUserEndpoints" name="test_opportunities_structure" time="6.236" /><testcase classname="backend.tests.test_pb001_prop_benefits.TestUserEndpoints" name="test_membership_endpoint" time="0.074" /><testcase classname="backend.tests.test_pb001_prop_benefits.TestUserEndpoints" name="test_wallet_endpoint" time="0.068" /><testcase classname="backend.tests.test_pb001_prop_benefits.TestUserEndpoints" name="test_success_manager" time="0.418" /><testcase classname="backend.tests.test_pb001_prop_benefits.TestClaimUseFlow" name="test_claim_nonexistent" time="0.071" /><testcase classname="backend.tests.test_pb001_prop_benefits.TestClaimUseFlow" name="test_claim_community_conflict" time="0.063" /><testcase classname="backend.tests.test_pb001_prop_benefits.TestClaimUseFlow" name="test_claim_hh_check_and_wallet_increase" time="0.139" /><testcase classname="backend.tests.test_pb001_prop_benefits.TestClaimUseFlow" name="test_duplicate_claim_conflict" time="0.288" /><testcase classname="backend.tests.test_pb001_prop_benefits.TestClaimUseFlow" name="test_use_benefit_flow" time="0.971" /><testcase classname="backend.tests.test_pb001_prop_benefits.TestAdminEndpoints" name="test_overview" time="0.410" /><testcase classname="backend.tests.test_pb001_prop_benefits.TestAdminEndpoints" name="test_campaign_validation_empty_title" time="0.060" /><testcase classname="backend.tests.test_pb001_prop_benefits.TestAdminEndpoints" name="test_campaign_validation_invalid_kind" time="0.051" /><testcase classname="backend.tests.test_pb001_prop_benefits.TestAdminEndpoints" name="test_campaign_create_update_flow" time="0.289" /><testcase classname="backend.tests.test_pb001_prop_benefits.TestAdminEndpoints" name="test_config_get_and_patch" time="0.167" /><testcase classname="backend.tests.test_pb001_prop_benefits.TestAdminEndpoints" name="test_subscription_health_list" time="0.051" /><testcase classname="backend.tests.test_pb001_prop_benefits.TestAdminEndpoints" name="test_ecosystem_health" time="0.066" /><testcase classname="backend.tests.test_pb001_prop_benefits.TestAdminEndpoints" name="test_impact_scores" time="0.182" /><testcase classname="backend.tests.test_pb001_prop_benefits.TestAdminEndpoints" name="test_run_tick" time="0.077" /><testcase classname="backend.tests.test_pb001_prop_benefits.TestAdminEndpoints" name="test_growth_advisor_cached" time="0.053" /><testcase classname="backend.tests.test_pb001_prop_benefits.TestSecurity" name="test_user_endpoints_401" time="0.311" /><testcase classname="backend.tests.test_pb001_prop_benefits.TestSecurity" name="test_admin_endpoints_401" time="0.076" /><testcase classname="backend.tests.test_pb001_prop_benefits.TestSecurity" name="test_admin_endpoints_forbidden_for_client" time="0.072" /><testcase classname="backend.tests.test_pb001_prop_benefits.TestMentorIntegration" name="test_mentor_returns_pb_action" time="0.281" /><testcase classname="backend.tests.test_pb001_prop_benefits.TestReferralGating" name="test_referral_pending_then_activated" time="0.808"><failure message="AssertionError: referral not activated after tick+paid&#10;assert 0 &gt;= 1">backend/tests/test_pb001_prop_benefits.py:366: in test_referral_pending_then_activated
    assert activated_now &gt;= 1, "referral not activated after tick+paid"
E   AssertionError: referral not activated after tick+paid
E   assert 0 &gt;= 1</failure></testcase></testsuite></testsuites>