<?xml version="1.0" encoding="utf-8"?><testsuites name="pytest tests"><testsuite name="pytest" errors="0" failures="1" skipped="2" tests="19" time="5.881" timestamp="2026-07-28T22:48:34.497296+00:00" hostname="agent-env-5fea00b5-37f3-49c5-9521-8e803208718f"><testcase classname="tests.test_pb003_trust_recommendations.TestRecommendations" name="test_invalid_request_id_404" time="3.522" /><testcase classname="tests.test_pb003_trust_recommendations.TestRecommendations" name="test_mine_shape" time="0.054" /><testcase classname="tests.test_pb003_trust_recommendations.TestRecommendations" name="test_duplicate_or_new_recommendation" time="0.119"><skipped type="pytest.skip" message="Cannot fetch client requests: 404">/app/backend/tests/test_pb003_trust_recommendations.py:85: Cannot fetch client requests: 404</skipped></testcase><testcase classname="tests.test_pb003_trust_recommendations.TestRecommendations" name="test_recommend_not_owner_403" time="0.446"><skipped type="pytest.skip" message="admin cannot list requests: 404">/app/backend/tests/test_pb003_trust_recommendations.py:107: admin cannot list requests: 404</skipped></testcase><testcase classname="tests.test_pb003_trust_recommendations.TestAmbassador" name="test_ambassador_shape" time="0.050" /><testcase classname="tests.test_pb003_trust_recommendations.TestDealSignals" name="test_invalid_signal_400" time="0.109" /><testcase classname="tests.test_pb003_trust_recommendations.TestDealSignals" name="test_bad_deal_404" time="0.054" /><testcase classname="tests.test_pb003_trust_recommendations.TestDealSignals" name="test_signal_interesat_ok" time="0.108" /><testcase classname="tests.test_pb003_trust_recommendations.TestDealSignals" name="test_signal_sustin_supporter" time="0.157" /><testcase classname="tests.test_pb003_trust_recommendations.TestDealSignals" name="test_why_shape" time="0.108" /><testcase classname="tests.test_pb003_trust_recommendations.TestTrust" name="test_trust_shape" time="0.117" /><testcase classname="tests.test_pb003_trust_recommendations.TestAdminCommunityGrowth" name="test_growth_shape" time="0.066" /><testcase classname="tests.test_pb003_trust_recommendations.TestAdminRunTick" name="test_run_tick" time="0.247" /><testcase classname="tests.test_pb003_trust_recommendations.TestMarketplaceTrust" name="test_specialists_trust" time="0.076" /><testcase classname="tests.test_pb003_trust_recommendations.TestSuccessManager" name="test_candidates_include_pb003" time="0.068"><failure message="AssertionError: success-manager did not include any PB-003 signals: {'health': {'score': 70, 'status': 'healthy'}, 'next_action': {'id': 'use_benefit', 'title': 'Casa ta are un beneficiu câștigat care așteaptă: „Beneficiu Comunitate: o lună House Health cadou la reînnoire”', 'value': 'L-ai câștigat prin comunitate — folosește-l înainte să expire, casa ta merită.', 'cta_path': '/client?tab=benefits', 'impact': 9}, 'secondary': [{'id': 'docs_for_benefit', 'title': 'Casa ta este documentată în proporție de 0%', 'value': 'Cu încă 3 documente, istoricul tehnic devine mult mai complet — și vei avea acces la beneficii suplimentare atunci când sunt disponibile.', 'cta_path': '/client?tab=property', 'impact': 8}, {'id': 'house_health', 'title': 'Casa ta nu are încă un scor de sănătate', 'value': 'House Health îți arată exact ce merită îngrijit — iar verificările din campaniile active cresc scorul și îți aduc puncte de progres.', 'cta_path': '/house-health', 'impact': 7}], 'membership': {'key': 'verified', 'name': 'Verified', 'rank': 4, 'perks': ['Acces la campaniile exclusive Digital Twin']}, 'generated_at': '2026-07-28T22:48:39.845372+00:00'}&#10;assert False">tests/test_pb003_trust_recommendations.py:311: in test_candidates_include_pb003
    assert found, f"success-manager did not include any PB-003 signals: {d}"
E   AssertionError: success-manager did not include any PB-003 signals: {'health': {'score': 70, 'status': 'healthy'}, 'next_action': {'id': 'use_benefit', 'title': 'Casa ta are un beneficiu câștigat care așteaptă: „Beneficiu Comunitate: o lună House Health cadou la reînnoire”', 'value': 'L-ai câștigat prin comunitate — folosește-l înainte să expire, casa ta merită.', 'cta_path': '/client?tab=benefits', 'impact': 9}, 'secondary': [{'id': 'docs_for_benefit', 'title': 'Casa ta este documentată în proporție de 0%', 'value': 'Cu încă 3 documente, istoricul tehnic devine mult mai complet — și vei avea acces la beneficii suplimentare atunci când sunt disponibile.', 'cta_path': '/client?tab=property', 'impact': 8}, {'id': 'house_health', 'title': 'Casa ta nu are încă un scor de sănătate', 'value': 'House Health îți arată exact ce merită îngrijit — iar verificările din campaniile active cresc scorul și îți aduc puncte de progres.', 'cta_path': '/house-health', 'impact': 7}], 'membership': {'key': 'verified', 'name': 'Verified', 'rank': 4, 'perks': ['Acces la campaniile exclusive Digital Twin']}, 'generated_at': '2026-07-28T22:48:39.845372+00:00'}
E   assert False</failure></testcase><testcase classname="tests.test_pb003_trust_recommendations.TestSecurity" name="test_401_unauth" time="0.301" /><testcase classname="tests.test_pb003_trust_recommendations.TestSecurity" name="test_403_client_on_admin_growth" time="0.052" /><testcase classname="tests.test_pb003_trust_recommendations.TestRegression" name="test_pulse" time="0.086" /><testcase classname="tests.test_pb003_trust_recommendations.TestRegression" name="test_wallet" time="0.049" /></testsuite></testsuites>