<?xml version="1.0" encoding="utf-8"?><testsuites name="pytest tests"><testsuite name="pytest" errors="0" failures="0" skipped="1" tests="50" time="10.535" timestamp="2026-09-16T19:04:59.354496+00:00" hostname="agent-env-5fea00b5-37f3-49c5-9521-8e803208718f"><testcase classname="tests.test_hartablocuri_phase2_iter226" name="test_public_building_returns_truth_layer" time="4.236" /><testcase classname="tests.test_hartablocuri_phase2_iter226" name="test_admin_building_detail_requires_auth" time="0.149" /><testcase classname="tests.test_hartablocuri_phase2_iter226" name="test_admin_building_detail_truth_layer" time="0.530" /><testcase classname="tests.test_hartablocuri_phase2_iter226" name="test_admin_stats_integrity" time="0.176" /><testcase classname="tests.test_hartablocuri_phase2_iter226" name="test_property_building_context_includes_truth_layer" time="0.595" /><testcase classname="tests.test_hartablocuri_phase2_iter226" name="test_property_technical_record_truth_layer" time="4.766"><skipped type="pytest.skip" message="no property technical-record with hartablocuri truth_layer">/app/backend/tests/test_hartablocuri_phase2_iter226.py:131: no property technical-record with hartablocuri truth_layer</skipped></testcase><testcase classname="tests.test_hartablocuri_typology_iter225" name="test_pf_cf1_high" time="0.000" /><testcase classname="tests.test_hartablocuri_typology_iter225" name="test_pf_cf1d_variant_high" time="0.000" /><testcase classname="tests.test_hartablocuri_typology_iter225" name="test_pf_cf1sd_high" time="0.000" /><testcase classname="tests.test_hartablocuri_typology_iter225" name="test_pf_cf3sd_high" time="0.000" /><testcase classname="tests.test_hartablocuri_typology_iter225" name="test_pf_uncertain_marker_medium" time="0.000" /><testcase classname="tests.test_hartablocuri_typology_iter225" name="test_pf_no_code_unknown" time="0.000" /><testcase classname="tests.test_hartablocuri_typology_iter225" name="test_pf_de_adaugat_unknown" time="0.000" /><testcase classname="tests.test_hartablocuri_typology_iter225" name="test_pf_missing_not_available" time="0.000" /><testcase classname="tests.test_hartablocuri_typology_iter225" name="test_pf_multiple_families_ambiguous_low" time="0.000" /><testcase classname="tests.test_hartablocuri_typology_iter225" name="test_pf_raw_preserved" time="0.000" /><testcase classname="tests.test_hartablocuri_typology_iter225" name="test_c1_match_high" time="0.000" /><testcase classname="tests.test_hartablocuri_typology_iter225" name="test_c1_variant_medium" time="0.000" /><testcase classname="tests.test_hartablocuri_typology_iter225" name="test_c1_no_match_wrong_regime" time="0.000" /><testcase classname="tests.test_hartablocuri_typology_iter225" name="test_c1_no_match_not_panel" time="0.000" /><testcase classname="tests.test_hartablocuri_typology_iter225" name="test_c1_no_match_not_comunist" time="0.000" /><testcase classname="tests.test_hartablocuri_typology_iter225" name="test_c4_match_high" time="0.000" /><testcase classname="tests.test_hartablocuri_typology_iter225" name="test_c4_no_match_low_rise" time="0.000" /><testcase classname="tests.test_hartablocuri_typology_iter225" name="test_c4_no_match_not_turn" time="0.000" /><testcase classname="tests.test_hartablocuri_typology_iter225" name="test_profiles_disclaimer_present" time="0.000" /><testcase classname="tests.test_hartablocuri_typology_iter225" name="test_no_profiles_when_no_criteria" time="0.000" /><testcase classname="tests.test_hartablocuri_typology_iter225" name="test_truth_layer_includes_new_fields" time="0.000" /><testcase classname="tests.test_hartablocuri_truth_layer_iter224" name="test_era_valid_high" time="0.000" /><testcase classname="tests.test_hartablocuri_truth_layer_iter224" name="test_era_missing_not_available" time="0.001" /><testcase classname="tests.test_hartablocuri_truth_layer_iter224" name="test_era_unknown_marker" time="0.000" /><testcase classname="tests.test_hartablocuri_truth_layer_iter224" name="test_era_not_derived_from_year" time="0.000" /><testcase classname="tests.test_hartablocuri_truth_layer_iter224" name="test_form_bara_with_code_high" time="0.000" /><testcase classname="tests.test_hartablocuri_truth_layer_iter224" name="test_form_turn_high" time="0.000" /><testcase classname="tests.test_hartablocuri_truth_layer_iter224" name="test_form_drept_high" time="0.000" /><testcase classname="tests.test_hartablocuri_truth_layer_iter224" name="test_form_cruce_drept_ambiguous_mixt_low" time="0.000" /><testcase classname="tests.test_hartablocuri_truth_layer_iter224" name="test_form_code_only_unknown" time="0.000" /><testcase classname="tests.test_hartablocuri_truth_layer_iter224" name="test_form_bloc_unicat_unknown" time="0.000" /><testcase classname="tests.test_hartablocuri_truth_layer_iter224" name="test_form_de_adaugat_unknown" time="0.000" /><testcase classname="tests.test_hartablocuri_truth_layer_iter224" name="test_form_missing_not_available" time="0.000" /><testcase classname="tests.test_hartablocuri_truth_layer_iter224" name="test_regime_p_plus_4" time="0.000" /><testcase classname="tests.test_hartablocuri_truth_layer_iter224" name="test_regime_p_plus_10" time="0.000" /><testcase classname="tests.test_hartablocuri_truth_layer_iter224" name="test_regime_parter_plus_etaje" time="0.000" /><testcase classname="tests.test_hartablocuri_truth_layer_iter224" name="test_regime_subsol_ambiguous_unknown" time="0.000" /><testcase classname="tests.test_hartablocuri_truth_layer_iter224" name="test_regime_demisol_ambiguous_unknown" time="0.000" /><testcase classname="tests.test_hartablocuri_truth_layer_iter224" name="test_regime_missing_not_available" time="0.000" /><testcase classname="tests.test_hartablocuri_truth_layer_iter224" name="test_regime_no_overwrite_fields" time="0.000" /><testcase classname="tests.test_hartablocuri_truth_layer_iter224" name="test_neighborhood_source_fact" time="0.000" /><testcase classname="tests.test_hartablocuri_truth_layer_iter224" name="test_neighborhood_missing_not_available" time="0.000" /><testcase classname="tests.test_hartablocuri_truth_layer_iter224" name="test_provenance_preserved" time="0.000" /><testcase classname="tests.test_hartablocuri_truth_layer_iter224" name="test_no_hb_returns_none" time="0.001" /></testsuite></testsuites>