<?xml version="1.0" encoding="utf-8"?><testsuites name="pytest tests"><testsuite name="pytest" errors="0" failures="1" skipped="0" tests="12" time="8.014" timestamp="2026-09-16T20:13:15.718717+00:00" hostname="agent-env-5fea00b5-37f3-49c5-9521-8e803208718f"><testcase classname="backend.tests.test_phase5_gis_iter227.TestPublicBoundary" name="test_public_map_aggregated_no_exact_coords" time="5.447" /><testcase classname="backend.tests.test_phase5_gis_iter227.TestPublicBoundary" name="test_public_building_detail_no_exact_coords" time="0.201"><failure message="AssertionError: assert 'truth_layer' in {'building': {'address': 'Strada Constantin Brâncuși nr. 190, Cluj-Napoca, Cluj', 'city': 'Cluj-Napoca', 'construction_year': 1970, 'county': 'Cluj', ...}}">backend/tests/test_phase5_gis_iter227.py:83: in test_public_building_detail_no_exact_coords
    assert "truth_layer" in body
E   AssertionError: assert 'truth_layer' in {'building': {'address': 'Strada Constantin Brâncuși nr. 190, Cluj-Napoca, Cluj', 'city': 'Cluj-Napoca', 'construction_year': 1970, 'county': 'Cluj', ...}}</failure></testcase><testcase classname="backend.tests.test_phase5_gis_iter227.TestPublicBoundary" name="test_maps_config_fallback" time="0.225" /><testcase classname="backend.tests.test_phase5_gis_iter227.TestPrivateGIS" name="test_gis_401_no_auth" time="0.203" /><testcase classname="backend.tests.test_phase5_gis_iter227.TestPrivateGIS" name="test_gis_authorized_owner" time="0.416" /><testcase classname="backend.tests.test_phase5_gis_iter227.TestPrivateGIS" name="test_gis_403_foreign" time="0.066" /><testcase classname="backend.tests.test_phase5_gis_iter227.TestPrivateGIS" name="test_building_context_403_foreign" time="0.063" /><testcase classname="backend.tests.test_phase5_gis_iter227.TestRobotsSitemap" name="test_robots_disallow_private" time="0.195" /><testcase classname="backend.tests.test_phase5_gis_iter227.TestRobotsSitemap" name="test_sitemap_blocuri_66_and_no_property" time="0.134" /><testcase classname="backend.tests.test_phase5_gis_iter227.TestSEORegression" name="test_admin_seo_hartablocuri_clusters" time="0.617" /><testcase classname="backend.tests.test_phase5_gis_iter227.TestSEORegression" name="test_public_blocuri_clusters" time="0.167" /><testcase classname="backend.tests.test_phase5_gis_iter227.TestSEORegression" name="test_admin_seo_overview_child_count" time="0.198" /></testsuite></testsuites>